# /home/jwozniak/MARL/.venv/bin/python3 -m smax.run --exploration independent --similarity obs --mixer qmix --seed 2 --total-steps 2000000 --out results_smax/smax_2s3z_qmix_independent_na_s2.npz
2026-06-20 21:45:01.373916: W external/xla/xla/service/gpu/nvptx_compiler.cc:930] The NVIDIA driver's CUDA version is 12.7 which is older than the PTX compiler version 12.9.86. Because the driver is older than the PTX compiler version, XLA is disabling parallel compilation, which may slow down compilation. You should update your NVIDIA driver or use the NVIDIA-provided CUDA forward compatibility packages.
[run] cfg={'seed': 2, 'total_steps': 2000000, 'n_envs': 128, 'buffer_cap': 100000, 'batch_size': 128, 'warmup': 5000, 'updates_per_iter': 8, 'target_sync': 200, 'tau': 0.005, 'gamma': 0.99, 'lr': 0.0001, 'grad_clip': 10.0, 'eps_start': 1.0, 'eps_end': 0.05, 'eps_anneal_steps': 100000, 'hidden_size': 128, 'exploration': 'independent', 'similarity': 'obs', 'mixer': 'qmix', 'qmix_embed': 32, 'log_corr_every': 2000}
[cfg] n_agents=5  n_actions=10  obs_dim=127  state_dim=120  aug_dim=134
iter=     0  env_steps=        0  eps=1.000  episodes=     0  recent_return=0.00  win=0.00  buf=128
iter=   200  env_steps=    25600  eps=0.757  episodes=   421  recent_return=0.23  win=0.00  buf=25728
iter=   400  env_steps=    51200  eps=0.514  episodes=   847  recent_return=0.24  win=0.00  buf=51328
iter=   600  env_steps=    76800  eps=0.270  episodes=  1285  recent_return=0.18  win=0.00  buf=76928
iter=   800  env_steps=   102400  eps=0.050  episodes=  1688  recent_return=0.11  win=0.00  buf=100000
iter=  1000  env_steps=   128000  eps=0.050  episodes=  2115  recent_return=0.07  win=0.00  buf=100000
iter=  1200  env_steps=   153600  eps=0.050  episodes=  2533  recent_return=0.12  win=0.00  buf=100000
iter=  1400  env_steps=   179200  eps=0.050  episodes=  2907  recent_return=0.13  win=0.00  buf=100000
iter=  1600  env_steps=   204800  eps=0.050  episodes=  3250  recent_return=0.13  win=0.00  buf=100000
iter=  1800  env_steps=   230400  eps=0.050  episodes=  3659  recent_return=0.09  win=0.00  buf=100000
iter=  2000  env_steps=   256000  eps=0.050  episodes=  4061  recent_return=0.05  win=0.00  buf=100000
iter=  2200  env_steps=   281600  eps=0.050  episodes=  4416  recent_return=0.06  win=0.00  buf=100000
iter=  2400  env_steps=   307200  eps=0.050  episodes=  4688  recent_return=0.09  win=0.00  buf=100000
iter=  2600  env_steps=   332800  eps=0.050  episodes=  4969  recent_return=0.09  win=0.00  buf=100000
iter=  2800  env_steps=   358400  eps=0.050  episodes=  5240  recent_return=0.09  win=0.00  buf=100000
iter=  3000  env_steps=   384000  eps=0.050  episodes=  5506  recent_return=0.07  win=0.00  buf=100000
iter=  3200  env_steps=   409600  eps=0.050  episodes=  5765  recent_return=0.08  win=0.00  buf=100000
iter=  3400  env_steps=   435200  eps=0.050  episodes=  6021  recent_return=0.09  win=0.00  buf=100000
iter=  3600  env_steps=   460800  eps=0.050  episodes=  6277  recent_return=0.11  win=0.00  buf=100000
iter=  3800  env_steps=   486400  eps=0.050  episodes=  6539  recent_return=0.11  win=0.00  buf=100000
iter=  4000  env_steps=   512000  eps=0.050  episodes=  6807  recent_return=0.17  win=0.00  buf=100000
iter=  4200  env_steps=   537600  eps=0.050  episodes=  7122  recent_return=0.15  win=0.00  buf=100000
iter=  4400  env_steps=   563200  eps=0.050  episodes=  7446  recent_return=0.25  win=0.00  buf=100000
iter=  4600  env_steps=   588800  eps=0.050  episodes=  7819  recent_return=0.36  win=0.00  buf=100000
iter=  4800  env_steps=   614400  eps=0.050  episodes=  8187  recent_return=0.28  win=0.00  buf=100000
iter=  5000  env_steps=   640000  eps=0.050  episodes=  8496  recent_return=0.23  win=0.00  buf=100000
iter=  5200  env_steps=   665600  eps=0.050  episodes=  8761  recent_return=0.17  win=0.00  buf=100000
iter=  5400  env_steps=   691200  eps=0.050  episodes=  9036  recent_return=0.10  win=0.00  buf=100000
iter=  5600  env_steps=   716800  eps=0.050  episodes=  9315  recent_return=0.10  win=0.00  buf=100000
iter=  5800  env_steps=   742400  eps=0.050  episodes=  9582  recent_return=0.11  win=0.00  buf=100000
iter=  6000  env_steps=   768000  eps=0.050  episodes=  9848  recent_return=0.09  win=0.00  buf=100000
iter=  6200  env_steps=   793600  eps=0.050  episodes= 10122  recent_return=0.10  win=0.00  buf=100000
iter=  6400  env_steps=   819200  eps=0.050  episodes= 10424  recent_return=0.10  win=0.00  buf=100000
iter=  6600  env_steps=   844800  eps=0.050  episodes= 10713  recent_return=0.12  win=0.00  buf=100000
iter=  6800  env_steps=   870400  eps=0.050  episodes= 11000  recent_return=0.14  win=0.00  buf=100000
iter=  7000  env_steps=   896000  eps=0.050  episodes= 11288  recent_return=0.13  win=0.00  buf=100000
iter=  7200  env_steps=   921600  eps=0.050  episodes= 11577  recent_return=0.14  win=0.00  buf=100000
iter=  7400  env_steps=   947200  eps=0.050  episodes= 11861  recent_return=0.16  win=0.00  buf=100000
iter=  7600  env_steps=   972800  eps=0.050  episodes= 12146  recent_return=0.19  win=0.00  buf=100000
iter=  7800  env_steps=   998400  eps=0.050  episodes= 12439  recent_return=0.23  win=0.00  buf=100000
iter=  8000  env_steps=  1024000  eps=0.050  episodes= 12725  recent_return=0.22  win=0.00  buf=100000
iter=  8200  env_steps=  1049600  eps=0.050  episodes= 13046  recent_return=0.27  win=0.00  buf=100000
iter=  8400  env_steps=  1075200  eps=0.050  episodes= 13355  recent_return=0.28  win=0.00  buf=100000
iter=  8600  env_steps=  1100800  eps=0.050  episodes= 13638  recent_return=0.30  win=0.00  buf=100000
iter=  8800  env_steps=  1126400  eps=0.050  episodes= 13935  recent_return=0.34  win=0.00  buf=100000
iter=  9000  env_steps=  1152000  eps=0.050  episodes= 14234  recent_return=0.43  win=0.00  buf=100000
iter=  9200  env_steps=  1177600  eps=0.050  episodes= 14541  recent_return=0.48  win=0.00  buf=100000
iter=  9400  env_steps=  1203200  eps=0.050  episodes= 14861  recent_return=0.52  win=0.00  buf=100000
iter=  9600  env_steps=  1228800  eps=0.050  episodes= 15153  recent_return=0.58  win=0.00  buf=100000
iter=  9800  env_steps=  1254400  eps=0.050  episodes= 15454  recent_return=0.63  win=0.00  buf=100000
iter= 10000  env_steps=  1280000  eps=0.050  episodes= 15762  recent_return=0.70  win=0.00  buf=100000
iter= 10200  env_steps=  1305600  eps=0.050  episodes= 16072  recent_return=0.69  win=0.00  buf=100000
iter= 10400  env_steps=  1331200  eps=0.050  episodes= 16373  recent_return=0.68  win=0.00  buf=100000
iter= 10600  env_steps=  1356800  eps=0.050  episodes= 16676  recent_return=0.72  win=0.00  buf=100000
iter= 10800  env_steps=  1382400  eps=0.050  episodes= 16969  recent_return=0.75  win=0.00  buf=100000
iter= 11000  env_steps=  1408000  eps=0.050  episodes= 17276  recent_return=0.77  win=0.01  buf=100000
iter= 11200  env_steps=  1433600  eps=0.050  episodes= 17568  recent_return=0.76  win=0.02  buf=100000
iter= 11400  env_steps=  1459200  eps=0.050  episodes= 17883  recent_return=0.82  win=0.04  buf=100000
iter= 11600  env_steps=  1484800  eps=0.050  episodes= 18178  recent_return=0.93  win=0.10  buf=100000
iter= 11800  env_steps=  1510400  eps=0.050  episodes= 18484  recent_return=0.97  win=0.13  buf=100000
iter= 12000  env_steps=  1536000  eps=0.050  episodes= 18786  recent_return=0.95  win=0.11  buf=100000
iter= 12200  env_steps=  1561600  eps=0.050  episodes= 19089  recent_return=1.08  win=0.21  buf=100000
iter= 12400  env_steps=  1587200  eps=0.050  episodes= 19405  recent_return=1.06  win=0.21  buf=100000
iter= 12600  env_steps=  1612800  eps=0.050  episodes= 19720  recent_return=1.03  win=0.20  buf=100000
iter= 12800  env_steps=  1638400  eps=0.050  episodes= 20063  recent_return=1.06  win=0.23  buf=100000
iter= 13000  env_steps=  1664000  eps=0.050  episodes= 20397  recent_return=1.25  win=0.36  buf=100000
iter= 13200  env_steps=  1689600  eps=0.050  episodes= 20718  recent_return=1.03  win=0.20  buf=100000
iter= 13400  env_steps=  1715200  eps=0.050  episodes= 21058  recent_return=1.16  win=0.30  buf=100000
iter= 13600  env_steps=  1740800  eps=0.050  episodes= 21391  recent_return=1.19  win=0.32  buf=100000
iter= 13800  env_steps=  1766400  eps=0.050  episodes= 21729  recent_return=1.17  win=0.32  buf=100000
iter= 14000  env_steps=  1792000  eps=0.050  episodes= 22057  recent_return=1.18  win=0.32  buf=100000
iter= 14200  env_steps=  1817600  eps=0.050  episodes= 22374  recent_return=1.27  win=0.39  buf=100000
iter= 14400  env_steps=  1843200  eps=0.050  episodes= 22687  recent_return=1.34  win=0.44  buf=100000
iter= 14600  env_steps=  1868800  eps=0.050  episodes= 23011  recent_return=1.41  win=0.50  buf=100000
iter= 14800  env_steps=  1894400  eps=0.050  episodes= 23323  recent_return=1.43  win=0.54  buf=100000
iter= 15000  env_steps=  1920000  eps=0.050  episodes= 23645  recent_return=1.34  win=0.46  buf=100000
iter= 15200  env_steps=  1945600  eps=0.050  episodes= 23956  recent_return=1.38  win=0.49  buf=100000
iter= 15400  env_steps=  1971200  eps=0.050  episodes= 24266  recent_return=1.46  win=0.55  buf=100000
iter= 15600  env_steps=  1996800  eps=0.050  episodes= 24593  recent_return=1.46  win=0.55  buf=100000
[run] 2000000 env-steps in 741s => 2698 env-steps/sec
[run] saved -> results_smax/smax_2s3z_qmix_independent_na_s2.npz
