# /home/jwozniak/MARL/.venv/bin/python3 -m smax.run --exploration independent --similarity obs --mixer qmix --seed 0 --total-steps 2000000 --out results_smax/smax_2s3z_qmix_independent_na_s0.npz
2026-06-10 19:55:52.773394: W external/xla/xla/service/gpu/nvptx_compiler.cc:930] The NVIDIA driver's CUDA version is 12.7 which is older than the PTX compiler version 12.9.86. Because the driver is older than the PTX compiler version, XLA is disabling parallel compilation, which may slow down compilation. You should update your NVIDIA driver or use the NVIDIA-provided CUDA forward compatibility packages.
[run] cfg={'seed': 0, 'total_steps': 2000000, 'n_envs': 128, 'buffer_cap': 100000, 'batch_size': 128, 'warmup': 5000, 'updates_per_iter': 1, 'target_sync': 200, 'gamma': 0.99, 'lr': 0.0003, 'grad_clip': 10.0, 'eps_start': 1.0, 'eps_end': 0.05, 'eps_anneal_steps': 100000, 'hidden_size': 128, 'exploration': 'independent', 'similarity': 'obs', 'mixer': 'qmix', 'qmix_embed': 32, 'log_corr_every': 2000}
[cfg] n_agents=5  n_actions=10  obs_dim=127  state_dim=120  aug_dim=134
iter=     0  env_steps=        0  eps=1.000  episodes=     0  recent_return=0.00  win=0.00  buf=128
iter=   200  env_steps=    25600  eps=0.757  episodes=   413  recent_return=0.24  win=0.00  buf=25728
iter=   400  env_steps=    51200  eps=0.514  episodes=   840  recent_return=0.34  win=0.03  buf=51328
iter=   600  env_steps=    76800  eps=0.270  episodes=  1317  recent_return=0.25  win=0.00  buf=76928
iter=   800  env_steps=   102400  eps=0.050  episodes=  1853  recent_return=0.09  win=0.00  buf=100000
iter=  1000  env_steps=   128000  eps=0.050  episodes=  2421  recent_return=0.05  win=0.00  buf=100000
iter=  1200  env_steps=   153600  eps=0.050  episodes=  2962  recent_return=0.03  win=0.00  buf=100000
iter=  1400  env_steps=   179200  eps=0.050  episodes=  3499  recent_return=0.04  win=0.00  buf=100000
iter=  1600  env_steps=   204800  eps=0.050  episodes=  3978  recent_return=0.04  win=0.00  buf=100000
iter=  1800  env_steps=   230400  eps=0.050  episodes=  4512  recent_return=0.03  win=0.00  buf=100000
iter=  2000  env_steps=   256000  eps=0.050  episodes=  5029  recent_return=0.03  win=0.00  buf=100000
iter=  2200  env_steps=   281600  eps=0.050  episodes=  5547  recent_return=0.04  win=0.00  buf=100000
iter=  2400  env_steps=   307200  eps=0.050  episodes=  6052  recent_return=0.04  win=0.00  buf=100000
iter=  2600  env_steps=   332800  eps=0.050  episodes=  6607  recent_return=0.04  win=0.00  buf=100000
iter=  2800  env_steps=   358400  eps=0.050  episodes=  7115  recent_return=0.03  win=0.00  buf=100000
iter=  3000  env_steps=   384000  eps=0.050  episodes=  7599  recent_return=0.05  win=0.00  buf=100000
iter=  3200  env_steps=   409600  eps=0.050  episodes=  8054  recent_return=0.03  win=0.00  buf=100000
iter=  3400  env_steps=   435200  eps=0.050  episodes=  8515  recent_return=0.05  win=0.00  buf=100000
iter=  3600  env_steps=   460800  eps=0.050  episodes=  8989  recent_return=0.06  win=0.00  buf=100000
iter=  3800  env_steps=   486400  eps=0.050  episodes=  9471  recent_return=0.06  win=0.00  buf=100000
iter=  4000  env_steps=   512000  eps=0.050  episodes=  9950  recent_return=0.06  win=0.00  buf=100000
iter=  4200  env_steps=   537600  eps=0.050  episodes= 10412  recent_return=0.06  win=0.00  buf=100000
iter=  4400  env_steps=   563200  eps=0.050  episodes= 10869  recent_return=0.10  win=0.00  buf=100000
iter=  4600  env_steps=   588800  eps=0.050  episodes= 11393  recent_return=0.18  win=0.00  buf=100000
iter=  4800  env_steps=   614400  eps=0.050  episodes= 11892  recent_return=0.27  win=0.00  buf=100000
iter=  5000  env_steps=   640000  eps=0.050  episodes= 12363  recent_return=0.28  win=0.00  buf=100000
iter=  5200  env_steps=   665600  eps=0.050  episodes= 12790  recent_return=0.34  win=0.04  buf=100000
iter=  5400  env_steps=   691200  eps=0.050  episodes= 13202  recent_return=0.47  win=0.41  buf=100000
iter=  5600  env_steps=   716800  eps=0.050  episodes= 13631  recent_return=0.30  win=0.00  buf=100000
iter=  5800  env_steps=   742400  eps=0.050  episodes= 14105  recent_return=0.45  win=0.24  buf=100000
iter=  6000  env_steps=   768000  eps=0.050  episodes= 14559  recent_return=0.45  win=0.18  buf=100000
iter=  6200  env_steps=   793600  eps=0.050  episodes= 15031  recent_return=0.41  win=0.10  buf=100000
iter=  6400  env_steps=   819200  eps=0.050  episodes= 15510  recent_return=0.34  win=0.00  buf=100000
iter=  6600  env_steps=   844800  eps=0.050  episodes= 15952  recent_return=0.34  win=0.00  buf=100000
iter=  6800  env_steps=   870400  eps=0.050  episodes= 16423  recent_return=0.29  win=0.00  buf=100000
iter=  7000  env_steps=   896000  eps=0.050  episodes= 16873  recent_return=0.29  win=0.00  buf=100000
iter=  7200  env_steps=   921600  eps=0.050  episodes= 17320  recent_return=0.35  win=0.00  buf=100000
iter=  7400  env_steps=   947200  eps=0.050  episodes= 17762  recent_return=0.21  win=0.00  buf=100000
iter=  7600  env_steps=   972800  eps=0.050  episodes= 18214  recent_return=0.22  win=0.00  buf=100000
iter=  7800  env_steps=   998400  eps=0.050  episodes= 18638  recent_return=0.25  win=0.00  buf=100000
iter=  8000  env_steps=  1024000  eps=0.050  episodes= 19065  recent_return=0.30  win=0.00  buf=100000
iter=  8200  env_steps=  1049600  eps=0.050  episodes= 19543  recent_return=0.14  win=0.00  buf=100000
iter=  8400  env_steps=  1075200  eps=0.050  episodes= 19984  recent_return=0.15  win=0.00  buf=100000
iter=  8600  env_steps=  1100800  eps=0.050  episodes= 20417  recent_return=0.18  win=0.00  buf=100000
iter=  8800  env_steps=  1126400  eps=0.050  episodes= 20864  recent_return=0.11  win=0.00  buf=100000
iter=  9000  env_steps=  1152000  eps=0.050  episodes= 21327  recent_return=0.14  win=0.00  buf=100000
iter=  9200  env_steps=  1177600  eps=0.050  episodes= 21771  recent_return=0.14  win=0.00  buf=100000
iter=  9400  env_steps=  1203200  eps=0.050  episodes= 22245  recent_return=0.25  win=0.00  buf=100000
iter=  9600  env_steps=  1228800  eps=0.050  episodes= 22712  recent_return=0.10  win=0.00  buf=100000
iter=  9800  env_steps=  1254400  eps=0.050  episodes= 23133  recent_return=0.08  win=0.00  buf=100000
iter= 10000  env_steps=  1280000  eps=0.050  episodes= 23599  recent_return=0.08  win=0.00  buf=100000
iter= 10200  env_steps=  1305600  eps=0.050  episodes= 24059  recent_return=0.13  win=0.00  buf=100000
iter= 10400  env_steps=  1331200  eps=0.050  episodes= 24506  recent_return=0.21  win=0.00  buf=100000
iter= 10600  env_steps=  1356800  eps=0.050  episodes= 24932  recent_return=0.17  win=0.00  buf=100000
iter= 10800  env_steps=  1382400  eps=0.050  episodes= 25393  recent_return=0.14  win=0.00  buf=100000
iter= 11000  env_steps=  1408000  eps=0.050  episodes= 25861  recent_return=0.21  win=0.00  buf=100000
iter= 11200  env_steps=  1433600  eps=0.050  episodes= 26354  recent_return=0.37  win=0.01  buf=100000
iter= 11400  env_steps=  1459200  eps=0.050  episodes= 26845  recent_return=0.31  win=0.00  buf=100000
iter= 11600  env_steps=  1484800  eps=0.050  episodes= 27303  recent_return=0.54  win=0.65  buf=100000
iter= 11800  env_steps=  1510400  eps=0.050  episodes= 27729  recent_return=0.62  win=0.93  buf=100000
iter= 12000  env_steps=  1536000  eps=0.050  episodes= 28202  recent_return=0.45  win=0.33  buf=100000
iter= 12200  env_steps=  1561600  eps=0.050  episodes= 28687  recent_return=0.52  win=0.61  buf=100000
iter= 12400  env_steps=  1587200  eps=0.050  episodes= 29201  recent_return=0.34  win=0.01  buf=100000
iter= 12600  env_steps=  1612800  eps=0.050  episodes= 29711  recent_return=0.36  win=0.03  buf=100000
iter= 12800  env_steps=  1638400  eps=0.050  episodes= 30272  recent_return=0.28  win=0.00  buf=100000
iter= 13000  env_steps=  1664000  eps=0.050  episodes= 30804  recent_return=0.28  win=0.00  buf=100000
iter= 13200  env_steps=  1689600  eps=0.050  episodes= 31323  recent_return=0.30  win=0.00  buf=100000
iter= 13400  env_steps=  1715200  eps=0.050  episodes= 31787  recent_return=0.43  win=0.19  buf=100000
iter= 13600  env_steps=  1740800  eps=0.050  episodes= 32222  recent_return=0.43  win=0.16  buf=100000
iter= 13800  env_steps=  1766400  eps=0.050  episodes= 32670  recent_return=0.38  win=0.11  buf=100000
iter= 14000  env_steps=  1792000  eps=0.050  episodes= 33090  recent_return=0.42  win=0.21  buf=100000
iter= 14200  env_steps=  1817600  eps=0.050  episodes= 33517  recent_return=0.31  win=0.00  buf=100000
iter= 14400  env_steps=  1843200  eps=0.050  episodes= 33921  recent_return=0.20  win=0.00  buf=100000
iter= 14600  env_steps=  1868800  eps=0.050  episodes= 34339  recent_return=0.11  win=0.00  buf=100000
iter= 14800  env_steps=  1894400  eps=0.050  episodes= 34740  recent_return=0.07  win=0.00  buf=100000
iter= 15000  env_steps=  1920000  eps=0.050  episodes= 35163  recent_return=0.03  win=0.00  buf=100000
iter= 15200  env_steps=  1945600  eps=0.050  episodes= 35579  recent_return=0.03  win=0.00  buf=100000
iter= 15400  env_steps=  1971200  eps=0.050  episodes= 35988  recent_return=0.03  win=0.00  buf=100000
iter= 15600  env_steps=  1996800  eps=0.050  episodes= 36386  recent_return=0.04  win=0.00  buf=100000
[run] 2000000 env-steps in 263s => 7615 env-steps/sec
[run] saved -> results_smax/smax_2s3z_qmix_independent_na_s0.npz
