# /home/jwozniak/MARL/.venv/bin/python3 -m smax.run --exploration correlated --similarity obs --mixer qmix --seed 4 --total-steps 2000000 --out results_smax/smax_2s3z_qmix_correlated_obs_s4.npz
2026-06-11 20:22:48.346002: W external/xla/xla/service/gpu/nvptx_compiler.cc:930] The NVIDIA driver's CUDA version is 12.7 which is older than the PTX compiler version 12.9.86. Because the driver is older than the PTX compiler version, XLA is disabling parallel compilation, which may slow down compilation. You should update your NVIDIA driver or use the NVIDIA-provided CUDA forward compatibility packages.
[run] cfg={'seed': 4, 'total_steps': 2000000, 'n_envs': 128, 'buffer_cap': 100000, 'batch_size': 128, 'warmup': 5000, 'updates_per_iter': 8, 'target_sync': 200, 'tau': 0.005, 'gamma': 0.99, 'lr': 0.0001, 'grad_clip': 10.0, 'eps_start': 1.0, 'eps_end': 0.05, 'eps_anneal_steps': 100000, 'hidden_size': 128, 'exploration': 'correlated', 'similarity': 'obs', 'mixer': 'qmix', 'qmix_embed': 32, 'log_corr_every': 2000}
[cfg] n_agents=5  n_actions=10  obs_dim=127  state_dim=120  aug_dim=134
iter=     0  env_steps=        0  eps=1.000  episodes=     0  recent_return=0.00  win=0.00  buf=128
iter=   200  env_steps=    25600  eps=0.757  episodes=   394  recent_return=0.24  win=0.00  buf=25728
iter=   400  env_steps=    51200  eps=0.514  episodes=   862  recent_return=0.22  win=0.00  buf=51328
iter=   600  env_steps=    76800  eps=0.270  episodes=  1311  recent_return=0.18  win=0.00  buf=76928
iter=   800  env_steps=   102400  eps=0.050  episodes=  1772  recent_return=0.06  win=0.00  buf=100000
iter=  1000  env_steps=   128000  eps=0.050  episodes=  2212  recent_return=0.05  win=0.00  buf=100000
iter=  1200  env_steps=   153600  eps=0.050  episodes=  2639  recent_return=0.09  win=0.00  buf=100000
iter=  1400  env_steps=   179200  eps=0.050  episodes=  3051  recent_return=0.12  win=0.00  buf=100000
iter=  1600  env_steps=   204800  eps=0.050  episodes=  3432  recent_return=0.10  win=0.00  buf=100000
iter=  1800  env_steps=   230400  eps=0.050  episodes=  3818  recent_return=0.16  win=0.00  buf=100000
iter=  2000  env_steps=   256000  eps=0.050  episodes=  4207  recent_return=0.19  win=0.00  buf=100000
iter=  2200  env_steps=   281600  eps=0.050  episodes=  4563  recent_return=0.20  win=0.00  buf=100000
iter=  2400  env_steps=   307200  eps=0.050  episodes=  4885  recent_return=0.14  win=0.00  buf=100000
iter=  2600  env_steps=   332800  eps=0.050  episodes=  5181  recent_return=0.13  win=0.00  buf=100000
iter=  2800  env_steps=   358400  eps=0.050  episodes=  5479  recent_return=0.15  win=0.00  buf=100000
iter=  3000  env_steps=   384000  eps=0.050  episodes=  5796  recent_return=0.18  win=0.00  buf=100000
iter=  3200  env_steps=   409600  eps=0.050  episodes=  6083  recent_return=0.17  win=0.00  buf=100000
iter=  3400  env_steps=   435200  eps=0.050  episodes=  6380  recent_return=0.17  win=0.00  buf=100000
iter=  3600  env_steps=   460800  eps=0.050  episodes=  6659  recent_return=0.18  win=0.00  buf=100000
iter=  3800  env_steps=   486400  eps=0.050  episodes=  6937  recent_return=0.16  win=0.00  buf=100000
iter=  4000  env_steps=   512000  eps=0.050  episodes=  7223  recent_return=0.20  win=0.00  buf=100000
iter=  4200  env_steps=   537600  eps=0.050  episodes=  7513  recent_return=0.18  win=0.00  buf=100000
iter=  4400  env_steps=   563200  eps=0.050  episodes=  7804  recent_return=0.21  win=0.00  buf=100000
iter=  4600  env_steps=   588800  eps=0.050  episodes=  8089  recent_return=0.23  win=0.00  buf=100000
iter=  4800  env_steps=   614400  eps=0.050  episodes=  8384  recent_return=0.25  win=0.01  buf=100000
iter=  5000  env_steps=   640000  eps=0.050  episodes=  8705  recent_return=0.24  win=0.01  buf=100000
iter=  5200  env_steps=   665600  eps=0.050  episodes=  9017  recent_return=0.30  win=0.03  buf=100000
iter=  5400  env_steps=   691200  eps=0.050  episodes=  9323  recent_return=0.37  win=0.10  buf=100000
iter=  5600  env_steps=   716800  eps=0.050  episodes=  9642  recent_return=0.45  win=0.38  buf=100000
iter=  5800  env_steps=   742400  eps=0.050  episodes=  9970  recent_return=0.51  win=0.59  buf=100000
iter=  6000  env_steps=   768000  eps=0.050  episodes= 10315  recent_return=0.56  win=0.70  buf=100000
iter=  6200  env_steps=   793600  eps=0.050  episodes= 10651  recent_return=0.63  win=0.97  buf=100000
iter=  6400  env_steps=   819200  eps=0.050  episodes= 11012  recent_return=0.69  win=0.99  buf=100000
iter=  6600  env_steps=   844800  eps=0.050  episodes= 11370  recent_return=0.78  win=0.99  buf=100000
iter=  6800  env_steps=   870400  eps=0.050  episodes= 11741  recent_return=0.75  win=1.00  buf=100000
iter=  7000  env_steps=   896000  eps=0.050  episodes= 12103  recent_return=0.73  win=0.99  buf=100000
iter=  7200  env_steps=   921600  eps=0.050  episodes= 12466  recent_return=0.80  win=1.00  buf=100000
iter=  7400  env_steps=   947200  eps=0.050  episodes= 12818  recent_return=0.90  win=1.00  buf=100000
iter=  7600  env_steps=   972800  eps=0.050  episodes= 13170  recent_return=0.95  win=1.00  buf=100000
iter=  7800  env_steps=   998400  eps=0.050  episodes= 13522  recent_return=1.08  win=1.00  buf=100000
iter=  8000  env_steps=  1024000  eps=0.050  episodes= 13865  recent_return=1.06  win=0.99  buf=100000
iter=  8200  env_steps=  1049600  eps=0.050  episodes= 14214  recent_return=1.19  win=1.00  buf=100000
iter=  8400  env_steps=  1075200  eps=0.050  episodes= 14579  recent_return=1.21  win=1.00  buf=100000
iter=  8600  env_steps=  1100800  eps=0.050  episodes= 14933  recent_return=1.15  win=1.00  buf=100000
iter=  8800  env_steps=  1126400  eps=0.050  episodes= 15264  recent_return=1.21  win=0.99  buf=100000
iter=  9000  env_steps=  1152000  eps=0.050  episodes= 15600  recent_return=1.18  win=1.00  buf=100000
iter=  9200  env_steps=  1177600  eps=0.050  episodes= 15932  recent_return=1.33  win=0.99  buf=100000
iter=  9400  env_steps=  1203200  eps=0.050  episodes= 16276  recent_return=1.39  win=0.98  buf=100000
iter=  9600  env_steps=  1228800  eps=0.050  episodes= 16617  recent_return=1.46  win=1.00  buf=100000
iter=  9800  env_steps=  1254400  eps=0.050  episodes= 16952  recent_return=1.55  win=0.99  buf=100000
iter= 10000  env_steps=  1280000  eps=0.050  episodes= 17292  recent_return=1.58  win=1.00  buf=100000
iter= 10200  env_steps=  1305600  eps=0.050  episodes= 17646  recent_return=1.62  win=0.99  buf=100000
iter= 10400  env_steps=  1331200  eps=0.050  episodes= 17998  recent_return=1.69  win=1.00  buf=100000
iter= 10600  env_steps=  1356800  eps=0.050  episodes= 18332  recent_return=1.64  win=1.00  buf=100000
iter= 10800  env_steps=  1382400  eps=0.050  episodes= 18674  recent_return=1.62  win=1.00  buf=100000
iter= 11000  env_steps=  1408000  eps=0.050  episodes= 19018  recent_return=1.62  win=1.00  buf=100000
iter= 11200  env_steps=  1433600  eps=0.050  episodes= 19357  recent_return=1.68  win=0.99  buf=100000
iter= 11400  env_steps=  1459200  eps=0.050  episodes= 19691  recent_return=1.67  win=1.00  buf=100000
iter= 11600  env_steps=  1484800  eps=0.050  episodes= 20045  recent_return=1.80  win=1.00  buf=100000
iter= 11800  env_steps=  1510400  eps=0.050  episodes= 20392  recent_return=1.74  win=1.00  buf=100000
iter= 12000  env_steps=  1536000  eps=0.050  episodes= 20743  recent_return=1.78  win=1.00  buf=100000
iter= 12200  env_steps=  1561600  eps=0.050  episodes= 21092  recent_return=1.82  win=1.00  buf=100000
iter= 12400  env_steps=  1587200  eps=0.050  episodes= 21451  recent_return=1.80  win=1.00  buf=100000
iter= 12600  env_steps=  1612800  eps=0.050  episodes= 21811  recent_return=1.81  win=1.00  buf=100000
iter= 12800  env_steps=  1638400  eps=0.050  episodes= 22182  recent_return=1.82  win=1.00  buf=100000
iter= 13000  env_steps=  1664000  eps=0.050  episodes= 22552  recent_return=1.85  win=1.00  buf=100000
iter= 13200  env_steps=  1689600  eps=0.050  episodes= 22924  recent_return=1.93  win=1.00  buf=100000
iter= 13400  env_steps=  1715200  eps=0.050  episodes= 23303  recent_return=1.89  win=1.00  buf=100000
iter= 13600  env_steps=  1740800  eps=0.050  episodes= 23696  recent_return=1.91  win=1.00  buf=100000
iter= 13800  env_steps=  1766400  eps=0.050  episodes= 24089  recent_return=1.89  win=1.00  buf=100000
iter= 14000  env_steps=  1792000  eps=0.050  episodes= 24493  recent_return=1.95  win=1.00  buf=100000
iter= 14200  env_steps=  1817600  eps=0.050  episodes= 24907  recent_return=1.97  win=1.00  buf=100000
iter= 14400  env_steps=  1843200  eps=0.050  episodes= 25303  recent_return=1.99  win=1.00  buf=100000
iter= 14600  env_steps=  1868800  eps=0.050  episodes= 25708  recent_return=1.94  win=1.00  buf=100000
iter= 14800  env_steps=  1894400  eps=0.050  episodes= 26112  recent_return=1.95  win=1.00  buf=100000
iter= 15000  env_steps=  1920000  eps=0.050  episodes= 26521  recent_return=1.94  win=1.00  buf=100000
iter= 15200  env_steps=  1945600  eps=0.050  episodes= 26930  recent_return=1.95  win=1.00  buf=100000
iter= 15400  env_steps=  1971200  eps=0.050  episodes= 27347  recent_return=1.94  win=0.99  buf=100000
iter= 15600  env_steps=  1996800  eps=0.050  episodes= 27745  recent_return=1.95  win=0.99  buf=100000
[run] 2000000 env-steps in 678s => 2952 env-steps/sec
[run] saved -> results_smax/smax_2s3z_qmix_correlated_obs_s4.npz
