# /home/jwozniak/MARL/.venv/bin/python3 -m smax.run --exploration correlated --similarity hidden --mixer qmix --seed 4 --total-steps 2000000 --out results_smax/smax_2s3z_qmix_correlated_hidden_s4.npz
2026-06-20 23:37:51.957965: W external/xla/xla/service/gpu/nvptx_compiler.cc:930] The NVIDIA driver's CUDA version is 12.7 which is older than the PTX compiler version 12.9.86. Because the driver is older than the PTX compiler version, XLA is disabling parallel compilation, which may slow down compilation. You should update your NVIDIA driver or use the NVIDIA-provided CUDA forward compatibility packages.
[run] cfg={'seed': 4, 'total_steps': 2000000, 'n_envs': 128, 'buffer_cap': 100000, 'batch_size': 128, 'warmup': 5000, 'updates_per_iter': 8, 'target_sync': 200, 'tau': 0.005, 'gamma': 0.99, 'lr': 0.0001, 'grad_clip': 10.0, 'eps_start': 1.0, 'eps_end': 0.05, 'eps_anneal_steps': 100000, 'hidden_size': 128, 'exploration': 'correlated', 'similarity': 'hidden', 'mixer': 'qmix', 'qmix_embed': 32, 'log_corr_every': 2000}
[cfg] n_agents=5  n_actions=10  obs_dim=127  state_dim=120  aug_dim=134
iter=     0  env_steps=        0  eps=1.000  episodes=     0  recent_return=0.00  win=0.00  buf=128
iter=   200  env_steps=    25600  eps=0.757  episodes=   410  recent_return=0.25  win=0.00  buf=25728
iter=   400  env_steps=    51200  eps=0.514  episodes=   876  recent_return=0.22  win=0.00  buf=51328
iter=   600  env_steps=    76800  eps=0.270  episodes=  1313  recent_return=0.20  win=0.00  buf=76928
iter=   800  env_steps=   102400  eps=0.050  episodes=  1736  recent_return=0.10  win=0.00  buf=100000
iter=  1000  env_steps=   128000  eps=0.050  episodes=  2132  recent_return=0.11  win=0.00  buf=100000
iter=  1200  env_steps=   153600  eps=0.050  episodes=  2552  recent_return=0.18  win=0.00  buf=100000
iter=  1400  env_steps=   179200  eps=0.050  episodes=  2960  recent_return=0.10  win=0.00  buf=100000
iter=  1600  env_steps=   204800  eps=0.050  episodes=  3343  recent_return=0.14  win=0.00  buf=100000
iter=  1800  env_steps=   230400  eps=0.050  episodes=  3681  recent_return=0.11  win=0.00  buf=100000
iter=  2000  env_steps=   256000  eps=0.050  episodes=  4011  recent_return=0.13  win=0.00  buf=100000
iter=  2200  env_steps=   281600  eps=0.050  episodes=  4357  recent_return=0.14  win=0.00  buf=100000
iter=  2400  env_steps=   307200  eps=0.050  episodes=  4702  recent_return=0.16  win=0.00  buf=100000
iter=  2600  env_steps=   332800  eps=0.050  episodes=  5013  recent_return=0.13  win=0.00  buf=100000
iter=  2800  env_steps=   358400  eps=0.050  episodes=  5310  recent_return=0.12  win=0.00  buf=100000
iter=  3000  env_steps=   384000  eps=0.050  episodes=  5582  recent_return=0.15  win=0.00  buf=100000
iter=  3200  env_steps=   409600  eps=0.050  episodes=  5856  recent_return=0.16  win=0.00  buf=100000
iter=  3400  env_steps=   435200  eps=0.050  episodes=  6138  recent_return=0.13  win=0.00  buf=100000
iter=  3600  env_steps=   460800  eps=0.050  episodes=  6422  recent_return=0.12  win=0.00  buf=100000
iter=  3800  env_steps=   486400  eps=0.050  episodes=  6687  recent_return=0.14  win=0.00  buf=100000
iter=  4000  env_steps=   512000  eps=0.050  episodes=  6967  recent_return=0.18  win=0.00  buf=100000
iter=  4200  env_steps=   537600  eps=0.050  episodes=  7259  recent_return=0.26  win=0.00  buf=100000
iter=  4400  env_steps=   563200  eps=0.050  episodes=  7559  recent_return=0.29  win=0.00  buf=100000
iter=  4600  env_steps=   588800  eps=0.050  episodes=  7859  recent_return=0.32  win=0.00  buf=100000
iter=  4800  env_steps=   614400  eps=0.050  episodes=  8142  recent_return=0.29  win=0.00  buf=100000
iter=  5000  env_steps=   640000  eps=0.050  episodes=  8413  recent_return=0.21  win=0.00  buf=100000
iter=  5200  env_steps=   665600  eps=0.050  episodes=  8682  recent_return=0.22  win=0.00  buf=100000
iter=  5400  env_steps=   691200  eps=0.050  episodes=  8949  recent_return=0.22  win=0.00  buf=100000
iter=  5600  env_steps=   716800  eps=0.050  episodes=  9221  recent_return=0.24  win=0.00  buf=100000
iter=  5800  env_steps=   742400  eps=0.050  episodes=  9505  recent_return=0.24  win=0.00  buf=100000
iter=  6000  env_steps=   768000  eps=0.050  episodes=  9782  recent_return=0.29  win=0.00  buf=100000
iter=  6200  env_steps=   793600  eps=0.050  episodes= 10072  recent_return=0.37  win=0.00  buf=100000
iter=  6400  env_steps=   819200  eps=0.050  episodes= 10372  recent_return=0.40  win=0.00  buf=100000
iter=  6600  env_steps=   844800  eps=0.050  episodes= 10703  recent_return=0.45  win=0.00  buf=100000
iter=  6800  env_steps=   870400  eps=0.050  episodes= 11048  recent_return=0.47  win=0.00  buf=100000
iter=  7000  env_steps=   896000  eps=0.050  episodes= 11385  recent_return=0.49  win=0.00  buf=100000
iter=  7200  env_steps=   921600  eps=0.050  episodes= 11720  recent_return=0.52  win=0.00  buf=100000
iter=  7400  env_steps=   947200  eps=0.050  episodes= 12034  recent_return=0.60  win=0.00  buf=100000
iter=  7600  env_steps=   972800  eps=0.050  episodes= 12372  recent_return=0.65  win=0.00  buf=100000
iter=  7800  env_steps=   998400  eps=0.050  episodes= 12707  recent_return=0.67  win=0.00  buf=100000
iter=  8000  env_steps=  1024000  eps=0.050  episodes= 13036  recent_return=0.71  win=0.00  buf=100000
iter=  8200  env_steps=  1049600  eps=0.050  episodes= 13355  recent_return=0.71  win=0.00  buf=100000
iter=  8400  env_steps=  1075200  eps=0.050  episodes= 13675  recent_return=0.71  win=0.00  buf=100000
iter=  8600  env_steps=  1100800  eps=0.050  episodes= 13986  recent_return=0.75  win=0.01  buf=100000
iter=  8800  env_steps=  1126400  eps=0.050  episodes= 14280  recent_return=0.78  win=0.01  buf=100000
iter=  9000  env_steps=  1152000  eps=0.050  episodes= 14577  recent_return=0.81  win=0.01  buf=100000
iter=  9200  env_steps=  1177600  eps=0.050  episodes= 14895  recent_return=0.85  win=0.05  buf=100000
iter=  9400  env_steps=  1203200  eps=0.050  episodes= 15212  recent_return=0.89  win=0.05  buf=100000
iter=  9600  env_steps=  1228800  eps=0.050  episodes= 15528  recent_return=0.93  win=0.09  buf=100000
iter=  9800  env_steps=  1254400  eps=0.050  episodes= 15858  recent_return=0.97  win=0.12  buf=100000
iter= 10000  env_steps=  1280000  eps=0.050  episodes= 16166  recent_return=1.01  win=0.17  buf=100000
iter= 10200  env_steps=  1305600  eps=0.050  episodes= 16487  recent_return=1.13  win=0.27  buf=100000
iter= 10400  env_steps=  1331200  eps=0.050  episodes= 16802  recent_return=1.14  win=0.27  buf=100000
iter= 10600  env_steps=  1356800  eps=0.050  episodes= 17117  recent_return=1.30  win=0.39  buf=100000
iter= 10800  env_steps=  1382400  eps=0.050  episodes= 17455  recent_return=1.35  win=0.45  buf=100000
iter= 11000  env_steps=  1408000  eps=0.050  episodes= 17795  recent_return=1.07  win=0.24  buf=100000
iter= 11200  env_steps=  1433600  eps=0.050  episodes= 18124  recent_return=1.21  win=0.34  buf=100000
iter= 11400  env_steps=  1459200  eps=0.050  episodes= 18453  recent_return=1.08  win=0.24  buf=100000
iter= 11600  env_steps=  1484800  eps=0.050  episodes= 18785  recent_return=1.22  win=0.39  buf=100000
iter= 11800  env_steps=  1510400  eps=0.050  episodes= 19108  recent_return=1.30  win=0.42  buf=100000
iter= 12000  env_steps=  1536000  eps=0.050  episodes= 19448  recent_return=1.45  win=0.55  buf=100000
iter= 12200  env_steps=  1561600  eps=0.050  episodes= 19787  recent_return=1.51  win=0.58  buf=100000
iter= 12400  env_steps=  1587200  eps=0.050  episodes= 20126  recent_return=1.47  win=0.56  buf=100000
iter= 12600  env_steps=  1612800  eps=0.050  episodes= 20453  recent_return=1.52  win=0.60  buf=100000
iter= 12800  env_steps=  1638400  eps=0.050  episodes= 20797  recent_return=1.62  win=0.68  buf=100000
iter= 13000  env_steps=  1664000  eps=0.050  episodes= 21146  recent_return=1.62  win=0.69  buf=100000
iter= 13200  env_steps=  1689600  eps=0.050  episodes= 21494  recent_return=1.66  win=0.71  buf=100000
iter= 13400  env_steps=  1715200  eps=0.050  episodes= 21839  recent_return=1.73  win=0.77  buf=100000
iter= 13600  env_steps=  1740800  eps=0.050  episodes= 22185  recent_return=1.75  win=0.78  buf=100000
iter= 13800  env_steps=  1766400  eps=0.050  episodes= 22514  recent_return=1.74  win=0.78  buf=100000
iter= 14000  env_steps=  1792000  eps=0.050  episodes= 22876  recent_return=1.87  win=0.88  buf=100000
iter= 14200  env_steps=  1817600  eps=0.050  episodes= 23259  recent_return=1.87  win=0.89  buf=100000
iter= 14400  env_steps=  1843200  eps=0.050  episodes= 23642  recent_return=1.88  win=0.90  buf=100000
iter= 14600  env_steps=  1868800  eps=0.050  episodes= 24022  recent_return=1.86  win=0.88  buf=100000
iter= 14800  env_steps=  1894400  eps=0.050  episodes= 24441  recent_return=1.96  win=0.96  buf=100000
iter= 15000  env_steps=  1920000  eps=0.050  episodes= 24833  recent_return=1.94  win=0.95  buf=100000
iter= 15200  env_steps=  1945600  eps=0.050  episodes= 25230  recent_return=1.93  win=0.94  buf=100000
iter= 15400  env_steps=  1971200  eps=0.050  episodes= 25629  recent_return=1.93  win=0.94  buf=100000
iter= 15600  env_steps=  1996800  eps=0.050  episodes= 26035  recent_return=1.93  win=0.94  buf=100000
[run] 2000000 env-steps in 728s => 2746 env-steps/sec
[run] saved -> results_smax/smax_2s3z_qmix_correlated_hidden_s4.npz
