# /home/jwozniak/MARL/.venv/bin/python3 -m smax.run --exploration correlated --similarity hidden --mixer qmix --seed 3 --total-steps 2000000 --out results_smax/smax_2s3z_qmix_correlated_hidden_s3.npz
2026-06-11 20:21:31.921271: W external/xla/xla/service/gpu/nvptx_compiler.cc:930] The NVIDIA driver's CUDA version is 12.7 which is older than the PTX compiler version 12.9.86. Because the driver is older than the PTX compiler version, XLA is disabling parallel compilation, which may slow down compilation. You should update your NVIDIA driver or use the NVIDIA-provided CUDA forward compatibility packages.
[run] cfg={'seed': 3, 'total_steps': 2000000, 'n_envs': 128, 'buffer_cap': 100000, 'batch_size': 128, 'warmup': 5000, 'updates_per_iter': 8, 'target_sync': 200, 'tau': 0.005, 'gamma': 0.99, 'lr': 0.0001, 'grad_clip': 10.0, 'eps_start': 1.0, 'eps_end': 0.05, 'eps_anneal_steps': 100000, 'hidden_size': 128, 'exploration': 'correlated', 'similarity': 'hidden', 'mixer': 'qmix', 'qmix_embed': 32, 'log_corr_every': 2000}
[cfg] n_agents=5  n_actions=10  obs_dim=127  state_dim=120  aug_dim=134
iter=     0  env_steps=        0  eps=1.000  episodes=     0  recent_return=0.00  win=0.00  buf=128
iter=   200  env_steps=    25600  eps=0.757  episodes=   407  recent_return=0.25  win=0.00  buf=25728
iter=   400  env_steps=    51200  eps=0.514  episodes=   859  recent_return=0.27  win=0.00  buf=51328
iter=   600  env_steps=    76800  eps=0.270  episodes=  1301  recent_return=0.27  win=0.00  buf=76928
iter=   800  env_steps=   102400  eps=0.050  episodes=  1739  recent_return=0.24  win=0.00  buf=100000
iter=  1000  env_steps=   128000  eps=0.050  episodes=  2153  recent_return=0.29  win=0.04  buf=100000
iter=  1200  env_steps=   153600  eps=0.050  episodes=  2586  recent_return=0.25  win=0.01  buf=100000
iter=  1400  env_steps=   179200  eps=0.050  episodes=  2994  recent_return=0.10  win=0.00  buf=100000
iter=  1600  env_steps=   204800  eps=0.050  episodes=  3388  recent_return=0.07  win=0.00  buf=100000
iter=  1800  env_steps=   230400  eps=0.050  episodes=  3775  recent_return=0.15  win=0.00  buf=100000
iter=  2000  env_steps=   256000  eps=0.050  episodes=  4152  recent_return=0.14  win=0.00  buf=100000
iter=  2200  env_steps=   281600  eps=0.050  episodes=  4500  recent_return=0.15  win=0.00  buf=100000
iter=  2400  env_steps=   307200  eps=0.050  episodes=  4861  recent_return=0.15  win=0.00  buf=100000
iter=  2600  env_steps=   332800  eps=0.050  episodes=  5191  recent_return=0.16  win=0.00  buf=100000
iter=  2800  env_steps=   358400  eps=0.050  episodes=  5523  recent_return=0.18  win=0.00  buf=100000
iter=  3000  env_steps=   384000  eps=0.050  episodes=  5851  recent_return=0.14  win=0.00  buf=100000
iter=  3200  env_steps=   409600  eps=0.050  episodes=  6187  recent_return=0.13  win=0.00  buf=100000
iter=  3400  env_steps=   435200  eps=0.050  episodes=  6520  recent_return=0.14  win=0.00  buf=100000
iter=  3600  env_steps=   460800  eps=0.050  episodes=  6839  recent_return=0.18  win=0.01  buf=100000
iter=  3800  env_steps=   486400  eps=0.050  episodes=  7181  recent_return=0.19  win=0.00  buf=100000
iter=  4000  env_steps=   512000  eps=0.050  episodes=  7507  recent_return=0.20  win=0.00  buf=100000
iter=  4200  env_steps=   537600  eps=0.050  episodes=  7853  recent_return=0.17  win=0.00  buf=100000
iter=  4400  env_steps=   563200  eps=0.050  episodes=  8204  recent_return=0.22  win=0.00  buf=100000
iter=  4600  env_steps=   588800  eps=0.050  episodes=  8527  recent_return=0.26  win=0.00  buf=100000
iter=  4800  env_steps=   614400  eps=0.050  episodes=  8867  recent_return=0.26  win=0.00  buf=100000
iter=  5000  env_steps=   640000  eps=0.050  episodes=  9183  recent_return=0.29  win=0.01  buf=100000
iter=  5200  env_steps=   665600  eps=0.050  episodes=  9529  recent_return=0.34  win=0.01  buf=100000
iter=  5400  env_steps=   691200  eps=0.050  episodes=  9850  recent_return=0.38  win=0.06  buf=100000
iter=  5600  env_steps=   716800  eps=0.050  episodes= 10188  recent_return=0.42  win=0.17  buf=100000
iter=  5800  env_steps=   742400  eps=0.050  episodes= 10524  recent_return=0.48  win=0.41  buf=100000
iter=  6000  env_steps=   768000  eps=0.050  episodes= 10844  recent_return=0.58  win=0.85  buf=100000
iter=  6200  env_steps=   793600  eps=0.050  episodes= 11205  recent_return=0.66  win=0.97  buf=100000
iter=  6400  env_steps=   819200  eps=0.050  episodes= 11596  recent_return=0.64  win=0.95  buf=100000
iter=  6600  env_steps=   844800  eps=0.050  episodes= 11947  recent_return=0.68  win=0.98  buf=100000
iter=  6800  env_steps=   870400  eps=0.050  episodes= 12277  recent_return=0.71  win=0.99  buf=100000
iter=  7000  env_steps=   896000  eps=0.050  episodes= 12634  recent_return=0.72  win=1.00  buf=100000
iter=  7200  env_steps=   921600  eps=0.050  episodes= 12975  recent_return=0.75  win=0.98  buf=100000
iter=  7400  env_steps=   947200  eps=0.050  episodes= 13304  recent_return=0.85  win=0.99  buf=100000
iter=  7600  env_steps=   972800  eps=0.050  episodes= 13652  recent_return=0.84  win=1.00  buf=100000
iter=  7800  env_steps=   998400  eps=0.050  episodes= 14008  recent_return=0.85  win=1.00  buf=100000
iter=  8000  env_steps=  1024000  eps=0.050  episodes= 14369  recent_return=0.88  win=1.00  buf=100000
iter=  8200  env_steps=  1049600  eps=0.050  episodes= 14728  recent_return=0.91  win=0.99  buf=100000
iter=  8400  env_steps=  1075200  eps=0.050  episodes= 15066  recent_return=0.94  win=0.98  buf=100000
iter=  8600  env_steps=  1100800  eps=0.050  episodes= 15401  recent_return=0.94  win=0.97  buf=100000
iter=  8800  env_steps=  1126400  eps=0.050  episodes= 15742  recent_return=0.86  win=0.95  buf=100000
iter=  9000  env_steps=  1152000  eps=0.050  episodes= 16090  recent_return=0.99  win=0.99  buf=100000
iter=  9200  env_steps=  1177600  eps=0.050  episodes= 16412  recent_return=1.05  win=0.99  buf=100000
iter=  9400  env_steps=  1203200  eps=0.050  episodes= 16760  recent_return=1.08  win=0.98  buf=100000
iter=  9600  env_steps=  1228800  eps=0.050  episodes= 17102  recent_return=1.06  win=0.99  buf=100000
iter=  9800  env_steps=  1254400  eps=0.050  episodes= 17414  recent_return=1.07  win=1.00  buf=100000
iter= 10000  env_steps=  1280000  eps=0.050  episodes= 17749  recent_return=1.19  win=0.99  buf=100000
iter= 10200  env_steps=  1305600  eps=0.050  episodes= 18080  recent_return=1.01  win=0.98  buf=100000
iter= 10400  env_steps=  1331200  eps=0.050  episodes= 18397  recent_return=1.05  win=0.98  buf=100000
iter= 10600  env_steps=  1356800  eps=0.050  episodes= 18716  recent_return=1.01  win=0.97  buf=100000
iter= 10800  env_steps=  1382400  eps=0.050  episodes= 19029  recent_return=1.12  win=0.99  buf=100000
iter= 11000  env_steps=  1408000  eps=0.050  episodes= 19363  recent_return=1.12  win=0.96  buf=100000
iter= 11200  env_steps=  1433600  eps=0.050  episodes= 19689  recent_return=0.98  win=0.91  buf=100000
iter= 11400  env_steps=  1459200  eps=0.050  episodes= 20009  recent_return=1.17  win=0.98  buf=100000
iter= 11600  env_steps=  1484800  eps=0.050  episodes= 20320  recent_return=1.14  win=0.97  buf=100000
iter= 11800  env_steps=  1510400  eps=0.050  episodes= 20640  recent_return=1.12  win=0.98  buf=100000
iter= 12000  env_steps=  1536000  eps=0.050  episodes= 20966  recent_return=1.23  win=0.98  buf=100000
iter= 12200  env_steps=  1561600  eps=0.050  episodes= 21293  recent_return=1.34  win=0.98  buf=100000
iter= 12400  env_steps=  1587200  eps=0.050  episodes= 21619  recent_return=1.28  win=0.99  buf=100000
iter= 12600  env_steps=  1612800  eps=0.050  episodes= 21972  recent_return=1.22  win=0.99  buf=100000
iter= 12800  env_steps=  1638400  eps=0.050  episodes= 22312  recent_return=1.14  win=0.96  buf=100000
iter= 13000  env_steps=  1664000  eps=0.050  episodes= 22662  recent_return=1.26  win=0.96  buf=100000
iter= 13200  env_steps=  1689600  eps=0.050  episodes= 23001  recent_return=1.34  win=0.98  buf=100000
iter= 13400  env_steps=  1715200  eps=0.050  episodes= 23348  recent_return=1.39  win=0.98  buf=100000
iter= 13600  env_steps=  1740800  eps=0.050  episodes= 23684  recent_return=1.55  win=1.00  buf=100000
iter= 13800  env_steps=  1766400  eps=0.050  episodes= 24058  recent_return=1.75  win=1.00  buf=100000
iter= 14000  env_steps=  1792000  eps=0.050  episodes= 24431  recent_return=1.72  win=0.99  buf=100000
iter= 14200  env_steps=  1817600  eps=0.050  episodes= 24815  recent_return=1.77  win=1.00  buf=100000
iter= 14400  env_steps=  1843200  eps=0.050  episodes= 25208  recent_return=1.81  win=1.00  buf=100000
iter= 14600  env_steps=  1868800  eps=0.050  episodes= 25592  recent_return=1.84  win=1.00  buf=100000
iter= 14800  env_steps=  1894400  eps=0.050  episodes= 25990  recent_return=1.84  win=1.00  buf=100000
iter= 15000  env_steps=  1920000  eps=0.050  episodes= 26385  recent_return=1.85  win=1.00  buf=100000
iter= 15200  env_steps=  1945600  eps=0.050  episodes= 26781  recent_return=1.92  win=1.00  buf=100000
iter= 15400  env_steps=  1971200  eps=0.050  episodes= 27190  recent_return=1.87  win=1.00  buf=100000
iter= 15600  env_steps=  1996800  eps=0.050  episodes= 27582  recent_return=1.91  win=1.00  buf=100000
[run] 2000000 env-steps in 678s => 2948 env-steps/sec
[run] saved -> results_smax/smax_2s3z_qmix_correlated_hidden_s3.npz
