# /home/jwozniak/MARL/.venv/bin/python3 -m smax.run --exploration correlated --similarity hidden --mixer qmix --seed 0 --total-steps 2000000 --out results_smax/smax_2s3z_qmix_correlated_hidden_s0.npz
2026-06-20 22:16:23.394130: W external/xla/xla/service/gpu/nvptx_compiler.cc:930] The NVIDIA driver's CUDA version is 12.7 which is older than the PTX compiler version 12.9.86. Because the driver is older than the PTX compiler version, XLA is disabling parallel compilation, which may slow down compilation. You should update your NVIDIA driver or use the NVIDIA-provided CUDA forward compatibility packages.
[run] cfg={'seed': 0, 'total_steps': 2000000, 'n_envs': 128, 'buffer_cap': 100000, 'batch_size': 128, 'warmup': 5000, 'updates_per_iter': 8, 'target_sync': 200, 'tau': 0.005, 'gamma': 0.99, 'lr': 0.0001, 'grad_clip': 10.0, 'eps_start': 1.0, 'eps_end': 0.05, 'eps_anneal_steps': 100000, 'hidden_size': 128, 'exploration': 'correlated', 'similarity': 'hidden', 'mixer': 'qmix', 'qmix_embed': 32, 'log_corr_every': 2000}
[cfg] n_agents=5  n_actions=10  obs_dim=127  state_dim=120  aug_dim=134
iter=     0  env_steps=        0  eps=1.000  episodes=     0  recent_return=0.00  win=0.00  buf=128
iter=   200  env_steps=    25600  eps=0.757  episodes=   400  recent_return=0.25  win=0.00  buf=25728
iter=   400  env_steps=    51200  eps=0.514  episodes=   845  recent_return=0.27  win=0.00  buf=51328
iter=   600  env_steps=    76800  eps=0.270  episodes=  1318  recent_return=0.17  win=0.00  buf=76928
iter=   800  env_steps=   102400  eps=0.050  episodes=  1740  recent_return=0.09  win=0.00  buf=100000
iter=  1000  env_steps=   128000  eps=0.050  episodes=  2180  recent_return=0.05  win=0.00  buf=100000
iter=  1200  env_steps=   153600  eps=0.050  episodes=  2613  recent_return=0.07  win=0.00  buf=100000
iter=  1400  env_steps=   179200  eps=0.050  episodes=  3039  recent_return=0.09  win=0.00  buf=100000
iter=  1600  env_steps=   204800  eps=0.050  episodes=  3441  recent_return=0.10  win=0.00  buf=100000
iter=  1800  env_steps=   230400  eps=0.050  episodes=  3825  recent_return=0.09  win=0.00  buf=100000
iter=  2000  env_steps=   256000  eps=0.050  episodes=  4205  recent_return=0.13  win=0.00  buf=100000
iter=  2200  env_steps=   281600  eps=0.050  episodes=  4617  recent_return=0.17  win=0.00  buf=100000
iter=  2400  env_steps=   307200  eps=0.050  episodes=  5026  recent_return=0.15  win=0.00  buf=100000
iter=  2600  env_steps=   332800  eps=0.050  episodes=  5401  recent_return=0.14  win=0.00  buf=100000
iter=  2800  env_steps=   358400  eps=0.050  episodes=  5710  recent_return=0.12  win=0.00  buf=100000
iter=  3000  env_steps=   384000  eps=0.050  episodes=  6026  recent_return=0.08  win=0.00  buf=100000
iter=  3200  env_steps=   409600  eps=0.050  episodes=  6308  recent_return=0.09  win=0.00  buf=100000
iter=  3400  env_steps=   435200  eps=0.050  episodes=  6587  recent_return=0.10  win=0.00  buf=100000
iter=  3600  env_steps=   460800  eps=0.050  episodes=  6863  recent_return=0.12  win=0.00  buf=100000
iter=  3800  env_steps=   486400  eps=0.050  episodes=  7145  recent_return=0.16  win=0.00  buf=100000
iter=  4000  env_steps=   512000  eps=0.050  episodes=  7436  recent_return=0.16  win=0.00  buf=100000
iter=  4200  env_steps=   537600  eps=0.050  episodes=  7739  recent_return=0.15  win=0.00  buf=100000
iter=  4400  env_steps=   563200  eps=0.050  episodes=  8050  recent_return=0.17  win=0.00  buf=100000
iter=  4600  env_steps=   588800  eps=0.050  episodes=  8342  recent_return=0.22  win=0.00  buf=100000
iter=  4800  env_steps=   614400  eps=0.050  episodes=  8635  recent_return=0.23  win=0.00  buf=100000
iter=  5000  env_steps=   640000  eps=0.050  episodes=  8944  recent_return=0.24  win=0.00  buf=100000
iter=  5200  env_steps=   665600  eps=0.050  episodes=  9229  recent_return=0.22  win=0.00  buf=100000
iter=  5400  env_steps=   691200  eps=0.050  episodes=  9520  recent_return=0.24  win=0.00  buf=100000
iter=  5600  env_steps=   716800  eps=0.050  episodes=  9819  recent_return=0.25  win=0.00  buf=100000
iter=  5800  env_steps=   742400  eps=0.050  episodes= 10100  recent_return=0.32  win=0.00  buf=100000
iter=  6000  env_steps=   768000  eps=0.050  episodes= 10396  recent_return=0.33  win=0.00  buf=100000
iter=  6200  env_steps=   793600  eps=0.050  episodes= 10685  recent_return=0.32  win=0.00  buf=100000
iter=  6400  env_steps=   819200  eps=0.050  episodes= 10973  recent_return=0.33  win=0.00  buf=100000
iter=  6600  env_steps=   844800  eps=0.050  episodes= 11268  recent_return=0.34  win=0.00  buf=100000
iter=  6800  env_steps=   870400  eps=0.050  episodes= 11581  recent_return=0.41  win=0.00  buf=100000
iter=  7000  env_steps=   896000  eps=0.050  episodes= 11895  recent_return=0.49  win=0.00  buf=100000
iter=  7200  env_steps=   921600  eps=0.050  episodes= 12236  recent_return=0.61  win=0.01  buf=100000
iter=  7400  env_steps=   947200  eps=0.050  episodes= 12562  recent_return=0.68  win=0.00  buf=100000
iter=  7600  env_steps=   972800  eps=0.050  episodes= 12907  recent_return=0.73  win=0.00  buf=100000
iter=  7800  env_steps=   998400  eps=0.050  episodes= 13242  recent_return=0.82  win=0.04  buf=100000
iter=  8000  env_steps=  1024000  eps=0.050  episodes= 13598  recent_return=0.83  win=0.05  buf=100000
iter=  8200  env_steps=  1049600  eps=0.050  episodes= 13947  recent_return=0.94  win=0.12  buf=100000
iter=  8400  env_steps=  1075200  eps=0.050  episodes= 14301  recent_return=0.99  win=0.15  buf=100000
iter=  8600  env_steps=  1100800  eps=0.050  episodes= 14646  recent_return=1.11  win=0.25  buf=100000
iter=  8800  env_steps=  1126400  eps=0.050  episodes= 15004  recent_return=1.00  win=0.17  buf=100000
iter=  9000  env_steps=  1152000  eps=0.050  episodes= 15350  recent_return=0.93  win=0.14  buf=100000
iter=  9200  env_steps=  1177600  eps=0.050  episodes= 15694  recent_return=0.89  win=0.13  buf=100000
iter=  9400  env_steps=  1203200  eps=0.050  episodes= 16026  recent_return=1.06  win=0.24  buf=100000
iter=  9600  env_steps=  1228800  eps=0.050  episodes= 16340  recent_return=1.20  win=0.32  buf=100000
iter=  9800  env_steps=  1254400  eps=0.050  episodes= 16670  recent_return=1.36  win=0.45  buf=100000
iter= 10000  env_steps=  1280000  eps=0.050  episodes= 16990  recent_return=1.40  win=0.48  buf=100000
iter= 10200  env_steps=  1305600  eps=0.050  episodes= 17307  recent_return=1.28  win=0.39  buf=100000
iter= 10400  env_steps=  1331200  eps=0.050  episodes= 17641  recent_return=1.30  win=0.42  buf=100000
iter= 10600  env_steps=  1356800  eps=0.050  episodes= 17962  recent_return=1.30  win=0.43  buf=100000
iter= 10800  env_steps=  1382400  eps=0.050  episodes= 18299  recent_return=1.22  win=0.38  buf=100000
iter= 11000  env_steps=  1408000  eps=0.050  episodes= 18628  recent_return=1.25  win=0.40  buf=100000
iter= 11200  env_steps=  1433600  eps=0.050  episodes= 18959  recent_return=1.15  win=0.32  buf=100000
iter= 11400  env_steps=  1459200  eps=0.050  episodes= 19281  recent_return=1.21  win=0.38  buf=100000
iter= 11600  env_steps=  1484800  eps=0.050  episodes= 19606  recent_return=1.37  win=0.47  buf=100000
iter= 11800  env_steps=  1510400  eps=0.050  episodes= 19928  recent_return=1.42  win=0.52  buf=100000
iter= 12000  env_steps=  1536000  eps=0.050  episodes= 20262  recent_return=1.48  win=0.57  buf=100000
iter= 12200  env_steps=  1561600  eps=0.050  episodes= 20601  recent_return=1.71  win=0.76  buf=100000
iter= 12400  env_steps=  1587200  eps=0.050  episodes= 20952  recent_return=1.64  win=0.70  buf=100000
iter= 12600  env_steps=  1612800  eps=0.050  episodes= 21292  recent_return=1.80  win=0.82  buf=100000
iter= 12800  env_steps=  1638400  eps=0.050  episodes= 21646  recent_return=1.84  win=0.86  buf=100000
iter= 13000  env_steps=  1664000  eps=0.050  episodes= 21996  recent_return=1.78  win=0.81  buf=100000
iter= 13200  env_steps=  1689600  eps=0.050  episodes= 22334  recent_return=1.81  win=0.83  buf=100000
iter= 13400  env_steps=  1715200  eps=0.050  episodes= 22701  recent_return=1.88  win=0.90  buf=100000
iter= 13600  env_steps=  1740800  eps=0.050  episodes= 23072  recent_return=1.87  win=0.88  buf=100000
iter= 13800  env_steps=  1766400  eps=0.050  episodes= 23441  recent_return=1.88  win=0.90  buf=100000
iter= 14000  env_steps=  1792000  eps=0.050  episodes= 23822  recent_return=1.92  win=0.93  buf=100000
iter= 14200  env_steps=  1817600  eps=0.050  episodes= 24207  recent_return=1.95  win=0.96  buf=100000
iter= 14400  env_steps=  1843200  eps=0.050  episodes= 24589  recent_return=1.96  win=0.96  buf=100000
iter= 14600  env_steps=  1868800  eps=0.050  episodes= 24968  recent_return=1.96  win=0.96  buf=100000
iter= 14800  env_steps=  1894400  eps=0.050  episodes= 25350  recent_return=1.91  win=0.92  buf=100000
iter= 15000  env_steps=  1920000  eps=0.050  episodes= 25741  recent_return=1.94  win=0.94  buf=100000
iter= 15200  env_steps=  1945600  eps=0.050  episodes= 26127  recent_return=1.95  win=0.95  buf=100000
iter= 15400  env_steps=  1971200  eps=0.050  episodes= 26523  recent_return=1.94  win=0.94  buf=100000
iter= 15600  env_steps=  1996800  eps=0.050  episodes= 26906  recent_return=1.96  win=0.96  buf=100000
[run] 2000000 env-steps in 796s => 2511 env-steps/sec
[run] saved -> results_smax/smax_2s3z_qmix_correlated_hidden_s0.npz
