# /home/jwozniak/MARL/.venv/bin/python3 -m smax.run --exploration correlated --similarity q_values --mixer qmix --seed 4 --total-steps 2000000 --out results_smax/smax_2s3z_qmix_correlated_q_values_s4.npz
2026-06-20 23:31:04.393707: W external/xla/xla/service/gpu/nvptx_compiler.cc:930] The NVIDIA driver's CUDA version is 12.7 which is older than the PTX compiler version 12.9.86. Because the driver is older than the PTX compiler version, XLA is disabling parallel compilation, which may slow down compilation. You should update your NVIDIA driver or use the NVIDIA-provided CUDA forward compatibility packages.
[run] cfg={'seed': 4, 'total_steps': 2000000, 'n_envs': 128, 'buffer_cap': 100000, 'batch_size': 128, 'warmup': 5000, 'updates_per_iter': 8, 'target_sync': 200, 'tau': 0.005, 'gamma': 0.99, 'lr': 0.0001, 'grad_clip': 10.0, 'eps_start': 1.0, 'eps_end': 0.05, 'eps_anneal_steps': 100000, 'hidden_size': 128, 'exploration': 'correlated', 'similarity': 'q_values', 'mixer': 'qmix', 'qmix_embed': 32, 'log_corr_every': 2000}
[cfg] n_agents=5  n_actions=10  obs_dim=127  state_dim=120  aug_dim=134
iter=     0  env_steps=        0  eps=1.000  episodes=     0  recent_return=0.00  win=0.00  buf=128
iter=   200  env_steps=    25600  eps=0.757  episodes=   416  recent_return=0.25  win=0.00  buf=25728
iter=   400  env_steps=    51200  eps=0.514  episodes=   875  recent_return=0.23  win=0.00  buf=51328
iter=   600  env_steps=    76800  eps=0.270  episodes=  1311  recent_return=0.19  win=0.00  buf=76928
iter=   800  env_steps=   102400  eps=0.050  episodes=  1747  recent_return=0.10  win=0.00  buf=100000
iter=  1000  env_steps=   128000  eps=0.050  episodes=  2181  recent_return=0.15  win=0.00  buf=100000
iter=  1200  env_steps=   153600  eps=0.050  episodes=  2623  recent_return=0.17  win=0.00  buf=100000
iter=  1400  env_steps=   179200  eps=0.050  episodes=  3067  recent_return=0.17  win=0.00  buf=100000
iter=  1600  env_steps=   204800  eps=0.050  episodes=  3491  recent_return=0.16  win=0.00  buf=100000
iter=  1800  env_steps=   230400  eps=0.050  episodes=  3895  recent_return=0.18  win=0.00  buf=100000
iter=  2000  env_steps=   256000  eps=0.050  episodes=  4325  recent_return=0.19  win=0.00  buf=100000
iter=  2200  env_steps=   281600  eps=0.050  episodes=  4756  recent_return=0.22  win=0.00  buf=100000
iter=  2400  env_steps=   307200  eps=0.050  episodes=  5152  recent_return=0.20  win=0.00  buf=100000
iter=  2600  env_steps=   332800  eps=0.050  episodes=  5503  recent_return=0.19  win=0.00  buf=100000
iter=  2800  env_steps=   358400  eps=0.050  episodes=  5841  recent_return=0.18  win=0.00  buf=100000
iter=  3000  env_steps=   384000  eps=0.050  episodes=  6188  recent_return=0.18  win=0.00  buf=100000
iter=  3200  env_steps=   409600  eps=0.050  episodes=  6573  recent_return=0.15  win=0.00  buf=100000
iter=  3400  env_steps=   435200  eps=0.050  episodes=  6902  recent_return=0.14  win=0.00  buf=100000
iter=  3600  env_steps=   460800  eps=0.050  episodes=  7226  recent_return=0.18  win=0.00  buf=100000
iter=  3800  env_steps=   486400  eps=0.050  episodes=  7514  recent_return=0.16  win=0.00  buf=100000
iter=  4000  env_steps=   512000  eps=0.050  episodes=  7780  recent_return=0.16  win=0.00  buf=100000
iter=  4200  env_steps=   537600  eps=0.050  episodes=  8055  recent_return=0.16  win=0.00  buf=100000
iter=  4400  env_steps=   563200  eps=0.050  episodes=  8333  recent_return=0.20  win=0.00  buf=100000
iter=  4600  env_steps=   588800  eps=0.050  episodes=  8593  recent_return=0.21  win=0.00  buf=100000
iter=  4800  env_steps=   614400  eps=0.050  episodes=  8880  recent_return=0.24  win=0.00  buf=100000
iter=  5000  env_steps=   640000  eps=0.050  episodes=  9195  recent_return=0.34  win=0.00  buf=100000
iter=  5200  env_steps=   665600  eps=0.050  episodes=  9553  recent_return=0.43  win=0.00  buf=100000
iter=  5400  env_steps=   691200  eps=0.050  episodes=  9903  recent_return=0.42  win=0.00  buf=100000
iter=  5600  env_steps=   716800  eps=0.050  episodes= 10227  recent_return=0.44  win=0.00  buf=100000
iter=  5800  env_steps=   742400  eps=0.050  episodes= 10560  recent_return=0.48  win=0.00  buf=100000
iter=  6000  env_steps=   768000  eps=0.050  episodes= 10910  recent_return=0.59  win=0.00  buf=100000
iter=  6200  env_steps=   793600  eps=0.050  episodes= 11251  recent_return=0.68  win=0.00  buf=100000
iter=  6400  env_steps=   819200  eps=0.050  episodes= 11569  recent_return=0.75  win=0.03  buf=100000
iter=  6600  env_steps=   844800  eps=0.050  episodes= 11890  recent_return=0.76  win=0.03  buf=100000
iter=  6800  env_steps=   870400  eps=0.050  episodes= 12220  recent_return=0.82  win=0.03  buf=100000
iter=  7000  env_steps=   896000  eps=0.050  episodes= 12534  recent_return=0.93  win=0.11  buf=100000
iter=  7200  env_steps=   921600  eps=0.050  episodes= 12850  recent_return=0.90  win=0.10  buf=100000
iter=  7400  env_steps=   947200  eps=0.050  episodes= 13175  recent_return=0.89  win=0.09  buf=100000
iter=  7600  env_steps=   972800  eps=0.050  episodes= 13499  recent_return=0.92  win=0.10  buf=100000
iter=  7800  env_steps=   998400  eps=0.050  episodes= 13823  recent_return=1.12  win=0.26  buf=100000
iter=  8000  env_steps=  1024000  eps=0.050  episodes= 14148  recent_return=1.22  win=0.34  buf=100000
iter=  8200  env_steps=  1049600  eps=0.050  episodes= 14470  recent_return=1.22  win=0.33  buf=100000
iter=  8400  env_steps=  1075200  eps=0.050  episodes= 14786  recent_return=1.41  win=0.48  buf=100000
iter=  8600  env_steps=  1100800  eps=0.050  episodes= 15099  recent_return=1.42  win=0.49  buf=100000
iter=  8800  env_steps=  1126400  eps=0.050  episodes= 15419  recent_return=1.43  win=0.51  buf=100000
iter=  9000  env_steps=  1152000  eps=0.050  episodes= 15717  recent_return=1.46  win=0.54  buf=100000
iter=  9200  env_steps=  1177600  eps=0.050  episodes= 16047  recent_return=1.34  win=0.45  buf=100000
iter=  9400  env_steps=  1203200  eps=0.050  episodes= 16356  recent_return=1.41  win=0.49  buf=100000
iter=  9600  env_steps=  1228800  eps=0.050  episodes= 16682  recent_return=1.40  win=0.51  buf=100000
iter=  9800  env_steps=  1254400  eps=0.050  episodes= 17005  recent_return=1.47  win=0.56  buf=100000
iter= 10000  env_steps=  1280000  eps=0.050  episodes= 17329  recent_return=1.45  win=0.56  buf=100000
iter= 10200  env_steps=  1305600  eps=0.050  episodes= 17645  recent_return=1.35  win=0.47  buf=100000
iter= 10400  env_steps=  1331200  eps=0.050  episodes= 17965  recent_return=1.34  win=0.46  buf=100000
iter= 10600  env_steps=  1356800  eps=0.050  episodes= 18292  recent_return=1.53  win=0.60  buf=100000
iter= 10800  env_steps=  1382400  eps=0.050  episodes= 18628  recent_return=1.59  win=0.65  buf=100000
iter= 11000  env_steps=  1408000  eps=0.050  episodes= 18982  recent_return=1.73  win=0.77  buf=100000
iter= 11200  env_steps=  1433600  eps=0.050  episodes= 19338  recent_return=1.86  win=0.89  buf=100000
iter= 11400  env_steps=  1459200  eps=0.050  episodes= 19699  recent_return=1.77  win=0.81  buf=100000
iter= 11600  env_steps=  1484800  eps=0.050  episodes= 20068  recent_return=1.74  win=0.78  buf=100000
iter= 11800  env_steps=  1510400  eps=0.050  episodes= 20443  recent_return=1.86  win=0.88  buf=100000
iter= 12000  env_steps=  1536000  eps=0.050  episodes= 20823  recent_return=1.92  win=0.94  buf=100000
iter= 12200  env_steps=  1561600  eps=0.050  episodes= 21220  recent_return=1.95  win=0.95  buf=100000
iter= 12400  env_steps=  1587200  eps=0.050  episodes= 21613  recent_return=1.98  win=0.98  buf=100000
iter= 12600  env_steps=  1612800  eps=0.050  episodes= 22003  recent_return=1.91  win=0.92  buf=100000
iter= 12800  env_steps=  1638400  eps=0.050  episodes= 22402  recent_return=1.97  win=0.97  buf=100000
iter= 13000  env_steps=  1664000  eps=0.050  episodes= 22801  recent_return=1.97  win=0.97  buf=100000
iter= 13200  env_steps=  1689600  eps=0.050  episodes= 23215  recent_return=1.99  win=0.99  buf=100000
iter= 13400  env_steps=  1715200  eps=0.050  episodes= 23631  recent_return=1.98  win=0.98  buf=100000
iter= 13600  env_steps=  1740800  eps=0.050  episodes= 24051  recent_return=1.98  win=0.98  buf=100000
iter= 13800  env_steps=  1766400  eps=0.050  episodes= 24467  recent_return=1.94  win=0.95  buf=100000
iter= 14000  env_steps=  1792000  eps=0.050  episodes= 24897  recent_return=1.94  win=0.95  buf=100000
iter= 14200  env_steps=  1817600  eps=0.050  episodes= 25294  recent_return=1.92  win=0.94  buf=100000
iter= 14400  env_steps=  1843200  eps=0.050  episodes= 25720  recent_return=1.95  win=0.95  buf=100000
iter= 14600  env_steps=  1868800  eps=0.050  episodes= 26148  recent_return=1.98  win=0.98  buf=100000
iter= 14800  env_steps=  1894400  eps=0.050  episodes= 26583  recent_return=1.97  win=0.97  buf=100000
iter= 15000  env_steps=  1920000  eps=0.050  episodes= 27003  recent_return=1.95  win=0.96  buf=100000
iter= 15200  env_steps=  1945600  eps=0.050  episodes= 27412  recent_return=1.95  win=0.95  buf=100000
iter= 15400  env_steps=  1971200  eps=0.050  episodes= 27832  recent_return=1.98  win=0.98  buf=100000
iter= 15600  env_steps=  1996800  eps=0.050  episodes= 28251  recent_return=1.98  win=0.98  buf=100000
[run] 2000000 env-steps in 828s => 2416 env-steps/sec
[run] saved -> results_smax/smax_2s3z_qmix_correlated_q_values_s4.npz
