# /home/jwozniak/MARL/.venv/bin/python3 -m smax.run --exploration correlated --similarity obs --mixer vdn --seed 1 --total-steps 2000000 --out results_smax/smax_2s3z_vdn_correlated_obs_s1.npz
2026-06-11 17:57:24.334796: W external/xla/xla/service/gpu/nvptx_compiler.cc:930] The NVIDIA driver's CUDA version is 12.7 which is older than the PTX compiler version 12.9.86. Because the driver is older than the PTX compiler version, XLA is disabling parallel compilation, which may slow down compilation. You should update your NVIDIA driver or use the NVIDIA-provided CUDA forward compatibility packages.
[run] cfg={'seed': 1, 'total_steps': 2000000, 'n_envs': 128, 'buffer_cap': 100000, 'batch_size': 128, 'warmup': 5000, 'updates_per_iter': 8, 'target_sync': 200, 'tau': 0.005, 'gamma': 0.99, 'lr': 0.0001, 'grad_clip': 10.0, 'eps_start': 1.0, 'eps_end': 0.05, 'eps_anneal_steps': 100000, 'hidden_size': 128, 'exploration': 'correlated', 'similarity': 'obs', 'mixer': 'vdn', 'qmix_embed': 32, 'log_corr_every': 2000}
[cfg] n_agents=5  n_actions=10  obs_dim=127  state_dim=120  aug_dim=134
iter=     0  env_steps=        0  eps=1.000  episodes=     0  recent_return=0.00  win=0.00  buf=128
iter=   200  env_steps=    25600  eps=0.757  episodes=   405  recent_return=0.26  win=0.00  buf=25728
iter=   400  env_steps=    51200  eps=0.514  episodes=   881  recent_return=0.29  win=0.00  buf=51328
iter=   600  env_steps=    76800  eps=0.270  episodes=  1350  recent_return=0.27  win=0.00  buf=76928
iter=   800  env_steps=   102400  eps=0.050  episodes=  1798  recent_return=0.23  win=0.00  buf=100000
iter=  1000  env_steps=   128000  eps=0.050  episodes=  2229  recent_return=0.26  win=0.01  buf=100000
iter=  1200  env_steps=   153600  eps=0.050  episodes=  2665  recent_return=0.24  win=0.01  buf=100000
iter=  1400  env_steps=   179200  eps=0.050  episodes=  3121  recent_return=0.24  win=0.00  buf=100000
iter=  1600  env_steps=   204800  eps=0.050  episodes=  3545  recent_return=0.23  win=0.01  buf=100000
iter=  1800  env_steps=   230400  eps=0.050  episodes=  3957  recent_return=0.21  win=0.00  buf=100000
iter=  2000  env_steps=   256000  eps=0.050  episodes=  4331  recent_return=0.22  win=0.01  buf=100000
iter=  2200  env_steps=   281600  eps=0.050  episodes=  4683  recent_return=0.25  win=0.01  buf=100000
iter=  2400  env_steps=   307200  eps=0.050  episodes=  5033  recent_return=0.26  win=0.01  buf=100000
iter=  2600  env_steps=   332800  eps=0.050  episodes=  5381  recent_return=0.23  win=0.00  buf=100000
iter=  2800  env_steps=   358400  eps=0.050  episodes=  5729  recent_return=0.26  win=0.00  buf=100000
iter=  3000  env_steps=   384000  eps=0.050  episodes=  6089  recent_return=0.26  win=0.01  buf=100000
iter=  3200  env_steps=   409600  eps=0.050  episodes=  6448  recent_return=0.30  win=0.01  buf=100000
iter=  3400  env_steps=   435200  eps=0.050  episodes=  6827  recent_return=0.30  win=0.01  buf=100000
iter=  3600  env_steps=   460800  eps=0.050  episodes=  7211  recent_return=0.34  win=0.02  buf=100000
iter=  3800  env_steps=   486400  eps=0.050  episodes=  7588  recent_return=0.35  win=0.01  buf=100000
iter=  4000  env_steps=   512000  eps=0.050  episodes=  7974  recent_return=0.40  win=0.12  buf=100000
iter=  4200  env_steps=   537600  eps=0.050  episodes=  8380  recent_return=0.43  win=0.21  buf=100000
iter=  4400  env_steps=   563200  eps=0.050  episodes=  8800  recent_return=0.48  win=0.37  buf=100000
iter=  4600  env_steps=   588800  eps=0.050  episodes=  9224  recent_return=0.50  win=0.51  buf=100000
iter=  4800  env_steps=   614400  eps=0.050  episodes=  9667  recent_return=0.51  win=0.57  buf=100000
iter=  5000  env_steps=   640000  eps=0.050  episodes= 10105  recent_return=0.54  win=0.72  buf=100000
iter=  5200  env_steps=   665600  eps=0.050  episodes= 10555  recent_return=0.57  win=0.82  buf=100000
iter=  5400  env_steps=   691200  eps=0.050  episodes= 11010  recent_return=0.58  win=0.86  buf=100000
iter=  5600  env_steps=   716800  eps=0.050  episodes= 11462  recent_return=0.62  win=0.95  buf=100000
iter=  5800  env_steps=   742400  eps=0.050  episodes= 11929  recent_return=0.60  win=0.93  buf=100000
iter=  6000  env_steps=   768000  eps=0.050  episodes= 12374  recent_return=0.61  win=0.94  buf=100000
iter=  6200  env_steps=   793600  eps=0.050  episodes= 12828  recent_return=0.62  win=0.93  buf=100000
iter=  6400  env_steps=   819200  eps=0.050  episodes= 13286  recent_return=0.62  win=0.94  buf=100000
iter=  6600  env_steps=   844800  eps=0.050  episodes= 13727  recent_return=0.66  win=1.00  buf=100000
iter=  6800  env_steps=   870400  eps=0.050  episodes= 14173  recent_return=0.66  win=0.98  buf=100000
iter=  7000  env_steps=   896000  eps=0.050  episodes= 14609  recent_return=0.68  win=0.99  buf=100000
iter=  7200  env_steps=   921600  eps=0.050  episodes= 15052  recent_return=0.66  win=0.96  buf=100000
iter=  7400  env_steps=   947200  eps=0.050  episodes= 15491  recent_return=0.68  win=0.99  buf=100000
iter=  7600  env_steps=   972800  eps=0.050  episodes= 15916  recent_return=0.72  win=0.98  buf=100000
iter=  7800  env_steps=   998400  eps=0.050  episodes= 16320  recent_return=0.72  win=0.99  buf=100000
iter=  8000  env_steps=  1024000  eps=0.050  episodes= 16736  recent_return=0.72  win=0.99  buf=100000
iter=  8200  env_steps=  1049600  eps=0.050  episodes= 17132  recent_return=0.76  win=1.00  buf=100000
iter=  8400  env_steps=  1075200  eps=0.050  episodes= 17533  recent_return=0.79  win=1.00  buf=100000
iter=  8600  env_steps=  1100800  eps=0.050  episodes= 17920  recent_return=0.77  win=0.98  buf=100000
iter=  8800  env_steps=  1126400  eps=0.050  episodes= 18297  recent_return=0.83  win=0.99  buf=100000
iter=  9000  env_steps=  1152000  eps=0.050  episodes= 18669  recent_return=0.74  win=0.89  buf=100000
iter=  9200  env_steps=  1177600  eps=0.050  episodes= 19036  recent_return=0.86  win=0.96  buf=100000
iter=  9400  env_steps=  1203200  eps=0.050  episodes= 19389  recent_return=0.87  win=0.97  buf=100000
iter=  9600  env_steps=  1228800  eps=0.050  episodes= 19726  recent_return=0.91  win=0.97  buf=100000
iter=  9800  env_steps=  1254400  eps=0.050  episodes= 20074  recent_return=1.05  win=0.99  buf=100000
iter= 10000  env_steps=  1280000  eps=0.050  episodes= 20417  recent_return=1.09  win=0.99  buf=100000
iter= 10200  env_steps=  1305600  eps=0.050  episodes= 20774  recent_return=1.21  win=0.98  buf=100000
iter= 10400  env_steps=  1331200  eps=0.050  episodes= 21106  recent_return=1.23  win=0.99  buf=100000
iter= 10600  env_steps=  1356800  eps=0.050  episodes= 21454  recent_return=1.40  win=0.99  buf=100000
iter= 10800  env_steps=  1382400  eps=0.050  episodes= 21812  recent_return=1.47  win=1.00  buf=100000
iter= 11000  env_steps=  1408000  eps=0.050  episodes= 22176  recent_return=1.49  win=1.00  buf=100000
iter= 11200  env_steps=  1433600  eps=0.050  episodes= 22535  recent_return=1.69  win=0.99  buf=100000
iter= 11400  env_steps=  1459200  eps=0.050  episodes= 22931  recent_return=1.83  win=1.00  buf=100000
iter= 11600  env_steps=  1484800  eps=0.050  episodes= 23306  recent_return=1.79  win=0.99  buf=100000
iter= 11800  env_steps=  1510400  eps=0.050  episodes= 23704  recent_return=1.89  win=0.99  buf=100000
iter= 12000  env_steps=  1536000  eps=0.050  episodes= 24095  recent_return=1.89  win=1.00  buf=100000
iter= 12200  env_steps=  1561600  eps=0.050  episodes= 24484  recent_return=1.87  win=1.00  buf=100000
iter= 12400  env_steps=  1587200  eps=0.050  episodes= 24867  recent_return=1.91  win=1.00  buf=100000
iter= 12600  env_steps=  1612800  eps=0.050  episodes= 25247  recent_return=1.91  win=1.00  buf=100000
iter= 12800  env_steps=  1638400  eps=0.050  episodes= 25629  recent_return=1.87  win=0.99  buf=100000
iter= 13000  env_steps=  1664000  eps=0.050  episodes= 26009  recent_return=1.81  win=0.99  buf=100000
iter= 13200  env_steps=  1689600  eps=0.050  episodes= 26395  recent_return=1.87  win=1.00  buf=100000
iter= 13400  env_steps=  1715200  eps=0.050  episodes= 26763  recent_return=1.88  win=1.00  buf=100000
iter= 13600  env_steps=  1740800  eps=0.050  episodes= 27137  recent_return=1.88  win=1.00  buf=100000
iter= 13800  env_steps=  1766400  eps=0.050  episodes= 27521  recent_return=1.96  win=1.00  buf=100000
iter= 14000  env_steps=  1792000  eps=0.050  episodes= 27889  recent_return=1.86  win=1.00  buf=100000
iter= 14200  env_steps=  1817600  eps=0.050  episodes= 28272  recent_return=1.90  win=1.00  buf=100000
iter= 14400  env_steps=  1843200  eps=0.050  episodes= 28648  recent_return=1.94  win=1.00  buf=100000
iter= 14600  env_steps=  1868800  eps=0.050  episodes= 29018  recent_return=1.88  win=1.00  buf=100000
iter= 14800  env_steps=  1894400  eps=0.050  episodes= 29396  recent_return=1.91  win=0.99  buf=100000
iter= 15000  env_steps=  1920000  eps=0.050  episodes= 29778  recent_return=1.93  win=1.00  buf=100000
iter= 15200  env_steps=  1945600  eps=0.050  episodes= 30152  recent_return=1.95  win=1.00  buf=100000
iter= 15400  env_steps=  1971200  eps=0.050  episodes= 30530  recent_return=1.92  win=1.00  buf=100000
iter= 15600  env_steps=  1996800  eps=0.050  episodes= 30914  recent_return=1.95  win=1.00  buf=100000
[run] 2000000 env-steps in 550s => 3639 env-steps/sec
[run] saved -> results_smax/smax_2s3z_vdn_correlated_obs_s1.npz
