# /home/jwozniak/MARL/.venv/bin/python3 -m smax.run --exploration independent --similarity obs --mixer qmix --seed 3 --total-steps 2000000 --out results_smax/smax_2s3z_qmix_independent_na_s3.npz
2026-06-20 21:48:56.532533: W external/xla/xla/service/gpu/nvptx_compiler.cc:930] The NVIDIA driver's CUDA version is 12.7 which is older than the PTX compiler version 12.9.86. Because the driver is older than the PTX compiler version, XLA is disabling parallel compilation, which may slow down compilation. You should update your NVIDIA driver or use the NVIDIA-provided CUDA forward compatibility packages.
[run] cfg={'seed': 3, 'total_steps': 2000000, 'n_envs': 128, 'buffer_cap': 100000, 'batch_size': 128, 'warmup': 5000, 'updates_per_iter': 8, 'target_sync': 200, 'tau': 0.005, 'gamma': 0.99, 'lr': 0.0001, 'grad_clip': 10.0, 'eps_start': 1.0, 'eps_end': 0.05, 'eps_anneal_steps': 100000, 'hidden_size': 128, 'exploration': 'independent', 'similarity': 'obs', 'mixer': 'qmix', 'qmix_embed': 32, 'log_corr_every': 2000}
[cfg] n_agents=5  n_actions=10  obs_dim=127  state_dim=120  aug_dim=134
iter=     0  env_steps=        0  eps=1.000  episodes=     0  recent_return=0.00  win=0.00  buf=128
iter=   200  env_steps=    25600  eps=0.757  episodes=   389  recent_return=0.24  win=0.00  buf=25728
iter=   400  env_steps=    51200  eps=0.514  episodes=   854  recent_return=0.30  win=0.00  buf=51328
iter=   600  env_steps=    76800  eps=0.270  episodes=  1301  recent_return=0.24  win=0.00  buf=76928
iter=   800  env_steps=   102400  eps=0.050  episodes=  1750  recent_return=0.24  win=0.00  buf=100000
iter=  1000  env_steps=   128000  eps=0.050  episodes=  2185  recent_return=0.29  win=0.00  buf=100000
iter=  1200  env_steps=   153600  eps=0.050  episodes=  2606  recent_return=0.27  win=0.00  buf=100000
iter=  1400  env_steps=   179200  eps=0.050  episodes=  3026  recent_return=0.24  win=0.00  buf=100000
iter=  1600  env_steps=   204800  eps=0.050  episodes=  3433  recent_return=0.19  win=0.00  buf=100000
iter=  1800  env_steps=   230400  eps=0.050  episodes=  3845  recent_return=0.25  win=0.00  buf=100000
iter=  2000  env_steps=   256000  eps=0.050  episodes=  4259  recent_return=0.25  win=0.00  buf=100000
iter=  2200  env_steps=   281600  eps=0.050  episodes=  4637  recent_return=0.17  win=0.00  buf=100000
iter=  2400  env_steps=   307200  eps=0.050  episodes=  4982  recent_return=0.13  win=0.00  buf=100000
iter=  2600  env_steps=   332800  eps=0.050  episodes=  5323  recent_return=0.14  win=0.00  buf=100000
iter=  2800  env_steps=   358400  eps=0.050  episodes=  5666  recent_return=0.18  win=0.00  buf=100000
iter=  3000  env_steps=   384000  eps=0.050  episodes=  5980  recent_return=0.14  win=0.00  buf=100000
iter=  3200  env_steps=   409600  eps=0.050  episodes=  6285  recent_return=0.10  win=0.00  buf=100000
iter=  3400  env_steps=   435200  eps=0.050  episodes=  6607  recent_return=0.10  win=0.00  buf=100000
iter=  3600  env_steps=   460800  eps=0.050  episodes=  6920  recent_return=0.09  win=0.00  buf=100000
iter=  3800  env_steps=   486400  eps=0.050  episodes=  7202  recent_return=0.12  win=0.00  buf=100000
iter=  4000  env_steps=   512000  eps=0.050  episodes=  7475  recent_return=0.15  win=0.00  buf=100000
iter=  4200  env_steps=   537600  eps=0.050  episodes=  7787  recent_return=0.16  win=0.00  buf=100000
iter=  4400  env_steps=   563200  eps=0.050  episodes=  8096  recent_return=0.17  win=0.00  buf=100000
iter=  4600  env_steps=   588800  eps=0.050  episodes=  8410  recent_return=0.21  win=0.00  buf=100000
iter=  4800  env_steps=   614400  eps=0.050  episodes=  8724  recent_return=0.30  win=0.00  buf=100000
iter=  5000  env_steps=   640000  eps=0.050  episodes=  9040  recent_return=0.33  win=0.00  buf=100000
iter=  5200  env_steps=   665600  eps=0.050  episodes=  9346  recent_return=0.35  win=0.00  buf=100000
iter=  5400  env_steps=   691200  eps=0.050  episodes=  9661  recent_return=0.32  win=0.00  buf=100000
iter=  5600  env_steps=   716800  eps=0.050  episodes=  9984  recent_return=0.35  win=0.00  buf=100000
iter=  5800  env_steps=   742400  eps=0.050  episodes= 10316  recent_return=0.47  win=0.00  buf=100000
iter=  6000  env_steps=   768000  eps=0.050  episodes= 10663  recent_return=0.57  win=0.00  buf=100000
iter=  6200  env_steps=   793600  eps=0.050  episodes= 11019  recent_return=0.65  win=0.00  buf=100000
iter=  6400  env_steps=   819200  eps=0.050  episodes= 11360  recent_return=0.67  win=0.00  buf=100000
iter=  6600  env_steps=   844800  eps=0.050  episodes= 11703  recent_return=0.67  win=0.00  buf=100000
iter=  6800  env_steps=   870400  eps=0.050  episodes= 12044  recent_return=0.70  win=0.00  buf=100000
iter=  7000  env_steps=   896000  eps=0.050  episodes= 12369  recent_return=0.73  win=0.01  buf=100000
iter=  7200  env_steps=   921600  eps=0.050  episodes= 12691  recent_return=0.71  win=0.00  buf=100000
iter=  7400  env_steps=   947200  eps=0.050  episodes= 13013  recent_return=0.76  win=0.01  buf=100000
iter=  7600  env_steps=   972800  eps=0.050  episodes= 13329  recent_return=0.79  win=0.01  buf=100000
iter=  7800  env_steps=   998400  eps=0.050  episodes= 13665  recent_return=0.85  win=0.06  buf=100000
iter=  8000  env_steps=  1024000  eps=0.050  episodes= 13993  recent_return=0.87  win=0.05  buf=100000
iter=  8200  env_steps=  1049600  eps=0.050  episodes= 14330  recent_return=0.82  win=0.04  buf=100000
iter=  8400  env_steps=  1075200  eps=0.050  episodes= 14654  recent_return=0.91  win=0.09  buf=100000
iter=  8600  env_steps=  1100800  eps=0.050  episodes= 14994  recent_return=0.94  win=0.12  buf=100000
iter=  8800  env_steps=  1126400  eps=0.050  episodes= 15331  recent_return=0.93  win=0.12  buf=100000
iter=  9000  env_steps=  1152000  eps=0.050  episodes= 15659  recent_return=1.04  win=0.18  buf=100000
iter=  9200  env_steps=  1177600  eps=0.050  episodes= 15984  recent_return=1.15  win=0.28  buf=100000
iter=  9400  env_steps=  1203200  eps=0.050  episodes= 16328  recent_return=1.06  win=0.23  buf=100000
iter=  9600  env_steps=  1228800  eps=0.050  episodes= 16661  recent_return=1.11  win=0.26  buf=100000
iter=  9800  env_steps=  1254400  eps=0.050  episodes= 16989  recent_return=1.05  win=0.22  buf=100000
iter= 10000  env_steps=  1280000  eps=0.050  episodes= 17303  recent_return=1.09  win=0.25  buf=100000
iter= 10200  env_steps=  1305600  eps=0.050  episodes= 17636  recent_return=1.12  win=0.27  buf=100000
iter= 10400  env_steps=  1331200  eps=0.050  episodes= 17970  recent_return=1.08  win=0.26  buf=100000
iter= 10600  env_steps=  1356800  eps=0.050  episodes= 18289  recent_return=1.08  win=0.26  buf=100000
iter= 10800  env_steps=  1382400  eps=0.050  episodes= 18619  recent_return=1.19  win=0.34  buf=100000
iter= 11000  env_steps=  1408000  eps=0.050  episodes= 18953  recent_return=1.30  win=0.41  buf=100000
iter= 11200  env_steps=  1433600  eps=0.050  episodes= 19293  recent_return=1.25  win=0.40  buf=100000
iter= 11400  env_steps=  1459200  eps=0.050  episodes= 19625  recent_return=1.22  win=0.36  buf=100000
iter= 11600  env_steps=  1484800  eps=0.050  episodes= 19959  recent_return=1.10  win=0.28  buf=100000
iter= 11800  env_steps=  1510400  eps=0.050  episodes= 20291  recent_return=1.19  win=0.36  buf=100000
iter= 12000  env_steps=  1536000  eps=0.050  episodes= 20613  recent_return=1.23  win=0.36  buf=100000
iter= 12200  env_steps=  1561600  eps=0.050  episodes= 20923  recent_return=1.05  win=0.25  buf=100000
iter= 12400  env_steps=  1587200  eps=0.050  episodes= 21237  recent_return=1.03  win=0.24  buf=100000
iter= 12600  env_steps=  1612800  eps=0.050  episodes= 21556  recent_return=1.17  win=0.34  buf=100000
iter= 12800  env_steps=  1638400  eps=0.050  episodes= 21886  recent_return=1.27  win=0.41  buf=100000
iter= 13000  env_steps=  1664000  eps=0.050  episodes= 22229  recent_return=1.18  win=0.34  buf=100000
iter= 13200  env_steps=  1689600  eps=0.050  episodes= 22566  recent_return=1.51  win=0.61  buf=100000
iter= 13400  env_steps=  1715200  eps=0.050  episodes= 22910  recent_return=1.36  win=0.50  buf=100000
iter= 13600  env_steps=  1740800  eps=0.050  episodes= 23247  recent_return=1.42  win=0.55  buf=100000
iter= 13800  env_steps=  1766400  eps=0.050  episodes= 23585  recent_return=1.47  win=0.57  buf=100000
iter= 14000  env_steps=  1792000  eps=0.050  episodes= 23923  recent_return=1.66  win=0.72  buf=100000
iter= 14200  env_steps=  1817600  eps=0.050  episodes= 24277  recent_return=1.60  win=0.68  buf=100000
iter= 14400  env_steps=  1843200  eps=0.050  episodes= 24632  recent_return=1.63  win=0.70  buf=100000
iter= 14600  env_steps=  1868800  eps=0.050  episodes= 24983  recent_return=1.74  win=0.79  buf=100000
iter= 14800  env_steps=  1894400  eps=0.050  episodes= 25357  recent_return=1.82  win=0.85  buf=100000
iter= 15000  env_steps=  1920000  eps=0.050  episodes= 25736  recent_return=1.80  win=0.84  buf=100000
iter= 15200  env_steps=  1945600  eps=0.050  episodes= 26113  recent_return=1.85  win=0.88  buf=100000
iter= 15400  env_steps=  1971200  eps=0.050  episodes= 26485  recent_return=1.90  win=0.91  buf=100000
iter= 15600  env_steps=  1996800  eps=0.050  episodes= 26876  recent_return=1.90  win=0.93  buf=100000
[run] 2000000 env-steps in 809s => 2471 env-steps/sec
[run] saved -> results_smax/smax_2s3z_qmix_independent_na_s3.npz
