# /home/jwozniak/MARL/.venv/bin/python3 -m smax.run --exploration correlated --similarity obs --mixer vdn --seed 4 --total-steps 2000000 --out results_smax/smax_2s3z_vdn_correlated_obs_s4.npz
2026-06-11 18:35:27.187294: W external/xla/xla/service/gpu/nvptx_compiler.cc:930] The NVIDIA driver's CUDA version is 12.7 which is older than the PTX compiler version 12.9.86. Because the driver is older than the PTX compiler version, XLA is disabling parallel compilation, which may slow down compilation. You should update your NVIDIA driver or use the NVIDIA-provided CUDA forward compatibility packages.
[run] cfg={'seed': 4, 'total_steps': 2000000, 'n_envs': 128, 'buffer_cap': 100000, 'batch_size': 128, 'warmup': 5000, 'updates_per_iter': 8, 'target_sync': 200, 'tau': 0.005, 'gamma': 0.99, 'lr': 0.0001, 'grad_clip': 10.0, 'eps_start': 1.0, 'eps_end': 0.05, 'eps_anneal_steps': 100000, 'hidden_size': 128, 'exploration': 'correlated', 'similarity': 'obs', 'mixer': 'vdn', 'qmix_embed': 32, 'log_corr_every': 2000}
[cfg] n_agents=5  n_actions=10  obs_dim=127  state_dim=120  aug_dim=134
iter=     0  env_steps=        0  eps=1.000  episodes=     0  recent_return=0.00  win=0.00  buf=128
iter=   200  env_steps=    25600  eps=0.757  episodes=   398  recent_return=0.25  win=0.00  buf=25728
iter=   400  env_steps=    51200  eps=0.514  episodes=   875  recent_return=0.29  win=0.00  buf=51328
iter=   600  env_steps=    76800  eps=0.270  episodes=  1327  recent_return=0.26  win=0.01  buf=76928
iter=   800  env_steps=   102400  eps=0.050  episodes=  1742  recent_return=0.19  win=0.00  buf=100000
iter=  1000  env_steps=   128000  eps=0.050  episodes=  2115  recent_return=0.20  win=0.01  buf=100000
iter=  1200  env_steps=   153600  eps=0.050  episodes=  2527  recent_return=0.24  win=0.01  buf=100000
iter=  1400  env_steps=   179200  eps=0.050  episodes=  2945  recent_return=0.20  win=0.00  buf=100000
iter=  1600  env_steps=   204800  eps=0.050  episodes=  3337  recent_return=0.21  win=0.00  buf=100000
iter=  1800  env_steps=   230400  eps=0.050  episodes=  3695  recent_return=0.24  win=0.00  buf=100000
iter=  2000  env_steps=   256000  eps=0.050  episodes=  4067  recent_return=0.23  win=0.00  buf=100000
iter=  2200  env_steps=   281600  eps=0.050  episodes=  4427  recent_return=0.24  win=0.00  buf=100000
iter=  2400  env_steps=   307200  eps=0.050  episodes=  4771  recent_return=0.23  win=0.00  buf=100000
iter=  2600  env_steps=   332800  eps=0.050  episodes=  5126  recent_return=0.28  win=0.00  buf=100000
iter=  2800  env_steps=   358400  eps=0.050  episodes=  5483  recent_return=0.28  win=0.00  buf=100000
iter=  3000  env_steps=   384000  eps=0.050  episodes=  5829  recent_return=0.28  win=0.00  buf=100000
iter=  3200  env_steps=   409600  eps=0.050  episodes=  6189  recent_return=0.30  win=0.00  buf=100000
iter=  3400  env_steps=   435200  eps=0.050  episodes=  6565  recent_return=0.30  win=0.01  buf=100000
iter=  3600  env_steps=   460800  eps=0.050  episodes=  6933  recent_return=0.32  win=0.01  buf=100000
iter=  3800  env_steps=   486400  eps=0.050  episodes=  7309  recent_return=0.33  win=0.03  buf=100000
iter=  4000  env_steps=   512000  eps=0.050  episodes=  7690  recent_return=0.35  win=0.03  buf=100000
iter=  4200  env_steps=   537600  eps=0.050  episodes=  8090  recent_return=0.37  win=0.06  buf=100000
iter=  4400  env_steps=   563200  eps=0.050  episodes=  8493  recent_return=0.41  win=0.12  buf=100000
iter=  4600  env_steps=   588800  eps=0.050  episodes=  8910  recent_return=0.46  win=0.33  buf=100000
iter=  4800  env_steps=   614400  eps=0.050  episodes=  9350  recent_return=0.47  win=0.34  buf=100000
iter=  5000  env_steps=   640000  eps=0.050  episodes=  9774  recent_return=0.51  win=0.53  buf=100000
iter=  5200  env_steps=   665600  eps=0.050  episodes= 10230  recent_return=0.55  win=0.74  buf=100000
iter=  5400  env_steps=   691200  eps=0.050  episodes= 10667  recent_return=0.58  win=0.86  buf=100000
iter=  5600  env_steps=   716800  eps=0.050  episodes= 11115  recent_return=0.58  win=0.83  buf=100000
iter=  5800  env_steps=   742400  eps=0.050  episodes= 11566  recent_return=0.62  win=0.94  buf=100000
iter=  6000  env_steps=   768000  eps=0.050  episodes= 12010  recent_return=0.63  win=0.97  buf=100000
iter=  6200  env_steps=   793600  eps=0.050  episodes= 12452  recent_return=0.63  win=0.93  buf=100000
iter=  6400  env_steps=   819200  eps=0.050  episodes= 12906  recent_return=0.63  win=0.95  buf=100000
iter=  6600  env_steps=   844800  eps=0.050  episodes= 13350  recent_return=0.63  win=0.93  buf=100000
iter=  6800  env_steps=   870400  eps=0.050  episodes= 13793  recent_return=0.67  win=0.99  buf=100000
iter=  7000  env_steps=   896000  eps=0.050  episodes= 14238  recent_return=0.66  win=0.95  buf=100000
iter=  7200  env_steps=   921600  eps=0.050  episodes= 14685  recent_return=0.66  win=0.95  buf=100000
iter=  7400  env_steps=   947200  eps=0.050  episodes= 15127  recent_return=0.68  win=0.99  buf=100000
iter=  7600  env_steps=   972800  eps=0.050  episodes= 15550  recent_return=0.68  win=0.98  buf=100000
iter=  7800  env_steps=   998400  eps=0.050  episodes= 15976  recent_return=0.71  win=1.00  buf=100000
iter=  8000  env_steps=  1024000  eps=0.050  episodes= 16411  recent_return=0.70  win=0.97  buf=100000
iter=  8200  env_steps=  1049600  eps=0.050  episodes= 16831  recent_return=0.72  win=0.99  buf=100000
iter=  8400  env_steps=  1075200  eps=0.050  episodes= 17246  recent_return=0.73  win=0.99  buf=100000
iter=  8600  env_steps=  1100800  eps=0.050  episodes= 17667  recent_return=0.75  win=0.98  buf=100000
iter=  8800  env_steps=  1126400  eps=0.050  episodes= 18085  recent_return=0.73  win=0.98  buf=100000
iter=  9000  env_steps=  1152000  eps=0.050  episodes= 18500  recent_return=0.74  win=0.97  buf=100000
iter=  9200  env_steps=  1177600  eps=0.050  episodes= 18905  recent_return=0.78  win=0.96  buf=100000
iter=  9400  env_steps=  1203200  eps=0.050  episodes= 19305  recent_return=0.84  win=0.98  buf=100000
iter=  9600  env_steps=  1228800  eps=0.050  episodes= 19689  recent_return=0.80  win=0.98  buf=100000
iter=  9800  env_steps=  1254400  eps=0.050  episodes= 20064  recent_return=0.88  win=0.99  buf=100000
iter= 10000  env_steps=  1280000  eps=0.050  episodes= 20429  recent_return=0.92  win=0.97  buf=100000
iter= 10200  env_steps=  1305600  eps=0.050  episodes= 20785  recent_return=0.90  win=0.95  buf=100000
iter= 10400  env_steps=  1331200  eps=0.050  episodes= 21139  recent_return=0.94  win=0.99  buf=100000
iter= 10600  env_steps=  1356800  eps=0.050  episodes= 21489  recent_return=0.98  win=0.99  buf=100000
iter= 10800  env_steps=  1382400  eps=0.050  episodes= 21830  recent_return=1.04  win=0.97  buf=100000
iter= 11000  env_steps=  1408000  eps=0.050  episodes= 22184  recent_return=1.08  win=0.97  buf=100000
iter= 11200  env_steps=  1433600  eps=0.050  episodes= 22537  recent_return=1.07  win=0.94  buf=100000
iter= 11400  env_steps=  1459200  eps=0.050  episodes= 22881  recent_return=1.36  win=0.99  buf=100000
iter= 11600  env_steps=  1484800  eps=0.050  episodes= 23234  recent_return=1.36  win=0.98  buf=100000
iter= 11800  env_steps=  1510400  eps=0.050  episodes= 23596  recent_return=1.51  win=0.97  buf=100000
iter= 12000  env_steps=  1536000  eps=0.050  episodes= 23960  recent_return=1.63  win=0.99  buf=100000
iter= 12200  env_steps=  1561600  eps=0.050  episodes= 24326  recent_return=1.68  win=1.00  buf=100000
iter= 12400  env_steps=  1587200  eps=0.050  episodes= 24711  recent_return=1.86  win=1.00  buf=100000
iter= 12600  env_steps=  1612800  eps=0.050  episodes= 25095  recent_return=1.92  win=0.99  buf=100000
iter= 12800  env_steps=  1638400  eps=0.050  episodes= 25474  recent_return=1.90  win=1.00  buf=100000
iter= 13000  env_steps=  1664000  eps=0.050  episodes= 25849  recent_return=1.96  win=1.00  buf=100000
iter= 13200  env_steps=  1689600  eps=0.050  episodes= 26221  recent_return=1.80  win=1.00  buf=100000
iter= 13400  env_steps=  1715200  eps=0.050  episodes= 26602  recent_return=1.97  win=1.00  buf=100000
iter= 13600  env_steps=  1740800  eps=0.050  episodes= 26979  recent_return=1.91  win=1.00  buf=100000
iter= 13800  env_steps=  1766400  eps=0.050  episodes= 27356  recent_return=1.91  win=1.00  buf=100000
iter= 14000  env_steps=  1792000  eps=0.050  episodes= 27720  recent_return=1.88  win=1.00  buf=100000
iter= 14200  env_steps=  1817600  eps=0.050  episodes= 28099  recent_return=1.94  win=1.00  buf=100000
iter= 14400  env_steps=  1843200  eps=0.050  episodes= 28460  recent_return=1.88  win=1.00  buf=100000
iter= 14600  env_steps=  1868800  eps=0.050  episodes= 28831  recent_return=1.91  win=1.00  buf=100000
iter= 14800  env_steps=  1894400  eps=0.050  episodes= 29199  recent_return=1.92  win=1.00  buf=100000
iter= 15000  env_steps=  1920000  eps=0.050  episodes= 29572  recent_return=1.85  win=1.00  buf=100000
iter= 15200  env_steps=  1945600  eps=0.050  episodes= 29940  recent_return=1.97  win=1.00  buf=100000
iter= 15400  env_steps=  1971200  eps=0.050  episodes= 30326  recent_return=1.97  win=1.00  buf=100000
iter= 15600  env_steps=  1996800  eps=0.050  episodes= 30711  recent_return=1.97  win=1.00  buf=100000
[run] 2000000 env-steps in 544s => 3675 env-steps/sec
[run] saved -> results_smax/smax_2s3z_vdn_correlated_obs_s4.npz
