# /home/jwozniak/MARL/.venv/bin/python3 -m smax.run --exploration correlated --similarity obs --mixer qmix --seed 3 --total-steps 2000000 --out results_smax/smax_2s3z_qmix_correlated_obs_s3.npz
2026-06-20 23:04:26.066522: W external/xla/xla/service/gpu/nvptx_compiler.cc:930] The NVIDIA driver's CUDA version is 12.7 which is older than the PTX compiler version 12.9.86. Because the driver is older than the PTX compiler version, XLA is disabling parallel compilation, which may slow down compilation. You should update your NVIDIA driver or use the NVIDIA-provided CUDA forward compatibility packages.
[run] cfg={'seed': 3, 'total_steps': 2000000, 'n_envs': 128, 'buffer_cap': 100000, 'batch_size': 128, 'warmup': 5000, 'updates_per_iter': 8, 'target_sync': 200, 'tau': 0.005, 'gamma': 0.99, 'lr': 0.0001, 'grad_clip': 10.0, 'eps_start': 1.0, 'eps_end': 0.05, 'eps_anneal_steps': 100000, 'hidden_size': 128, 'exploration': 'correlated', 'similarity': 'obs', 'mixer': 'qmix', 'qmix_embed': 32, 'log_corr_every': 2000}
[cfg] n_agents=5  n_actions=10  obs_dim=127  state_dim=120  aug_dim=134
iter=     0  env_steps=        0  eps=1.000  episodes=     0  recent_return=0.00  win=0.00  buf=128
iter=   200  env_steps=    25600  eps=0.757  episodes=   414  recent_return=0.24  win=0.00  buf=25728
iter=   400  env_steps=    51200  eps=0.514  episodes=   870  recent_return=0.28  win=0.00  buf=51328
iter=   600  env_steps=    76800  eps=0.270  episodes=  1320  recent_return=0.25  win=0.00  buf=76928
iter=   800  env_steps=   102400  eps=0.050  episodes=  1758  recent_return=0.17  win=0.00  buf=100000
iter=  1000  env_steps=   128000  eps=0.050  episodes=  2212  recent_return=0.25  win=0.00  buf=100000
iter=  1200  env_steps=   153600  eps=0.050  episodes=  2660  recent_return=0.30  win=0.00  buf=100000
iter=  1400  env_steps=   179200  eps=0.050  episodes=  3104  recent_return=0.24  win=0.00  buf=100000
iter=  1600  env_steps=   204800  eps=0.050  episodes=  3528  recent_return=0.18  win=0.00  buf=100000
iter=  1800  env_steps=   230400  eps=0.050  episodes=  3945  recent_return=0.17  win=0.00  buf=100000
iter=  2000  env_steps=   256000  eps=0.050  episodes=  4355  recent_return=0.15  win=0.00  buf=100000
iter=  2200  env_steps=   281600  eps=0.050  episodes=  4744  recent_return=0.15  win=0.00  buf=100000
iter=  2400  env_steps=   307200  eps=0.050  episodes=  5113  recent_return=0.15  win=0.00  buf=100000
iter=  2600  env_steps=   332800  eps=0.050  episodes=  5462  recent_return=0.13  win=0.00  buf=100000
iter=  2800  env_steps=   358400  eps=0.050  episodes=  5798  recent_return=0.11  win=0.00  buf=100000
iter=  3000  env_steps=   384000  eps=0.050  episodes=  6144  recent_return=0.12  win=0.00  buf=100000
iter=  3200  env_steps=   409600  eps=0.050  episodes=  6470  recent_return=0.12  win=0.00  buf=100000
iter=  3400  env_steps=   435200  eps=0.050  episodes=  6782  recent_return=0.12  win=0.00  buf=100000
iter=  3600  env_steps=   460800  eps=0.050  episodes=  7089  recent_return=0.12  win=0.00  buf=100000
iter=  3800  env_steps=   486400  eps=0.050  episodes=  7408  recent_return=0.15  win=0.00  buf=100000
iter=  4000  env_steps=   512000  eps=0.050  episodes=  7724  recent_return=0.16  win=0.00  buf=100000
iter=  4200  env_steps=   537600  eps=0.050  episodes=  8028  recent_return=0.15  win=0.00  buf=100000
iter=  4400  env_steps=   563200  eps=0.050  episodes=  8326  recent_return=0.16  win=0.00  buf=100000
iter=  4600  env_steps=   588800  eps=0.050  episodes=  8620  recent_return=0.19  win=0.00  buf=100000
iter=  4800  env_steps=   614400  eps=0.050  episodes=  8924  recent_return=0.19  win=0.00  buf=100000
iter=  5000  env_steps=   640000  eps=0.050  episodes=  9243  recent_return=0.19  win=0.00  buf=100000
iter=  5200  env_steps=   665600  eps=0.050  episodes=  9588  recent_return=0.25  win=0.00  buf=100000
iter=  5400  env_steps=   691200  eps=0.050  episodes=  9943  recent_return=0.28  win=0.00  buf=100000
iter=  5600  env_steps=   716800  eps=0.050  episodes= 10320  recent_return=0.42  win=0.00  buf=100000
iter=  5800  env_steps=   742400  eps=0.050  episodes= 10715  recent_return=0.56  win=0.00  buf=100000
iter=  6000  env_steps=   768000  eps=0.050  episodes= 11119  recent_return=0.64  win=0.00  buf=100000
iter=  6200  env_steps=   793600  eps=0.050  episodes= 11514  recent_return=0.68  win=0.00  buf=100000
iter=  6400  env_steps=   819200  eps=0.050  episodes= 11906  recent_return=0.69  win=0.00  buf=100000
iter=  6600  env_steps=   844800  eps=0.050  episodes= 12291  recent_return=0.65  win=0.00  buf=100000
iter=  6800  env_steps=   870400  eps=0.050  episodes= 12659  recent_return=0.68  win=0.00  buf=100000
iter=  7000  env_steps=   896000  eps=0.050  episodes= 13003  recent_return=0.69  win=0.00  buf=100000
iter=  7200  env_steps=   921600  eps=0.050  episodes= 13338  recent_return=0.72  win=0.00  buf=100000
iter=  7400  env_steps=   947200  eps=0.050  episodes= 13692  recent_return=0.73  win=0.00  buf=100000
iter=  7600  env_steps=   972800  eps=0.050  episodes= 14028  recent_return=0.75  win=0.00  buf=100000
iter=  7800  env_steps=   998400  eps=0.050  episodes= 14354  recent_return=0.78  win=0.00  buf=100000
iter=  8000  env_steps=  1024000  eps=0.050  episodes= 14685  recent_return=0.82  win=0.04  buf=100000
iter=  8200  env_steps=  1049600  eps=0.050  episodes= 15030  recent_return=0.93  win=0.10  buf=100000
iter=  8400  env_steps=  1075200  eps=0.050  episodes= 15382  recent_return=0.87  win=0.07  buf=100000
iter=  8600  env_steps=  1100800  eps=0.050  episodes= 15730  recent_return=0.85  win=0.07  buf=100000
iter=  8800  env_steps=  1126400  eps=0.050  episodes= 16098  recent_return=0.98  win=0.15  buf=100000
iter=  9000  env_steps=  1152000  eps=0.050  episodes= 16461  recent_return=0.96  win=0.14  buf=100000
iter=  9200  env_steps=  1177600  eps=0.050  episodes= 16804  recent_return=0.98  win=0.17  buf=100000
iter=  9400  env_steps=  1203200  eps=0.050  episodes= 17142  recent_return=1.07  win=0.23  buf=100000
iter=  9600  env_steps=  1228800  eps=0.050  episodes= 17479  recent_return=0.98  win=0.17  buf=100000
iter=  9800  env_steps=  1254400  eps=0.050  episodes= 17825  recent_return=1.16  win=0.31  buf=100000
iter= 10000  env_steps=  1280000  eps=0.050  episodes= 18154  recent_return=1.04  win=0.21  buf=100000
iter= 10200  env_steps=  1305600  eps=0.050  episodes= 18479  recent_return=1.19  win=0.33  buf=100000
iter= 10400  env_steps=  1331200  eps=0.050  episodes= 18807  recent_return=1.17  win=0.33  buf=100000
iter= 10600  env_steps=  1356800  eps=0.050  episodes= 19124  recent_return=1.15  win=0.32  buf=100000
iter= 10800  env_steps=  1382400  eps=0.050  episodes= 19453  recent_return=1.25  win=0.39  buf=100000
iter= 11000  env_steps=  1408000  eps=0.050  episodes= 19777  recent_return=1.28  win=0.41  buf=100000
iter= 11200  env_steps=  1433600  eps=0.050  episodes= 20098  recent_return=1.23  win=0.37  buf=100000
iter= 11400  env_steps=  1459200  eps=0.050  episodes= 20417  recent_return=1.32  win=0.45  buf=100000
iter= 11600  env_steps=  1484800  eps=0.050  episodes= 20737  recent_return=1.31  win=0.44  buf=100000
iter= 11800  env_steps=  1510400  eps=0.050  episodes= 21055  recent_return=1.28  win=0.41  buf=100000
iter= 12000  env_steps=  1536000  eps=0.050  episodes= 21366  recent_return=1.32  win=0.45  buf=100000
iter= 12200  env_steps=  1561600  eps=0.050  episodes= 21697  recent_return=1.49  win=0.58  buf=100000
iter= 12400  env_steps=  1587200  eps=0.050  episodes= 22035  recent_return=1.68  win=0.73  buf=100000
iter= 12600  env_steps=  1612800  eps=0.050  episodes= 22392  recent_return=1.70  win=0.74  buf=100000
iter= 12800  env_steps=  1638400  eps=0.050  episodes= 22735  recent_return=1.54  win=0.62  buf=100000
iter= 13000  env_steps=  1664000  eps=0.050  episodes= 23077  recent_return=1.70  win=0.74  buf=100000
iter= 13200  env_steps=  1689600  eps=0.050  episodes= 23431  recent_return=1.71  win=0.76  buf=100000
iter= 13400  env_steps=  1715200  eps=0.050  episodes= 23782  recent_return=1.82  win=0.85  buf=100000
iter= 13600  env_steps=  1740800  eps=0.050  episodes= 24152  recent_return=1.77  win=0.80  buf=100000
iter= 13800  env_steps=  1766400  eps=0.050  episodes= 24529  recent_return=1.87  win=0.90  buf=100000
iter= 14000  env_steps=  1792000  eps=0.050  episodes= 24922  recent_return=1.85  win=0.87  buf=100000
iter= 14200  env_steps=  1817600  eps=0.050  episodes= 25302  recent_return=1.91  win=0.92  buf=100000
iter= 14400  env_steps=  1843200  eps=0.050  episodes= 25689  recent_return=1.92  win=0.93  buf=100000
iter= 14600  env_steps=  1868800  eps=0.050  episodes= 26076  recent_return=1.92  win=0.94  buf=100000
iter= 14800  env_steps=  1894400  eps=0.050  episodes= 26466  recent_return=1.93  win=0.94  buf=100000
iter= 15000  env_steps=  1920000  eps=0.050  episodes= 26844  recent_return=1.88  win=0.90  buf=100000
iter= 15200  env_steps=  1945600  eps=0.050  episodes= 27241  recent_return=1.83  win=0.86  buf=100000
iter= 15400  env_steps=  1971200  eps=0.050  episodes= 27641  recent_return=1.85  win=0.87  buf=100000
iter= 15600  env_steps=  1996800  eps=0.050  episodes= 28042  recent_return=1.90  win=0.92  buf=100000
[run] 2000000 env-steps in 771s => 2593 env-steps/sec
[run] saved -> results_smax/smax_2s3z_qmix_correlated_obs_s3.npz
