# /home/jwozniak/MARL/.venv/bin/python3 -m smax.run --exploration independent --similarity obs --mixer vdn --seed 2 --total-steps 2000000 --out results_smax/smax_2s3z_vdn_independent_na_s2.npz
2026-06-20 19:54:23.760732: W external/xla/xla/service/gpu/nvptx_compiler.cc:930] The NVIDIA driver's CUDA version is 12.7 which is older than the PTX compiler version 12.9.86. Because the driver is older than the PTX compiler version, XLA is disabling parallel compilation, which may slow down compilation. You should update your NVIDIA driver or use the NVIDIA-provided CUDA forward compatibility packages.
[run] cfg={'seed': 2, 'total_steps': 2000000, 'n_envs': 128, 'buffer_cap': 100000, 'batch_size': 128, 'warmup': 5000, 'updates_per_iter': 8, 'target_sync': 200, 'tau': 0.005, 'gamma': 0.99, 'lr': 0.0001, 'grad_clip': 10.0, 'eps_start': 1.0, 'eps_end': 0.05, 'eps_anneal_steps': 100000, 'hidden_size': 128, 'exploration': 'independent', 'similarity': 'obs', 'mixer': 'vdn', 'qmix_embed': 32, 'log_corr_every': 2000}
[cfg] n_agents=5  n_actions=10  obs_dim=127  state_dim=120  aug_dim=134
iter=     0  env_steps=        0  eps=1.000  episodes=     0  recent_return=0.00  win=0.00  buf=128
iter=   200  env_steps=    25600  eps=0.757  episodes=   420  recent_return=0.23  win=0.00  buf=25728
iter=   400  env_steps=    51200  eps=0.514  episodes=   883  recent_return=0.28  win=0.00  buf=51328
iter=   600  env_steps=    76800  eps=0.270  episodes=  1360  recent_return=0.24  win=0.00  buf=76928
iter=   800  env_steps=   102400  eps=0.050  episodes=  1815  recent_return=0.21  win=0.00  buf=100000
iter=  1000  env_steps=   128000  eps=0.050  episodes=  2258  recent_return=0.22  win=0.00  buf=100000
iter=  1200  env_steps=   153600  eps=0.050  episodes=  2705  recent_return=0.25  win=0.00  buf=100000
iter=  1400  env_steps=   179200  eps=0.050  episodes=  3152  recent_return=0.23  win=0.00  buf=100000
iter=  1600  env_steps=   204800  eps=0.050  episodes=  3568  recent_return=0.20  win=0.00  buf=100000
iter=  1800  env_steps=   230400  eps=0.050  episodes=  3969  recent_return=0.14  win=0.00  buf=100000
iter=  2000  env_steps=   256000  eps=0.050  episodes=  4391  recent_return=0.19  win=0.00  buf=100000
iter=  2200  env_steps=   281600  eps=0.050  episodes=  4810  recent_return=0.21  win=0.00  buf=100000
iter=  2400  env_steps=   307200  eps=0.050  episodes=  5203  recent_return=0.16  win=0.00  buf=100000
iter=  2600  env_steps=   332800  eps=0.050  episodes=  5590  recent_return=0.15  win=0.00  buf=100000
iter=  2800  env_steps=   358400  eps=0.050  episodes=  5974  recent_return=0.17  win=0.00  buf=100000
iter=  3000  env_steps=   384000  eps=0.050  episodes=  6360  recent_return=0.23  win=0.00  buf=100000
iter=  3200  env_steps=   409600  eps=0.050  episodes=  6724  recent_return=0.28  win=0.00  buf=100000
iter=  3400  env_steps=   435200  eps=0.050  episodes=  7090  recent_return=0.30  win=0.00  buf=100000
iter=  3600  env_steps=   460800  eps=0.050  episodes=  7459  recent_return=0.33  win=0.00  buf=100000
iter=  3800  env_steps=   486400  eps=0.050  episodes=  7852  recent_return=0.34  win=0.00  buf=100000
iter=  4000  env_steps=   512000  eps=0.050  episodes=  8235  recent_return=0.41  win=0.00  buf=100000
iter=  4200  env_steps=   537600  eps=0.050  episodes=  8643  recent_return=0.46  win=0.00  buf=100000
iter=  4400  env_steps=   563200  eps=0.050  episodes=  9067  recent_return=0.49  win=0.00  buf=100000
iter=  4600  env_steps=   588800  eps=0.050  episodes=  9491  recent_return=0.49  win=0.00  buf=100000
iter=  4800  env_steps=   614400  eps=0.050  episodes=  9925  recent_return=0.54  win=0.00  buf=100000
iter=  5000  env_steps=   640000  eps=0.050  episodes= 10351  recent_return=0.55  win=0.00  buf=100000
iter=  5200  env_steps=   665600  eps=0.050  episodes= 10792  recent_return=0.59  win=0.00  buf=100000
iter=  5400  env_steps=   691200  eps=0.050  episodes= 11228  recent_return=0.61  win=0.00  buf=100000
iter=  5600  env_steps=   716800  eps=0.050  episodes= 11668  recent_return=0.61  win=0.00  buf=100000
iter=  5800  env_steps=   742400  eps=0.050  episodes= 12122  recent_return=0.62  win=0.00  buf=100000
iter=  6000  env_steps=   768000  eps=0.050  episodes= 12580  recent_return=0.63  win=0.00  buf=100000
iter=  6200  env_steps=   793600  eps=0.050  episodes= 13032  recent_return=0.64  win=0.00  buf=100000
iter=  6400  env_steps=   819200  eps=0.050  episodes= 13483  recent_return=0.66  win=0.00  buf=100000
iter=  6600  env_steps=   844800  eps=0.050  episodes= 13939  recent_return=0.66  win=0.00  buf=100000
iter=  6800  env_steps=   870400  eps=0.050  episodes= 14401  recent_return=0.67  win=0.00  buf=100000
iter=  7000  env_steps=   896000  eps=0.050  episodes= 14841  recent_return=0.67  win=0.00  buf=100000
iter=  7200  env_steps=   921600  eps=0.050  episodes= 15297  recent_return=0.69  win=0.00  buf=100000
iter=  7400  env_steps=   947200  eps=0.050  episodes= 15735  recent_return=0.69  win=0.00  buf=100000
iter=  7600  env_steps=   972800  eps=0.050  episodes= 16181  recent_return=0.70  win=0.01  buf=100000
iter=  7800  env_steps=   998400  eps=0.050  episodes= 16621  recent_return=0.70  win=0.01  buf=100000
iter=  8000  env_steps=  1024000  eps=0.050  episodes= 17055  recent_return=0.71  win=0.00  buf=100000
iter=  8200  env_steps=  1049600  eps=0.050  episodes= 17473  recent_return=0.72  win=0.01  buf=100000
iter=  8400  env_steps=  1075200  eps=0.050  episodes= 17885  recent_return=0.72  win=0.01  buf=100000
iter=  8600  env_steps=  1100800  eps=0.050  episodes= 18289  recent_return=0.80  win=0.04  buf=100000
iter=  8800  env_steps=  1126400  eps=0.050  episodes= 18685  recent_return=0.80  win=0.03  buf=100000
iter=  9000  env_steps=  1152000  eps=0.050  episodes= 19071  recent_return=0.80  win=0.04  buf=100000
iter=  9200  env_steps=  1177600  eps=0.050  episodes= 19461  recent_return=0.84  win=0.06  buf=100000
iter=  9400  env_steps=  1203200  eps=0.050  episodes= 19851  recent_return=0.82  win=0.06  buf=100000
iter=  9600  env_steps=  1228800  eps=0.050  episodes= 20234  recent_return=0.86  win=0.07  buf=100000
iter=  9800  env_steps=  1254400  eps=0.050  episodes= 20604  recent_return=0.91  win=0.12  buf=100000
iter= 10000  env_steps=  1280000  eps=0.050  episodes= 20962  recent_return=0.94  win=0.12  buf=100000
iter= 10200  env_steps=  1305600  eps=0.050  episodes= 21320  recent_return=1.06  win=0.23  buf=100000
iter= 10400  env_steps=  1331200  eps=0.050  episodes= 21679  recent_return=1.18  win=0.34  buf=100000
iter= 10600  env_steps=  1356800  eps=0.050  episodes= 22034  recent_return=1.23  win=0.36  buf=100000
iter= 10800  env_steps=  1382400  eps=0.050  episodes= 22385  recent_return=1.36  win=0.45  buf=100000
iter= 11000  env_steps=  1408000  eps=0.050  episodes= 22730  recent_return=1.44  win=0.53  buf=100000
iter= 11200  env_steps=  1433600  eps=0.050  episodes= 23088  recent_return=1.47  win=0.54  buf=100000
iter= 11400  env_steps=  1459200  eps=0.050  episodes= 23472  recent_return=1.81  win=0.83  buf=100000
iter= 11600  env_steps=  1484800  eps=0.050  episodes= 23857  recent_return=1.85  win=0.86  buf=100000
iter= 11800  env_steps=  1510400  eps=0.050  episodes= 24240  recent_return=1.88  win=0.89  buf=100000
iter= 12000  env_steps=  1536000  eps=0.050  episodes= 24631  recent_return=1.91  win=0.92  buf=100000
iter= 12200  env_steps=  1561600  eps=0.050  episodes= 25013  recent_return=1.87  win=0.89  buf=100000
iter= 12400  env_steps=  1587200  eps=0.050  episodes= 25390  recent_return=1.92  win=0.93  buf=100000
iter= 12600  env_steps=  1612800  eps=0.050  episodes= 25784  recent_return=1.94  win=0.94  buf=100000
iter= 12800  env_steps=  1638400  eps=0.050  episodes= 26160  recent_return=1.92  win=0.93  buf=100000
iter= 13000  env_steps=  1664000  eps=0.050  episodes= 26542  recent_return=1.97  win=0.97  buf=100000
iter= 13200  env_steps=  1689600  eps=0.050  episodes= 26928  recent_return=1.93  win=0.94  buf=100000
iter= 13400  env_steps=  1715200  eps=0.050  episodes= 27314  recent_return=1.95  win=0.95  buf=100000
iter= 13600  env_steps=  1740800  eps=0.050  episodes= 27700  recent_return=1.93  win=0.94  buf=100000
iter= 13800  env_steps=  1766400  eps=0.050  episodes= 28081  recent_return=1.94  win=0.95  buf=100000
iter= 14000  env_steps=  1792000  eps=0.050  episodes= 28476  recent_return=1.93  win=0.94  buf=100000
iter= 14200  env_steps=  1817600  eps=0.050  episodes= 28861  recent_return=1.92  win=0.93  buf=100000
iter= 14400  env_steps=  1843200  eps=0.050  episodes= 29252  recent_return=1.93  win=0.94  buf=100000
iter= 14600  env_steps=  1868800  eps=0.050  episodes= 29639  recent_return=1.95  win=0.95  buf=100000
iter= 14800  env_steps=  1894400  eps=0.050  episodes= 30022  recent_return=1.89  win=0.90  buf=100000
iter= 15000  env_steps=  1920000  eps=0.050  episodes= 30411  recent_return=1.87  win=0.89  buf=100000
iter= 15200  env_steps=  1945600  eps=0.050  episodes= 30796  recent_return=1.92  win=0.93  buf=100000
iter= 15400  env_steps=  1971200  eps=0.050  episodes= 31184  recent_return=1.91  win=0.92  buf=100000
iter= 15600  env_steps=  1996800  eps=0.050  episodes= 31581  recent_return=1.93  win=0.94  buf=100000
[run] 2000000 env-steps in 598s => 3344 env-steps/sec
[run] saved -> results_smax/smax_2s3z_vdn_independent_na_s2.npz
