# /home/jwozniak/MARL/.venv/bin/python3 -m smax.run --exploration correlated --similarity hidden --mixer qmix --seed 1 --total-steps 2000000 --out results_smax/smax_2s3z_qmix_correlated_hidden_s1.npz
2026-06-11 19:47:30.547403: W external/xla/xla/service/gpu/nvptx_compiler.cc:930] The NVIDIA driver's CUDA version is 12.7 which is older than the PTX compiler version 12.9.86. Because the driver is older than the PTX compiler version, XLA is disabling parallel compilation, which may slow down compilation. You should update your NVIDIA driver or use the NVIDIA-provided CUDA forward compatibility packages.
[run] cfg={'seed': 1, 'total_steps': 2000000, 'n_envs': 128, 'buffer_cap': 100000, 'batch_size': 128, 'warmup': 5000, 'updates_per_iter': 8, 'target_sync': 200, 'tau': 0.005, 'gamma': 0.99, 'lr': 0.0001, 'grad_clip': 10.0, 'eps_start': 1.0, 'eps_end': 0.05, 'eps_anneal_steps': 100000, 'hidden_size': 128, 'exploration': 'correlated', 'similarity': 'hidden', 'mixer': 'qmix', 'qmix_embed': 32, 'log_corr_every': 2000}
[cfg] n_agents=5  n_actions=10  obs_dim=127  state_dim=120  aug_dim=134
iter=     0  env_steps=        0  eps=1.000  episodes=     0  recent_return=0.00  win=0.00  buf=128
iter=   200  env_steps=    25600  eps=0.757  episodes=   407  recent_return=0.25  win=0.01  buf=25728
iter=   400  env_steps=    51200  eps=0.514  episodes=   872  recent_return=0.26  win=0.00  buf=51328
iter=   600  env_steps=    76800  eps=0.270  episodes=  1327  recent_return=0.26  win=0.00  buf=76928
iter=   800  env_steps=   102400  eps=0.050  episodes=  1771  recent_return=0.20  win=0.00  buf=100000
iter=  1000  env_steps=   128000  eps=0.050  episodes=  2192  recent_return=0.16  win=0.00  buf=100000
iter=  1200  env_steps=   153600  eps=0.050  episodes=  2591  recent_return=0.17  win=0.00  buf=100000
iter=  1400  env_steps=   179200  eps=0.050  episodes=  3006  recent_return=0.24  win=0.00  buf=100000
iter=  1600  env_steps=   204800  eps=0.050  episodes=  3413  recent_return=0.21  win=0.00  buf=100000
iter=  1800  env_steps=   230400  eps=0.050  episodes=  3819  recent_return=0.16  win=0.00  buf=100000
iter=  2000  env_steps=   256000  eps=0.050  episodes=  4208  recent_return=0.13  win=0.00  buf=100000
iter=  2200  env_steps=   281600  eps=0.050  episodes=  4571  recent_return=0.13  win=0.00  buf=100000
iter=  2400  env_steps=   307200  eps=0.050  episodes=  4899  recent_return=0.16  win=0.00  buf=100000
iter=  2600  env_steps=   332800  eps=0.050  episodes=  5227  recent_return=0.15  win=0.00  buf=100000
iter=  2800  env_steps=   358400  eps=0.050  episodes=  5543  recent_return=0.14  win=0.00  buf=100000
iter=  3000  env_steps=   384000  eps=0.050  episodes=  5853  recent_return=0.13  win=0.00  buf=100000
iter=  3200  env_steps=   409600  eps=0.050  episodes=  6153  recent_return=0.12  win=0.00  buf=100000
iter=  3400  env_steps=   435200  eps=0.050  episodes=  6459  recent_return=0.11  win=0.00  buf=100000
iter=  3600  env_steps=   460800  eps=0.050  episodes=  6760  recent_return=0.11  win=0.00  buf=100000
iter=  3800  env_steps=   486400  eps=0.050  episodes=  7047  recent_return=0.13  win=0.00  buf=100000
iter=  4000  env_steps=   512000  eps=0.050  episodes=  7328  recent_return=0.15  win=0.00  buf=100000
iter=  4200  env_steps=   537600  eps=0.050  episodes=  7637  recent_return=0.17  win=0.01  buf=100000
iter=  4400  env_steps=   563200  eps=0.050  episodes=  7938  recent_return=0.21  win=0.00  buf=100000
iter=  4600  env_steps=   588800  eps=0.050  episodes=  8255  recent_return=0.24  win=0.00  buf=100000
iter=  4800  env_steps=   614400  eps=0.050  episodes=  8563  recent_return=0.31  win=0.01  buf=100000
iter=  5000  env_steps=   640000  eps=0.050  episodes=  8893  recent_return=0.35  win=0.07  buf=100000
iter=  5200  env_steps=   665600  eps=0.050  episodes=  9189  recent_return=0.39  win=0.12  buf=100000
iter=  5400  env_steps=   691200  eps=0.050  episodes=  9517  recent_return=0.46  win=0.29  buf=100000
iter=  5600  env_steps=   716800  eps=0.050  episodes=  9847  recent_return=0.54  win=0.52  buf=100000
iter=  5800  env_steps=   742400  eps=0.050  episodes= 10192  recent_return=0.64  win=0.92  buf=100000
iter=  6000  env_steps=   768000  eps=0.050  episodes= 10546  recent_return=0.60  win=0.89  buf=100000
iter=  6200  env_steps=   793600  eps=0.050  episodes= 10889  recent_return=0.57  win=0.83  buf=100000
iter=  6400  env_steps=   819200  eps=0.050  episodes= 11212  recent_return=0.56  win=0.73  buf=100000
iter=  6600  env_steps=   844800  eps=0.050  episodes= 11560  recent_return=0.65  win=0.96  buf=100000
iter=  6800  env_steps=   870400  eps=0.050  episodes= 11918  recent_return=0.66  win=0.97  buf=100000
iter=  7000  env_steps=   896000  eps=0.050  episodes= 12266  recent_return=0.65  win=0.96  buf=100000
iter=  7200  env_steps=   921600  eps=0.050  episodes= 12599  recent_return=0.65  win=0.93  buf=100000
iter=  7400  env_steps=   947200  eps=0.050  episodes= 12933  recent_return=0.71  win=0.98  buf=100000
iter=  7600  env_steps=   972800  eps=0.050  episodes= 13253  recent_return=0.73  win=0.98  buf=100000
iter=  7800  env_steps=   998400  eps=0.050  episodes= 13566  recent_return=0.76  win=0.99  buf=100000
iter=  8000  env_steps=  1024000  eps=0.050  episodes= 13876  recent_return=0.83  win=0.99  buf=100000
iter=  8200  env_steps=  1049600  eps=0.050  episodes= 14196  recent_return=0.83  win=0.99  buf=100000
iter=  8400  env_steps=  1075200  eps=0.050  episodes= 14515  recent_return=0.91  win=0.98  buf=100000
iter=  8600  env_steps=  1100800  eps=0.050  episodes= 14856  recent_return=0.93  win=0.98  buf=100000
iter=  8800  env_steps=  1126400  eps=0.050  episodes= 15216  recent_return=1.00  win=1.00  buf=100000
iter=  9000  env_steps=  1152000  eps=0.050  episodes= 15540  recent_return=1.02  win=0.99  buf=100000
iter=  9200  env_steps=  1177600  eps=0.050  episodes= 15888  recent_return=0.93  win=0.96  buf=100000
iter=  9400  env_steps=  1203200  eps=0.050  episodes= 16212  recent_return=0.99  win=0.99  buf=100000
iter=  9600  env_steps=  1228800  eps=0.050  episodes= 16536  recent_return=1.06  win=0.98  buf=100000
iter=  9800  env_steps=  1254400  eps=0.050  episodes= 16855  recent_return=1.03  win=0.99  buf=100000
iter= 10000  env_steps=  1280000  eps=0.050  episodes= 17174  recent_return=1.07  win=0.97  buf=100000
iter= 10200  env_steps=  1305600  eps=0.050  episodes= 17495  recent_return=1.09  win=0.96  buf=100000
iter= 10400  env_steps=  1331200  eps=0.050  episodes= 17808  recent_return=1.22  win=0.99  buf=100000
iter= 10600  env_steps=  1356800  eps=0.050  episodes= 18135  recent_return=1.16  win=0.97  buf=100000
iter= 10800  env_steps=  1382400  eps=0.050  episodes= 18479  recent_return=0.96  win=0.79  buf=100000
iter= 11000  env_steps=  1408000  eps=0.050  episodes= 18813  recent_return=1.13  win=0.95  buf=100000
iter= 11200  env_steps=  1433600  eps=0.050  episodes= 19139  recent_return=0.99  win=0.88  buf=100000
iter= 11400  env_steps=  1459200  eps=0.050  episodes= 19461  recent_return=1.04  win=0.92  buf=100000
iter= 11600  env_steps=  1484800  eps=0.050  episodes= 19788  recent_return=1.24  win=0.96  buf=100000
iter= 11800  env_steps=  1510400  eps=0.050  episodes= 20127  recent_return=1.20  win=0.94  buf=100000
iter= 12000  env_steps=  1536000  eps=0.050  episodes= 20481  recent_return=0.98  win=0.88  buf=100000
iter= 12200  env_steps=  1561600  eps=0.050  episodes= 20830  recent_return=1.20  win=0.94  buf=100000
iter= 12400  env_steps=  1587200  eps=0.050  episodes= 21149  recent_return=1.20  win=0.94  buf=100000
iter= 12600  env_steps=  1612800  eps=0.050  episodes= 21471  recent_return=1.17  win=0.94  buf=100000
iter= 12800  env_steps=  1638400  eps=0.050  episodes= 21799  recent_return=1.21  win=0.96  buf=100000
iter= 13000  env_steps=  1664000  eps=0.050  episodes= 22134  recent_return=1.26  win=0.91  buf=100000
iter= 13200  env_steps=  1689600  eps=0.050  episodes= 22490  recent_return=1.48  win=0.95  buf=100000
iter= 13400  env_steps=  1715200  eps=0.050  episodes= 22832  recent_return=1.56  win=0.95  buf=100000
iter= 13600  env_steps=  1740800  eps=0.050  episodes= 23173  recent_return=1.48  win=0.96  buf=100000
iter= 13800  env_steps=  1766400  eps=0.050  episodes= 23525  recent_return=1.61  win=0.96  buf=100000
iter= 14000  env_steps=  1792000  eps=0.050  episodes= 23877  recent_return=1.61  win=0.98  buf=100000
iter= 14200  env_steps=  1817600  eps=0.050  episodes= 24221  recent_return=1.56  win=0.97  buf=100000
iter= 14400  env_steps=  1843200  eps=0.050  episodes= 24588  recent_return=1.74  win=0.99  buf=100000
iter= 14600  env_steps=  1868800  eps=0.050  episodes= 24971  recent_return=1.77  win=0.97  buf=100000
iter= 14800  env_steps=  1894400  eps=0.050  episodes= 25349  recent_return=1.84  win=0.99  buf=100000
iter= 15000  env_steps=  1920000  eps=0.050  episodes= 25736  recent_return=1.89  win=0.99  buf=100000
iter= 15200  env_steps=  1945600  eps=0.050  episodes= 26110  recent_return=1.87  win=1.00  buf=100000
iter= 15400  env_steps=  1971200  eps=0.050  episodes= 26490  recent_return=1.88  win=1.00  buf=100000
iter= 15600  env_steps=  1996800  eps=0.050  episodes= 26879  recent_return=1.91  win=0.99  buf=100000
[run] 2000000 env-steps in 663s => 3017 env-steps/sec
[run] saved -> results_smax/smax_2s3z_qmix_correlated_hidden_s1.npz
