# /home/jwozniak/MARL/.venv/bin/python3 -m smax.run --exploration independent --similarity obs --mixer vdn --seed 1 --total-steps 2000000 --out results_smax/smax_2s3z_vdn_independent_na_s1.npz
2026-06-11 17:20:03.409656: W external/xla/xla/service/gpu/nvptx_compiler.cc:930] The NVIDIA driver's CUDA version is 12.7 which is older than the PTX compiler version 12.9.86. Because the driver is older than the PTX compiler version, XLA is disabling parallel compilation, which may slow down compilation. You should update your NVIDIA driver or use the NVIDIA-provided CUDA forward compatibility packages.
[run] cfg={'seed': 1, 'total_steps': 2000000, 'n_envs': 128, 'buffer_cap': 100000, 'batch_size': 128, 'warmup': 5000, 'updates_per_iter': 8, 'target_sync': 200, 'tau': 0.005, 'gamma': 0.99, 'lr': 0.0001, 'grad_clip': 10.0, 'eps_start': 1.0, 'eps_end': 0.05, 'eps_anneal_steps': 100000, 'hidden_size': 128, 'exploration': 'independent', 'similarity': 'obs', 'mixer': 'vdn', 'qmix_embed': 32, 'log_corr_every': 2000}
[cfg] n_agents=5  n_actions=10  obs_dim=127  state_dim=120  aug_dim=134
iter=     0  env_steps=        0  eps=1.000  episodes=     0  recent_return=0.00  win=0.00  buf=128
iter=   200  env_steps=    25600  eps=0.757  episodes=   398  recent_return=0.25  win=0.01  buf=25728
iter=   400  env_steps=    51200  eps=0.514  episodes=   878  recent_return=0.31  win=0.00  buf=51328
iter=   600  env_steps=    76800  eps=0.270  episodes=  1364  recent_return=0.24  win=0.00  buf=76928
iter=   800  env_steps=   102400  eps=0.050  episodes=  1814  recent_return=0.21  win=0.00  buf=100000
iter=  1000  env_steps=   128000  eps=0.050  episodes=  2243  recent_return=0.25  win=0.00  buf=100000
iter=  1200  env_steps=   153600  eps=0.050  episodes=  2687  recent_return=0.28  win=0.00  buf=100000
iter=  1400  env_steps=   179200  eps=0.050  episodes=  3128  recent_return=0.22  win=0.00  buf=100000
iter=  1600  env_steps=   204800  eps=0.050  episodes=  3564  recent_return=0.21  win=0.00  buf=100000
iter=  1800  env_steps=   230400  eps=0.050  episodes=  3974  recent_return=0.24  win=0.00  buf=100000
iter=  2000  env_steps=   256000  eps=0.050  episodes=  4360  recent_return=0.26  win=0.00  buf=100000
iter=  2200  env_steps=   281600  eps=0.050  episodes=  4724  recent_return=0.24  win=0.00  buf=100000
iter=  2400  env_steps=   307200  eps=0.050  episodes=  5088  recent_return=0.23  win=0.00  buf=100000
iter=  2600  env_steps=   332800  eps=0.050  episodes=  5463  recent_return=0.25  win=0.00  buf=100000
iter=  2800  env_steps=   358400  eps=0.050  episodes=  5840  recent_return=0.27  win=0.00  buf=100000
iter=  3000  env_steps=   384000  eps=0.050  episodes=  6200  recent_return=0.28  win=0.00  buf=100000
iter=  3200  env_steps=   409600  eps=0.050  episodes=  6590  recent_return=0.30  win=0.01  buf=100000
iter=  3400  env_steps=   435200  eps=0.050  episodes=  6956  recent_return=0.30  win=0.01  buf=100000
iter=  3600  env_steps=   460800  eps=0.050  episodes=  7331  recent_return=0.32  win=0.01  buf=100000
iter=  3800  env_steps=   486400  eps=0.050  episodes=  7700  recent_return=0.33  win=0.01  buf=100000
iter=  4000  env_steps=   512000  eps=0.050  episodes=  8070  recent_return=0.36  win=0.03  buf=100000
iter=  4200  env_steps=   537600  eps=0.050  episodes=  8449  recent_return=0.39  win=0.05  buf=100000
iter=  4400  env_steps=   563200  eps=0.050  episodes=  8860  recent_return=0.41  win=0.12  buf=100000
iter=  4600  env_steps=   588800  eps=0.050  episodes=  9256  recent_return=0.42  win=0.12  buf=100000
iter=  4800  env_steps=   614400  eps=0.050  episodes=  9665  recent_return=0.46  win=0.26  buf=100000
iter=  5000  env_steps=   640000  eps=0.050  episodes= 10081  recent_return=0.46  win=0.28  buf=100000
iter=  5200  env_steps=   665600  eps=0.050  episodes= 10509  recent_return=0.46  win=0.36  buf=100000
iter=  5400  env_steps=   691200  eps=0.050  episodes= 10928  recent_return=0.49  win=0.45  buf=100000
iter=  5600  env_steps=   716800  eps=0.050  episodes= 11376  recent_return=0.51  win=0.56  buf=100000
iter=  5800  env_steps=   742400  eps=0.050  episodes= 11814  recent_return=0.54  win=0.71  buf=100000
iter=  6000  env_steps=   768000  eps=0.050  episodes= 12260  recent_return=0.56  win=0.83  buf=100000
iter=  6200  env_steps=   793600  eps=0.050  episodes= 12719  recent_return=0.60  win=0.91  buf=100000
iter=  6400  env_steps=   819200  eps=0.050  episodes= 13173  recent_return=0.62  win=0.94  buf=100000
iter=  6600  env_steps=   844800  eps=0.050  episodes= 13636  recent_return=0.64  win=0.95  buf=100000
iter=  6800  env_steps=   870400  eps=0.050  episodes= 14088  recent_return=0.64  win=0.98  buf=100000
iter=  7000  env_steps=   896000  eps=0.050  episodes= 14549  recent_return=0.66  win=0.99  buf=100000
iter=  7200  env_steps=   921600  eps=0.050  episodes= 14995  recent_return=0.66  win=0.98  buf=100000
iter=  7400  env_steps=   947200  eps=0.050  episodes= 15433  recent_return=0.67  win=0.98  buf=100000
iter=  7600  env_steps=   972800  eps=0.050  episodes= 15875  recent_return=0.65  win=0.96  buf=100000
iter=  7800  env_steps=   998400  eps=0.050  episodes= 16311  recent_return=0.70  win=0.98  buf=100000
iter=  8000  env_steps=  1024000  eps=0.050  episodes= 16731  recent_return=0.71  win=0.99  buf=100000
iter=  8200  env_steps=  1049600  eps=0.050  episodes= 17143  recent_return=0.75  win=1.00  buf=100000
iter=  8400  env_steps=  1075200  eps=0.050  episodes= 17544  recent_return=0.75  win=1.00  buf=100000
iter=  8600  env_steps=  1100800  eps=0.050  episodes= 17951  recent_return=0.77  win=0.99  buf=100000
iter=  8800  env_steps=  1126400  eps=0.050  episodes= 18343  recent_return=0.88  win=1.00  buf=100000
iter=  9000  env_steps=  1152000  eps=0.050  episodes= 18736  recent_return=0.86  win=0.98  buf=100000
iter=  9200  env_steps=  1177600  eps=0.050  episodes= 19114  recent_return=0.82  win=0.98  buf=100000
iter=  9400  env_steps=  1203200  eps=0.050  episodes= 19493  recent_return=0.76  win=0.96  buf=100000
iter=  9600  env_steps=  1228800  eps=0.050  episodes= 19862  recent_return=0.89  win=0.99  buf=100000
iter=  9800  env_steps=  1254400  eps=0.050  episodes= 20212  recent_return=0.99  win=0.98  buf=100000
iter= 10000  env_steps=  1280000  eps=0.050  episodes= 20562  recent_return=1.01  win=0.99  buf=100000
iter= 10200  env_steps=  1305600  eps=0.050  episodes= 20910  recent_return=1.04  win=0.98  buf=100000
iter= 10400  env_steps=  1331200  eps=0.050  episodes= 21246  recent_return=1.16  win=0.99  buf=100000
iter= 10600  env_steps=  1356800  eps=0.050  episodes= 21584  recent_return=1.20  win=0.97  buf=100000
iter= 10800  env_steps=  1382400  eps=0.050  episodes= 21933  recent_return=1.34  win=0.99  buf=100000
iter= 11000  env_steps=  1408000  eps=0.050  episodes= 22286  recent_return=1.40  win=0.99  buf=100000
iter= 11200  env_steps=  1433600  eps=0.050  episodes= 22660  recent_return=1.74  win=1.00  buf=100000
iter= 11400  env_steps=  1459200  eps=0.050  episodes= 23025  recent_return=1.71  win=1.00  buf=100000
iter= 11600  env_steps=  1484800  eps=0.050  episodes= 23397  recent_return=1.83  win=1.00  buf=100000
iter= 11800  env_steps=  1510400  eps=0.050  episodes= 23766  recent_return=1.86  win=1.00  buf=100000
iter= 12000  env_steps=  1536000  eps=0.050  episodes= 24142  recent_return=1.86  win=1.00  buf=100000
iter= 12200  env_steps=  1561600  eps=0.050  episodes= 24520  recent_return=1.91  win=1.00  buf=100000
iter= 12400  env_steps=  1587200  eps=0.050  episodes= 24886  recent_return=1.93  win=1.00  buf=100000
iter= 12600  env_steps=  1612800  eps=0.050  episodes= 25256  recent_return=1.93  win=1.00  buf=100000
iter= 12800  env_steps=  1638400  eps=0.050  episodes= 25617  recent_return=1.91  win=1.00  buf=100000
iter= 13000  env_steps=  1664000  eps=0.050  episodes= 25982  recent_return=1.90  win=1.00  buf=100000
iter= 13200  env_steps=  1689600  eps=0.050  episodes= 26350  recent_return=1.94  win=0.99  buf=100000
iter= 13400  env_steps=  1715200  eps=0.050  episodes= 26722  recent_return=1.93  win=1.00  buf=100000
iter= 13600  env_steps=  1740800  eps=0.050  episodes= 27093  recent_return=1.95  win=1.00  buf=100000
iter= 13800  env_steps=  1766400  eps=0.050  episodes= 27478  recent_return=1.96  win=1.00  buf=100000
iter= 14000  env_steps=  1792000  eps=0.050  episodes= 27845  recent_return=1.95  win=1.00  buf=100000
iter= 14200  env_steps=  1817600  eps=0.050  episodes= 28224  recent_return=1.96  win=1.00  buf=100000
iter= 14400  env_steps=  1843200  eps=0.050  episodes= 28606  recent_return=1.94  win=1.00  buf=100000
iter= 14600  env_steps=  1868800  eps=0.050  episodes= 28986  recent_return=1.99  win=1.00  buf=100000
iter= 14800  env_steps=  1894400  eps=0.050  episodes= 29364  recent_return=1.98  win=1.00  buf=100000
iter= 15000  env_steps=  1920000  eps=0.050  episodes= 29746  recent_return=1.94  win=1.00  buf=100000
iter= 15200  env_steps=  1945600  eps=0.050  episodes= 30128  recent_return=1.92  win=1.00  buf=100000
iter= 15400  env_steps=  1971200  eps=0.050  episodes= 30517  recent_return=1.97  win=1.00  buf=100000
iter= 15600  env_steps=  1996800  eps=0.050  episodes= 30901  recent_return=1.96  win=1.00  buf=100000
[run] 2000000 env-steps in 554s => 3608 env-steps/sec
[run] saved -> results_smax/smax_2s3z_vdn_independent_na_s1.npz
