# /home/jwozniak/MARL/.venv/bin/python3 -m smax.run --exploration correlated --similarity hidden --mixer vdn --seed 3 --total-steps 2000000 --out results_smax/smax_2s3z_vdn_correlated_hidden_s3.npz
2026-06-10 19:47:04.850902: W external/xla/xla/service/gpu/nvptx_compiler.cc:930] The NVIDIA driver's CUDA version is 12.7 which is older than the PTX compiler version 12.9.86. Because the driver is older than the PTX compiler version, XLA is disabling parallel compilation, which may slow down compilation. You should update your NVIDIA driver or use the NVIDIA-provided CUDA forward compatibility packages.
[run] cfg={'seed': 3, 'total_steps': 2000000, 'n_envs': 128, 'buffer_cap': 100000, 'batch_size': 128, 'warmup': 5000, 'updates_per_iter': 1, 'target_sync': 200, 'gamma': 0.99, 'lr': 0.0003, 'grad_clip': 10.0, 'eps_start': 1.0, 'eps_end': 0.05, 'eps_anneal_steps': 100000, 'hidden_size': 128, 'exploration': 'correlated', 'similarity': 'hidden', 'mixer': 'vdn', 'qmix_embed': 32, 'log_corr_every': 2000}
[cfg] n_agents=5  n_actions=10  obs_dim=127  state_dim=120  aug_dim=134
iter=     0  env_steps=        0  eps=1.000  episodes=     0  recent_return=0.00  win=0.00  buf=128
iter=   200  env_steps=    25600  eps=0.757  episodes=   408  recent_return=0.23  win=0.00  buf=25728
iter=   400  env_steps=    51200  eps=0.514  episodes=   867  recent_return=0.27  win=0.01  buf=51328
iter=   600  env_steps=    76800  eps=0.270  episodes=  1328  recent_return=0.24  win=0.00  buf=76928
iter=   800  env_steps=   102400  eps=0.050  episodes=  1795  recent_return=0.18  win=0.00  buf=100000
iter=  1000  env_steps=   128000  eps=0.050  episodes=  2261  recent_return=0.11  win=0.00  buf=100000
iter=  1200  env_steps=   153600  eps=0.050  episodes=  2719  recent_return=0.07  win=0.00  buf=100000
iter=  1400  env_steps=   179200  eps=0.050  episodes=  3192  recent_return=0.08  win=0.00  buf=100000
iter=  1600  env_steps=   204800  eps=0.050  episodes=  3663  recent_return=0.06  win=0.00  buf=100000
iter=  1800  env_steps=   230400  eps=0.050  episodes=  4118  recent_return=0.06  win=0.00  buf=100000
iter=  2000  env_steps=   256000  eps=0.050  episodes=  4588  recent_return=0.07  win=0.00  buf=100000
iter=  2200  env_steps=   281600  eps=0.050  episodes=  5040  recent_return=0.06  win=0.00  buf=100000
iter=  2400  env_steps=   307200  eps=0.050  episodes=  5504  recent_return=0.04  win=0.00  buf=100000
iter=  2600  env_steps=   332800  eps=0.050  episodes=  5971  recent_return=0.03  win=0.00  buf=100000
iter=  2800  env_steps=   358400  eps=0.050  episodes=  6437  recent_return=0.05  win=0.00  buf=100000
iter=  3000  env_steps=   384000  eps=0.050  episodes=  6880  recent_return=0.04  win=0.00  buf=100000
iter=  3200  env_steps=   409600  eps=0.050  episodes=  7355  recent_return=0.04  win=0.00  buf=100000
iter=  3400  env_steps=   435200  eps=0.050  episodes=  7827  recent_return=0.04  win=0.00  buf=100000
iter=  3600  env_steps=   460800  eps=0.050  episodes=  8298  recent_return=0.04  win=0.00  buf=100000
iter=  3800  env_steps=   486400  eps=0.050  episodes=  8769  recent_return=0.04  win=0.00  buf=100000
iter=  4000  env_steps=   512000  eps=0.050  episodes=  9203  recent_return=0.05  win=0.00  buf=100000
iter=  4200  env_steps=   537600  eps=0.050  episodes=  9650  recent_return=0.05  win=0.00  buf=100000
iter=  4400  env_steps=   563200  eps=0.050  episodes= 10089  recent_return=0.04  win=0.00  buf=100000
iter=  4600  env_steps=   588800  eps=0.050  episodes= 10528  recent_return=0.05  win=0.00  buf=100000
iter=  4800  env_steps=   614400  eps=0.050  episodes= 10959  recent_return=0.05  win=0.00  buf=100000
iter=  5000  env_steps=   640000  eps=0.050  episodes= 11397  recent_return=0.04  win=0.00  buf=100000
iter=  5200  env_steps=   665600  eps=0.050  episodes= 11844  recent_return=0.06  win=0.00  buf=100000
iter=  5400  env_steps=   691200  eps=0.050  episodes= 12264  recent_return=0.06  win=0.00  buf=100000
iter=  5600  env_steps=   716800  eps=0.050  episodes= 12750  recent_return=0.04  win=0.00  buf=100000
iter=  5800  env_steps=   742400  eps=0.050  episodes= 13198  recent_return=0.04  win=0.00  buf=100000
iter=  6000  env_steps=   768000  eps=0.050  episodes= 13609  recent_return=0.05  win=0.00  buf=100000
iter=  6200  env_steps=   793600  eps=0.050  episodes= 14019  recent_return=0.07  win=0.00  buf=100000
iter=  6400  env_steps=   819200  eps=0.050  episodes= 14441  recent_return=0.05  win=0.00  buf=100000
iter=  6600  env_steps=   844800  eps=0.050  episodes= 14833  recent_return=0.06  win=0.00  buf=100000
iter=  6800  env_steps=   870400  eps=0.050  episodes= 15232  recent_return=0.06  win=0.00  buf=100000
iter=  7000  env_steps=   896000  eps=0.050  episodes= 15645  recent_return=0.09  win=0.00  buf=100000
iter=  7200  env_steps=   921600  eps=0.050  episodes= 16033  recent_return=0.10  win=0.00  buf=100000
iter=  7400  env_steps=   947200  eps=0.050  episodes= 16401  recent_return=0.08  win=0.00  buf=100000
iter=  7600  env_steps=   972800  eps=0.050  episodes= 16788  recent_return=0.11  win=0.00  buf=100000
iter=  7800  env_steps=   998400  eps=0.050  episodes= 17167  recent_return=0.14  win=0.00  buf=100000
iter=  8000  env_steps=  1024000  eps=0.050  episodes= 17574  recent_return=0.21  win=0.00  buf=100000
iter=  8200  env_steps=  1049600  eps=0.050  episodes= 17979  recent_return=0.18  win=0.00  buf=100000
iter=  8400  env_steps=  1075200  eps=0.050  episodes= 18374  recent_return=0.16  win=0.00  buf=100000
iter=  8600  env_steps=  1100800  eps=0.050  episodes= 18788  recent_return=0.24  win=0.00  buf=100000
iter=  8800  env_steps=  1126400  eps=0.050  episodes= 19223  recent_return=0.22  win=0.00  buf=100000
iter=  9000  env_steps=  1152000  eps=0.050  episodes= 19627  recent_return=0.30  win=0.00  buf=100000
iter=  9200  env_steps=  1177600  eps=0.050  episodes= 20043  recent_return=0.29  win=0.01  buf=100000
iter=  9400  env_steps=  1203200  eps=0.050  episodes= 20461  recent_return=0.42  win=0.15  buf=100000
iter=  9600  env_steps=  1228800  eps=0.050  episodes= 20908  recent_return=0.53  win=0.67  buf=100000
iter=  9800  env_steps=  1254400  eps=0.050  episodes= 21342  recent_return=0.51  win=0.56  buf=100000
iter= 10000  env_steps=  1280000  eps=0.050  episodes= 21795  recent_return=0.47  win=0.34  buf=100000
iter= 10200  env_steps=  1305600  eps=0.050  episodes= 22253  recent_return=0.42  win=0.16  buf=100000
iter= 10400  env_steps=  1331200  eps=0.050  episodes= 22704  recent_return=0.40  win=0.15  buf=100000
iter= 10600  env_steps=  1356800  eps=0.050  episodes= 23165  recent_return=0.35  win=0.05  buf=100000
iter= 10800  env_steps=  1382400  eps=0.050  episodes= 23644  recent_return=0.32  win=0.03  buf=100000
iter= 11000  env_steps=  1408000  eps=0.050  episodes= 24144  recent_return=0.30  win=0.01  buf=100000
iter= 11200  env_steps=  1433600  eps=0.050  episodes= 24675  recent_return=0.27  win=0.01  buf=100000
iter= 11400  env_steps=  1459200  eps=0.050  episodes= 25183  recent_return=0.27  win=0.02  buf=100000
iter= 11600  env_steps=  1484800  eps=0.050  episodes= 25684  recent_return=0.37  win=0.21  buf=100000
iter= 11800  env_steps=  1510400  eps=0.050  episodes= 26145  recent_return=0.31  win=0.04  buf=100000
iter= 12000  env_steps=  1536000  eps=0.050  episodes= 26570  recent_return=0.35  win=0.11  buf=100000
iter= 12200  env_steps=  1561600  eps=0.050  episodes= 27050  recent_return=0.33  win=0.02  buf=100000
iter= 12400  env_steps=  1587200  eps=0.050  episodes= 27497  recent_return=0.35  win=0.07  buf=100000
iter= 12600  env_steps=  1612800  eps=0.050  episodes= 27911  recent_return=0.40  win=0.13  buf=100000
iter= 12800  env_steps=  1638400  eps=0.050  episodes= 28325  recent_return=0.36  win=0.07  buf=100000
iter= 13000  env_steps=  1664000  eps=0.050  episodes= 28751  recent_return=0.34  win=0.05  buf=100000
iter= 13200  env_steps=  1689600  eps=0.050  episodes= 29158  recent_return=0.30  win=0.04  buf=100000
iter= 13400  env_steps=  1715200  eps=0.050  episodes= 29546  recent_return=0.22  win=0.01  buf=100000
iter= 13600  env_steps=  1740800  eps=0.050  episodes= 29927  recent_return=0.20  win=0.00  buf=100000
iter= 13800  env_steps=  1766400  eps=0.050  episodes= 30314  recent_return=0.22  win=0.00  buf=100000
iter= 14000  env_steps=  1792000  eps=0.050  episodes= 30699  recent_return=0.20  win=0.00  buf=100000
iter= 14200  env_steps=  1817600  eps=0.050  episodes= 31068  recent_return=0.19  win=0.00  buf=100000
iter= 14400  env_steps=  1843200  eps=0.050  episodes= 31423  recent_return=0.18  win=0.00  buf=100000
iter= 14600  env_steps=  1868800  eps=0.050  episodes= 31803  recent_return=0.20  win=0.00  buf=100000
iter= 14800  env_steps=  1894400  eps=0.050  episodes= 32165  recent_return=0.19  win=0.00  buf=100000
iter= 15000  env_steps=  1920000  eps=0.050  episodes= 32528  recent_return=0.21  win=0.00  buf=100000
iter= 15200  env_steps=  1945600  eps=0.050  episodes= 32890  recent_return=0.18  win=0.00  buf=100000
iter= 15400  env_steps=  1971200  eps=0.050  episodes= 33248  recent_return=0.21  win=0.01  buf=100000
iter= 15600  env_steps=  1996800  eps=0.050  episodes= 33606  recent_return=0.18  win=0.01  buf=100000
[run] 2000000 env-steps in 252s => 7923 env-steps/sec
[run] saved -> results_smax/smax_2s3z_vdn_correlated_hidden_s3.npz
