# /home/jwozniak/MARL/.venv/bin/python3 -m smax.run --exploration independent --similarity obs --mixer vdn --seed 0 --total-steps 2000000 --out results_smax/smax_2s3z_vdn_independent_na_s0.npz
2026-06-11 17:20:03.410905: W external/xla/xla/service/gpu/nvptx_compiler.cc:930] The NVIDIA driver's CUDA version is 12.7 which is older than the PTX compiler version 12.9.86. Because the driver is older than the PTX compiler version, XLA is disabling parallel compilation, which may slow down compilation. You should update your NVIDIA driver or use the NVIDIA-provided CUDA forward compatibility packages.
[run] cfg={'seed': 0, 'total_steps': 2000000, 'n_envs': 128, 'buffer_cap': 100000, 'batch_size': 128, 'warmup': 5000, 'updates_per_iter': 8, 'target_sync': 200, 'tau': 0.005, 'gamma': 0.99, 'lr': 0.0001, 'grad_clip': 10.0, 'eps_start': 1.0, 'eps_end': 0.05, 'eps_anneal_steps': 100000, 'hidden_size': 128, 'exploration': 'independent', 'similarity': 'obs', 'mixer': 'vdn', 'qmix_embed': 32, 'log_corr_every': 2000}
[cfg] n_agents=5  n_actions=10  obs_dim=127  state_dim=120  aug_dim=134
iter=     0  env_steps=        0  eps=1.000  episodes=     0  recent_return=0.00  win=0.00  buf=128
iter=   200  env_steps=    25600  eps=0.757  episodes=   412  recent_return=0.23  win=0.00  buf=25728
iter=   400  env_steps=    51200  eps=0.514  episodes=   895  recent_return=0.27  win=0.00  buf=51328
iter=   600  env_steps=    76800  eps=0.270  episodes=  1357  recent_return=0.25  win=0.00  buf=76928
iter=   800  env_steps=   102400  eps=0.050  episodes=  1801  recent_return=0.23  win=0.00  buf=100000
iter=  1000  env_steps=   128000  eps=0.050  episodes=  2210  recent_return=0.24  win=0.00  buf=100000
iter=  1200  env_steps=   153600  eps=0.050  episodes=  2619  recent_return=0.20  win=0.00  buf=100000
iter=  1400  env_steps=   179200  eps=0.050  episodes=  3043  recent_return=0.23  win=0.00  buf=100000
iter=  1600  env_steps=   204800  eps=0.050  episodes=  3442  recent_return=0.19  win=0.00  buf=100000
iter=  1800  env_steps=   230400  eps=0.050  episodes=  3808  recent_return=0.22  win=0.00  buf=100000
iter=  2000  env_steps=   256000  eps=0.050  episodes=  4163  recent_return=0.20  win=0.00  buf=100000
iter=  2200  env_steps=   281600  eps=0.050  episodes=  4511  recent_return=0.19  win=0.00  buf=100000
iter=  2400  env_steps=   307200  eps=0.050  episodes=  4838  recent_return=0.17  win=0.00  buf=100000
iter=  2600  env_steps=   332800  eps=0.050  episodes=  5181  recent_return=0.21  win=0.00  buf=100000
iter=  2800  env_steps=   358400  eps=0.050  episodes=  5518  recent_return=0.23  win=0.00  buf=100000
iter=  3000  env_steps=   384000  eps=0.050  episodes=  5854  recent_return=0.23  win=0.00  buf=100000
iter=  3200  env_steps=   409600  eps=0.050  episodes=  6194  recent_return=0.25  win=0.00  buf=100000
iter=  3400  env_steps=   435200  eps=0.050  episodes=  6530  recent_return=0.29  win=0.00  buf=100000
iter=  3600  env_steps=   460800  eps=0.050  episodes=  6874  recent_return=0.31  win=0.02  buf=100000
iter=  3800  env_steps=   486400  eps=0.050  episodes=  7232  recent_return=0.32  win=0.01  buf=100000
iter=  4000  env_steps=   512000  eps=0.050  episodes=  7588  recent_return=0.35  win=0.01  buf=100000
iter=  4200  env_steps=   537600  eps=0.050  episodes=  7945  recent_return=0.37  win=0.03  buf=100000
iter=  4400  env_steps=   563200  eps=0.050  episodes=  8319  recent_return=0.39  win=0.06  buf=100000
iter=  4600  env_steps=   588800  eps=0.050  episodes=  8702  recent_return=0.39  win=0.08  buf=100000
iter=  4800  env_steps=   614400  eps=0.050  episodes=  9081  recent_return=0.42  win=0.11  buf=100000
iter=  5000  env_steps=   640000  eps=0.050  episodes=  9484  recent_return=0.46  win=0.33  buf=100000
iter=  5200  env_steps=   665600  eps=0.050  episodes=  9896  recent_return=0.50  win=0.53  buf=100000
iter=  5400  env_steps=   691200  eps=0.050  episodes= 10315  recent_return=0.52  win=0.60  buf=100000
iter=  5600  env_steps=   716800  eps=0.050  episodes= 10734  recent_return=0.56  win=0.81  buf=100000
iter=  5800  env_steps=   742400  eps=0.050  episodes= 11156  recent_return=0.63  win=0.98  buf=100000
iter=  6000  env_steps=   768000  eps=0.050  episodes= 11571  recent_return=0.64  win=0.95  buf=100000
iter=  6200  env_steps=   793600  eps=0.050  episodes= 11984  recent_return=0.66  win=0.98  buf=100000
iter=  6400  env_steps=   819200  eps=0.050  episodes= 12384  recent_return=0.69  win=0.99  buf=100000
iter=  6600  env_steps=   844800  eps=0.050  episodes= 12804  recent_return=0.67  win=0.96  buf=100000
iter=  6800  env_steps=   870400  eps=0.050  episodes= 13208  recent_return=0.70  win=1.00  buf=100000
iter=  7000  env_steps=   896000  eps=0.050  episodes= 13603  recent_return=0.72  win=0.99  buf=100000
iter=  7200  env_steps=   921600  eps=0.050  episodes= 13997  recent_return=0.74  win=0.99  buf=100000
iter=  7400  env_steps=   947200  eps=0.050  episodes= 14391  recent_return=0.75  win=1.00  buf=100000
iter=  7600  env_steps=   972800  eps=0.050  episodes= 14773  recent_return=0.81  win=0.99  buf=100000
iter=  7800  env_steps=   998400  eps=0.050  episodes= 15150  recent_return=0.83  win=0.99  buf=100000
iter=  8000  env_steps=  1024000  eps=0.050  episodes= 15523  recent_return=0.90  win=0.99  buf=100000
iter=  8200  env_steps=  1049600  eps=0.050  episodes= 15878  recent_return=0.95  win=0.99  buf=100000
iter=  8400  env_steps=  1075200  eps=0.050  episodes= 16235  recent_return=0.95  win=0.98  buf=100000
iter=  8600  env_steps=  1100800  eps=0.050  episodes= 16584  recent_return=1.00  win=0.98  buf=100000
iter=  8800  env_steps=  1126400  eps=0.050  episodes= 16927  recent_return=1.12  win=0.97  buf=100000
iter=  9000  env_steps=  1152000  eps=0.050  episodes= 17267  recent_return=1.27  win=1.00  buf=100000
iter=  9200  env_steps=  1177600  eps=0.050  episodes= 17611  recent_return=1.47  win=1.00  buf=100000
iter=  9400  env_steps=  1203200  eps=0.050  episodes= 17972  recent_return=1.64  win=1.00  buf=100000
iter=  9600  env_steps=  1228800  eps=0.050  episodes= 18333  recent_return=1.66  win=0.99  buf=100000
iter=  9800  env_steps=  1254400  eps=0.050  episodes= 18707  recent_return=1.81  win=0.99  buf=100000
iter= 10000  env_steps=  1280000  eps=0.050  episodes= 19098  recent_return=1.83  win=1.00  buf=100000
iter= 10200  env_steps=  1305600  eps=0.050  episodes= 19502  recent_return=1.91  win=1.00  buf=100000
iter= 10400  env_steps=  1331200  eps=0.050  episodes= 19911  recent_return=1.92  win=1.00  buf=100000
iter= 10600  env_steps=  1356800  eps=0.050  episodes= 20315  recent_return=1.94  win=1.00  buf=100000
iter= 10800  env_steps=  1382400  eps=0.050  episodes= 20708  recent_return=1.93  win=1.00  buf=100000
iter= 11000  env_steps=  1408000  eps=0.050  episodes= 21108  recent_return=1.89  win=1.00  buf=100000
iter= 11200  env_steps=  1433600  eps=0.050  episodes= 21491  recent_return=1.90  win=1.00  buf=100000
iter= 11400  env_steps=  1459200  eps=0.050  episodes= 21882  recent_return=1.94  win=1.00  buf=100000
iter= 11600  env_steps=  1484800  eps=0.050  episodes= 22257  recent_return=1.80  win=0.99  buf=100000
iter= 11800  env_steps=  1510400  eps=0.050  episodes= 22643  recent_return=1.88  win=1.00  buf=100000
iter= 12000  env_steps=  1536000  eps=0.050  episodes= 23044  recent_return=1.95  win=1.00  buf=100000
iter= 12200  env_steps=  1561600  eps=0.050  episodes= 23450  recent_return=1.94  win=1.00  buf=100000
iter= 12400  env_steps=  1587200  eps=0.050  episodes= 23846  recent_return=1.95  win=1.00  buf=100000
iter= 12600  env_steps=  1612800  eps=0.050  episodes= 24233  recent_return=1.97  win=1.00  buf=100000
iter= 12800  env_steps=  1638400  eps=0.050  episodes= 24627  recent_return=1.95  win=1.00  buf=100000
iter= 13000  env_steps=  1664000  eps=0.050  episodes= 25021  recent_return=1.95  win=1.00  buf=100000
iter= 13200  env_steps=  1689600  eps=0.050  episodes= 25419  recent_return=1.93  win=1.00  buf=100000
iter= 13400  env_steps=  1715200  eps=0.050  episodes= 25822  recent_return=1.94  win=1.00  buf=100000
iter= 13600  env_steps=  1740800  eps=0.050  episodes= 26215  recent_return=1.95  win=1.00  buf=100000
iter= 13800  env_steps=  1766400  eps=0.050  episodes= 26604  recent_return=1.95  win=1.00  buf=100000
iter= 14000  env_steps=  1792000  eps=0.050  episodes= 27009  recent_return=1.96  win=1.00  buf=100000
iter= 14200  env_steps=  1817600  eps=0.050  episodes= 27412  recent_return=1.97  win=1.00  buf=100000
iter= 14400  env_steps=  1843200  eps=0.050  episodes= 27823  recent_return=1.96  win=1.00  buf=100000
iter= 14600  env_steps=  1868800  eps=0.050  episodes= 28222  recent_return=1.97  win=1.00  buf=100000
iter= 14800  env_steps=  1894400  eps=0.050  episodes= 28624  recent_return=1.94  win=1.00  buf=100000
iter= 15000  env_steps=  1920000  eps=0.050  episodes= 29024  recent_return=1.96  win=1.00  buf=100000
iter= 15200  env_steps=  1945600  eps=0.050  episodes= 29415  recent_return=1.97  win=1.00  buf=100000
iter= 15400  env_steps=  1971200  eps=0.050  episodes= 29817  recent_return=1.94  win=1.00  buf=100000
iter= 15600  env_steps=  1996800  eps=0.050  episodes= 30222  recent_return=1.99  win=1.00  buf=100000
[run] 2000000 env-steps in 561s => 3565 env-steps/sec
[run] saved -> results_smax/smax_2s3z_vdn_independent_na_s0.npz
