# /home/jwozniak/MARL/.venv/bin/python3 -m smax.run --exploration correlated --similarity obs --mixer qmix --seed 1 --total-steps 2000000 --out results_smax/smax_2s3z_qmix_correlated_obs_s1.npz
2026-06-20 22:25:02.319903: W external/xla/xla/service/gpu/nvptx_compiler.cc:930] The NVIDIA driver's CUDA version is 12.7 which is older than the PTX compiler version 12.9.86. Because the driver is older than the PTX compiler version, XLA is disabling parallel compilation, which may slow down compilation. You should update your NVIDIA driver or use the NVIDIA-provided CUDA forward compatibility packages.
[run] cfg={'seed': 1, 'total_steps': 2000000, 'n_envs': 128, 'buffer_cap': 100000, 'batch_size': 128, 'warmup': 5000, 'updates_per_iter': 8, 'target_sync': 200, 'tau': 0.005, 'gamma': 0.99, 'lr': 0.0001, 'grad_clip': 10.0, 'eps_start': 1.0, 'eps_end': 0.05, 'eps_anneal_steps': 100000, 'hidden_size': 128, 'exploration': 'correlated', 'similarity': 'obs', 'mixer': 'qmix', 'qmix_embed': 32, 'log_corr_every': 2000}
[cfg] n_agents=5  n_actions=10  obs_dim=127  state_dim=120  aug_dim=134
iter=     0  env_steps=        0  eps=1.000  episodes=     0  recent_return=0.00  win=0.00  buf=128
iter=   200  env_steps=    25600  eps=0.757  episodes=   412  recent_return=0.26  win=0.00  buf=25728
iter=   400  env_steps=    51200  eps=0.514  episodes=   869  recent_return=0.28  win=0.00  buf=51328
iter=   600  env_steps=    76800  eps=0.270  episodes=  1344  recent_return=0.27  win=0.00  buf=76928
iter=   800  env_steps=   102400  eps=0.050  episodes=  1813  recent_return=0.21  win=0.00  buf=100000
iter=  1000  env_steps=   128000  eps=0.050  episodes=  2276  recent_return=0.18  win=0.00  buf=100000
iter=  1200  env_steps=   153600  eps=0.050  episodes=  2721  recent_return=0.22  win=0.00  buf=100000
iter=  1400  env_steps=   179200  eps=0.050  episodes=  3153  recent_return=0.20  win=0.00  buf=100000
iter=  1600  env_steps=   204800  eps=0.050  episodes=  3632  recent_return=0.14  win=0.00  buf=100000
iter=  1800  env_steps=   230400  eps=0.050  episodes=  4102  recent_return=0.16  win=0.00  buf=100000
iter=  2000  env_steps=   256000  eps=0.050  episodes=  4532  recent_return=0.21  win=0.00  buf=100000
iter=  2200  env_steps=   281600  eps=0.050  episodes=  4964  recent_return=0.13  win=0.00  buf=100000
iter=  2400  env_steps=   307200  eps=0.050  episodes=  5337  recent_return=0.07  win=0.00  buf=100000
iter=  2600  env_steps=   332800  eps=0.050  episodes=  5681  recent_return=0.10  win=0.00  buf=100000
iter=  2800  env_steps=   358400  eps=0.050  episodes=  6001  recent_return=0.12  win=0.00  buf=100000
iter=  3000  env_steps=   384000  eps=0.050  episodes=  6329  recent_return=0.09  win=0.00  buf=100000
iter=  3200  env_steps=   409600  eps=0.050  episodes=  6653  recent_return=0.08  win=0.00  buf=100000
iter=  3400  env_steps=   435200  eps=0.050  episodes=  6967  recent_return=0.12  win=0.00  buf=100000
iter=  3600  env_steps=   460800  eps=0.050  episodes=  7253  recent_return=0.14  win=0.00  buf=100000
iter=  3800  env_steps=   486400  eps=0.050  episodes=  7554  recent_return=0.15  win=0.00  buf=100000
iter=  4000  env_steps=   512000  eps=0.050  episodes=  7883  recent_return=0.15  win=0.00  buf=100000
iter=  4200  env_steps=   537600  eps=0.050  episodes=  8184  recent_return=0.17  win=0.00  buf=100000
iter=  4400  env_steps=   563200  eps=0.050  episodes=  8469  recent_return=0.20  win=0.00  buf=100000
iter=  4600  env_steps=   588800  eps=0.050  episodes=  8760  recent_return=0.20  win=0.00  buf=100000
iter=  4800  env_steps=   614400  eps=0.050  episodes=  9054  recent_return=0.21  win=0.00  buf=100000
iter=  5000  env_steps=   640000  eps=0.050  episodes=  9357  recent_return=0.22  win=0.00  buf=100000
iter=  5200  env_steps=   665600  eps=0.050  episodes=  9677  recent_return=0.25  win=0.00  buf=100000
iter=  5400  env_steps=   691200  eps=0.050  episodes= 10021  recent_return=0.29  win=0.00  buf=100000
iter=  5600  env_steps=   716800  eps=0.050  episodes= 10392  recent_return=0.26  win=0.00  buf=100000
iter=  5800  env_steps=   742400  eps=0.050  episodes= 10740  recent_return=0.31  win=0.00  buf=100000
iter=  6000  env_steps=   768000  eps=0.050  episodes= 11064  recent_return=0.33  win=0.00  buf=100000
iter=  6200  env_steps=   793600  eps=0.050  episodes= 11418  recent_return=0.35  win=0.00  buf=100000
iter=  6400  env_steps=   819200  eps=0.050  episodes= 11760  recent_return=0.42  win=0.00  buf=100000
iter=  6600  env_steps=   844800  eps=0.050  episodes= 12097  recent_return=0.49  win=0.00  buf=100000
iter=  6800  env_steps=   870400  eps=0.050  episodes= 12439  recent_return=0.58  win=0.00  buf=100000
iter=  7000  env_steps=   896000  eps=0.050  episodes= 12790  recent_return=0.71  win=0.03  buf=100000
iter=  7200  env_steps=   921600  eps=0.050  episodes= 13136  recent_return=0.72  win=0.00  buf=100000
iter=  7400  env_steps=   947200  eps=0.050  episodes= 13496  recent_return=0.72  win=0.01  buf=100000
iter=  7600  env_steps=   972800  eps=0.050  episodes= 13857  recent_return=0.85  win=0.06  buf=100000
iter=  7800  env_steps=   998400  eps=0.050  episodes= 14192  recent_return=1.01  win=0.16  buf=100000
iter=  8000  env_steps=  1024000  eps=0.050  episodes= 14540  recent_return=0.93  win=0.10  buf=100000
iter=  8200  env_steps=  1049600  eps=0.050  episodes= 14878  recent_return=0.90  win=0.09  buf=100000
iter=  8400  env_steps=  1075200  eps=0.050  episodes= 15239  recent_return=0.87  win=0.10  buf=100000
iter=  8600  env_steps=  1100800  eps=0.050  episodes= 15584  recent_return=0.83  win=0.07  buf=100000
iter=  8800  env_steps=  1126400  eps=0.050  episodes= 15928  recent_return=0.88  win=0.10  buf=100000
iter=  9000  env_steps=  1152000  eps=0.050  episodes= 16264  recent_return=0.90  win=0.10  buf=100000
iter=  9200  env_steps=  1177600  eps=0.050  episodes= 16619  recent_return=0.85  win=0.11  buf=100000
iter=  9400  env_steps=  1203200  eps=0.050  episodes= 16953  recent_return=0.96  win=0.14  buf=100000
iter=  9600  env_steps=  1228800  eps=0.050  episodes= 17278  recent_return=1.06  win=0.21  buf=100000
iter=  9800  env_steps=  1254400  eps=0.050  episodes= 17603  recent_return=0.97  win=0.16  buf=100000
iter= 10000  env_steps=  1280000  eps=0.050  episodes= 17934  recent_return=1.04  win=0.22  buf=100000
iter= 10200  env_steps=  1305600  eps=0.050  episodes= 18252  recent_return=0.99  win=0.18  buf=100000
iter= 10400  env_steps=  1331200  eps=0.050  episodes= 18583  recent_return=0.93  win=0.14  buf=100000
iter= 10600  env_steps=  1356800  eps=0.050  episodes= 18910  recent_return=1.08  win=0.26  buf=100000
iter= 10800  env_steps=  1382400  eps=0.050  episodes= 19244  recent_return=0.92  win=0.14  buf=100000
iter= 11000  env_steps=  1408000  eps=0.050  episodes= 19569  recent_return=0.91  win=0.15  buf=100000
iter= 11200  env_steps=  1433600  eps=0.050  episodes= 19894  recent_return=1.02  win=0.21  buf=100000
iter= 11400  env_steps=  1459200  eps=0.050  episodes= 20205  recent_return=1.21  win=0.34  buf=100000
iter= 11600  env_steps=  1484800  eps=0.050  episodes= 20528  recent_return=1.35  win=0.47  buf=100000
iter= 11800  env_steps=  1510400  eps=0.050  episodes= 20851  recent_return=1.45  win=0.53  buf=100000
iter= 12000  env_steps=  1536000  eps=0.050  episodes= 21187  recent_return=1.50  win=0.59  buf=100000
iter= 12200  env_steps=  1561600  eps=0.050  episodes= 21525  recent_return=1.50  win=0.59  buf=100000
iter= 12400  env_steps=  1587200  eps=0.050  episodes= 21848  recent_return=1.62  win=0.68  buf=100000
iter= 12600  env_steps=  1612800  eps=0.050  episodes= 22195  recent_return=1.61  win=0.68  buf=100000
iter= 12800  env_steps=  1638400  eps=0.050  episodes= 22523  recent_return=1.61  win=0.68  buf=100000
iter= 13000  env_steps=  1664000  eps=0.050  episodes= 22859  recent_return=1.69  win=0.74  buf=100000
iter= 13200  env_steps=  1689600  eps=0.050  episodes= 23191  recent_return=1.79  win=0.81  buf=100000
iter= 13400  env_steps=  1715200  eps=0.050  episodes= 23537  recent_return=1.81  win=0.83  buf=100000
iter= 13600  env_steps=  1740800  eps=0.050  episodes= 23883  recent_return=1.81  win=0.83  buf=100000
iter= 13800  env_steps=  1766400  eps=0.050  episodes= 24244  recent_return=1.86  win=0.87  buf=100000
iter= 14000  env_steps=  1792000  eps=0.050  episodes= 24603  recent_return=1.86  win=0.89  buf=100000
iter= 14200  env_steps=  1817600  eps=0.050  episodes= 24953  recent_return=1.86  win=0.88  buf=100000
iter= 14400  env_steps=  1843200  eps=0.050  episodes= 25326  recent_return=1.84  win=0.86  buf=100000
iter= 14600  env_steps=  1868800  eps=0.050  episodes= 25703  recent_return=1.92  win=0.93  buf=100000
iter= 14800  env_steps=  1894400  eps=0.050  episodes= 26066  recent_return=1.92  win=0.93  buf=100000
iter= 15000  env_steps=  1920000  eps=0.050  episodes= 26428  recent_return=1.89  win=0.91  buf=100000
iter= 15200  env_steps=  1945600  eps=0.050  episodes= 26791  recent_return=1.94  win=0.95  buf=100000
iter= 15400  env_steps=  1971200  eps=0.050  episodes= 27163  recent_return=1.94  win=0.95  buf=100000
iter= 15600  env_steps=  1996800  eps=0.050  episodes= 27548  recent_return=1.93  win=0.94  buf=100000
[run] 2000000 env-steps in 791s => 2528 env-steps/sec
[run] saved -> results_smax/smax_2s3z_qmix_correlated_obs_s1.npz
