# /home/jwozniak/MARL/.venv/bin/python3 -m smax.run --exploration correlated --similarity obs --mixer qmix --seed 0 --total-steps 2000000 --out results_smax/smax_2s3z_qmix_correlated_obs_s0.npz
2026-06-20 22:02:38.099643: W external/xla/xla/service/gpu/nvptx_compiler.cc:930] The NVIDIA driver's CUDA version is 12.7 which is older than the PTX compiler version 12.9.86. Because the driver is older than the PTX compiler version, XLA is disabling parallel compilation, which may slow down compilation. You should update your NVIDIA driver or use the NVIDIA-provided CUDA forward compatibility packages.
[run] cfg={'seed': 0, 'total_steps': 2000000, 'n_envs': 128, 'buffer_cap': 100000, 'batch_size': 128, 'warmup': 5000, 'updates_per_iter': 8, 'target_sync': 200, 'tau': 0.005, 'gamma': 0.99, 'lr': 0.0001, 'grad_clip': 10.0, 'eps_start': 1.0, 'eps_end': 0.05, 'eps_anneal_steps': 100000, 'hidden_size': 128, 'exploration': 'correlated', 'similarity': 'obs', 'mixer': 'qmix', 'qmix_embed': 32, 'log_corr_every': 2000}
[cfg] n_agents=5  n_actions=10  obs_dim=127  state_dim=120  aug_dim=134
iter=     0  env_steps=        0  eps=1.000  episodes=     0  recent_return=0.00  win=0.00  buf=128
iter=   200  env_steps=    25600  eps=0.757  episodes=   407  recent_return=0.25  win=0.00  buf=25728
iter=   400  env_steps=    51200  eps=0.514  episodes=   870  recent_return=0.26  win=0.00  buf=51328
iter=   600  env_steps=    76800  eps=0.270  episodes=  1327  recent_return=0.18  win=0.00  buf=76928
iter=   800  env_steps=   102400  eps=0.050  episodes=  1755  recent_return=0.09  win=0.00  buf=100000
iter=  1000  env_steps=   128000  eps=0.050  episodes=  2193  recent_return=0.05  win=0.00  buf=100000
iter=  1200  env_steps=   153600  eps=0.050  episodes=  2622  recent_return=0.08  win=0.00  buf=100000
iter=  1400  env_steps=   179200  eps=0.050  episodes=  3070  recent_return=0.10  win=0.00  buf=100000
iter=  1600  env_steps=   204800  eps=0.050  episodes=  3508  recent_return=0.11  win=0.00  buf=100000
iter=  1800  env_steps=   230400  eps=0.050  episodes=  3961  recent_return=0.12  win=0.00  buf=100000
iter=  2000  env_steps=   256000  eps=0.050  episodes=  4402  recent_return=0.15  win=0.00  buf=100000
iter=  2200  env_steps=   281600  eps=0.050  episodes=  4839  recent_return=0.24  win=0.00  buf=100000
iter=  2400  env_steps=   307200  eps=0.050  episodes=  5269  recent_return=0.20  win=0.00  buf=100000
iter=  2600  env_steps=   332800  eps=0.050  episodes=  5681  recent_return=0.18  win=0.00  buf=100000
iter=  2800  env_steps=   358400  eps=0.050  episodes=  6079  recent_return=0.17  win=0.00  buf=100000
iter=  3000  env_steps=   384000  eps=0.050  episodes=  6458  recent_return=0.16  win=0.00  buf=100000
iter=  3200  env_steps=   409600  eps=0.050  episodes=  6817  recent_return=0.12  win=0.00  buf=100000
iter=  3400  env_steps=   435200  eps=0.050  episodes=  7156  recent_return=0.16  win=0.00  buf=100000
iter=  3600  env_steps=   460800  eps=0.050  episodes=  7512  recent_return=0.15  win=0.00  buf=100000
iter=  3800  env_steps=   486400  eps=0.050  episodes=  7858  recent_return=0.18  win=0.00  buf=100000
iter=  4000  env_steps=   512000  eps=0.050  episodes=  8203  recent_return=0.17  win=0.00  buf=100000
iter=  4200  env_steps=   537600  eps=0.050  episodes=  8545  recent_return=0.22  win=0.00  buf=100000
iter=  4400  env_steps=   563200  eps=0.050  episodes=  8875  recent_return=0.26  win=0.00  buf=100000
iter=  4600  env_steps=   588800  eps=0.050  episodes=  9203  recent_return=0.26  win=0.00  buf=100000
iter=  4800  env_steps=   614400  eps=0.050  episodes=  9517  recent_return=0.25  win=0.00  buf=100000
iter=  5000  env_steps=   640000  eps=0.050  episodes=  9833  recent_return=0.30  win=0.00  buf=100000
iter=  5200  env_steps=   665600  eps=0.050  episodes= 10145  recent_return=0.36  win=0.00  buf=100000
iter=  5400  env_steps=   691200  eps=0.050  episodes= 10488  recent_return=0.45  win=0.00  buf=100000
iter=  5600  env_steps=   716800  eps=0.050  episodes= 10803  recent_return=0.52  win=0.00  buf=100000
iter=  5800  env_steps=   742400  eps=0.050  episodes= 11156  recent_return=0.60  win=0.00  buf=100000
iter=  6000  env_steps=   768000  eps=0.050  episodes= 11547  recent_return=0.61  win=0.00  buf=100000
iter=  6200  env_steps=   793600  eps=0.050  episodes= 11948  recent_return=0.74  win=0.03  buf=100000
iter=  6400  env_steps=   819200  eps=0.050  episodes= 12334  recent_return=0.77  win=0.03  buf=100000
iter=  6600  env_steps=   844800  eps=0.050  episodes= 12700  recent_return=0.76  win=0.02  buf=100000
iter=  6800  env_steps=   870400  eps=0.050  episodes= 13070  recent_return=0.78  win=0.02  buf=100000
iter=  7000  env_steps=   896000  eps=0.050  episodes= 13429  recent_return=0.84  win=0.04  buf=100000
iter=  7200  env_steps=   921600  eps=0.050  episodes= 13778  recent_return=0.97  win=0.14  buf=100000
iter=  7400  env_steps=   947200  eps=0.050  episodes= 14146  recent_return=0.90  win=0.10  buf=100000
iter=  7600  env_steps=   972800  eps=0.050  episodes= 14509  recent_return=0.85  win=0.07  buf=100000
iter=  7800  env_steps=   998400  eps=0.050  episodes= 14859  recent_return=1.04  win=0.19  buf=100000
iter=  8000  env_steps=  1024000  eps=0.050  episodes= 15219  recent_return=1.03  win=0.20  buf=100000
iter=  8200  env_steps=  1049600  eps=0.050  episodes= 15551  recent_return=1.07  win=0.23  buf=100000
iter=  8400  env_steps=  1075200  eps=0.050  episodes= 15882  recent_return=0.97  win=0.18  buf=100000
iter=  8600  env_steps=  1100800  eps=0.050  episodes= 16215  recent_return=1.03  win=0.23  buf=100000
iter=  8800  env_steps=  1126400  eps=0.050  episodes= 16542  recent_return=1.11  win=0.28  buf=100000
iter=  9000  env_steps=  1152000  eps=0.050  episodes= 16880  recent_return=1.15  win=0.30  buf=100000
iter=  9200  env_steps=  1177600  eps=0.050  episodes= 17220  recent_return=1.09  win=0.26  buf=100000
iter=  9400  env_steps=  1203200  eps=0.050  episodes= 17544  recent_return=1.00  win=0.21  buf=100000
iter=  9600  env_steps=  1228800  eps=0.050  episodes= 17891  recent_return=1.01  win=0.23  buf=100000
iter=  9800  env_steps=  1254400  eps=0.050  episodes= 18229  recent_return=0.99  win=0.21  buf=100000
iter= 10000  env_steps=  1280000  eps=0.050  episodes= 18576  recent_return=1.05  win=0.25  buf=100000
iter= 10200  env_steps=  1305600  eps=0.050  episodes= 18931  recent_return=1.01  win=0.25  buf=100000
iter= 10400  env_steps=  1331200  eps=0.050  episodes= 19268  recent_return=1.17  win=0.35  buf=100000
iter= 10600  env_steps=  1356800  eps=0.050  episodes= 19594  recent_return=1.19  win=0.34  buf=100000
iter= 10800  env_steps=  1382400  eps=0.050  episodes= 19945  recent_return=1.29  win=0.43  buf=100000
iter= 11000  env_steps=  1408000  eps=0.050  episodes= 20274  recent_return=1.33  win=0.46  buf=100000
iter= 11200  env_steps=  1433600  eps=0.050  episodes= 20616  recent_return=1.20  win=0.38  buf=100000
iter= 11400  env_steps=  1459200  eps=0.050  episodes= 20946  recent_return=1.26  win=0.42  buf=100000
iter= 11600  env_steps=  1484800  eps=0.050  episodes= 21286  recent_return=1.37  win=0.48  buf=100000
iter= 11800  env_steps=  1510400  eps=0.050  episodes= 21621  recent_return=1.46  win=0.56  buf=100000
iter= 12000  env_steps=  1536000  eps=0.050  episodes= 21965  recent_return=1.58  win=0.66  buf=100000
iter= 12200  env_steps=  1561600  eps=0.050  episodes= 22313  recent_return=1.54  win=0.64  buf=100000
iter= 12400  env_steps=  1587200  eps=0.050  episodes= 22666  recent_return=1.48  win=0.58  buf=100000
iter= 12600  env_steps=  1612800  eps=0.050  episodes= 22998  recent_return=1.40  win=0.52  buf=100000
iter= 12800  env_steps=  1638400  eps=0.050  episodes= 23333  recent_return=1.47  win=0.57  buf=100000
iter= 13000  env_steps=  1664000  eps=0.050  episodes= 23676  recent_return=1.49  win=0.58  buf=100000
iter= 13200  env_steps=  1689600  eps=0.050  episodes= 24007  recent_return=1.59  win=0.66  buf=100000
iter= 13400  env_steps=  1715200  eps=0.050  episodes= 24363  recent_return=1.68  win=0.73  buf=100000
iter= 13600  env_steps=  1740800  eps=0.050  episodes= 24738  recent_return=1.78  win=0.82  buf=100000
iter= 13800  env_steps=  1766400  eps=0.050  episodes= 25128  recent_return=1.82  win=0.84  buf=100000
iter= 14000  env_steps=  1792000  eps=0.050  episodes= 25514  recent_return=1.89  win=0.91  buf=100000
iter= 14200  env_steps=  1817600  eps=0.050  episodes= 25912  recent_return=1.90  win=0.92  buf=100000
iter= 14400  env_steps=  1843200  eps=0.050  episodes= 26300  recent_return=1.95  win=0.95  buf=100000
iter= 14600  env_steps=  1868800  eps=0.050  episodes= 26709  recent_return=1.92  win=0.93  buf=100000
iter= 14800  env_steps=  1894400  eps=0.050  episodes= 27107  recent_return=1.95  win=0.95  buf=100000
iter= 15000  env_steps=  1920000  eps=0.050  episodes= 27513  recent_return=1.97  win=0.97  buf=100000
iter= 15200  env_steps=  1945600  eps=0.050  episodes= 27924  recent_return=1.94  win=0.95  buf=100000
iter= 15400  env_steps=  1971200  eps=0.050  episodes= 28332  recent_return=1.97  win=0.97  buf=100000
iter= 15600  env_steps=  1996800  eps=0.050  episodes= 28748  recent_return=1.96  win=0.96  buf=100000
[run] 2000000 env-steps in 813s => 2460 env-steps/sec
[run] saved -> results_smax/smax_2s3z_qmix_correlated_obs_s0.npz
