# /home/jwozniak/MARL/.venv/bin/python3 -m smax.run --exploration correlated --similarity q_values --mixer qmix --seed 2 --total-steps 2000000 --out results_smax/smax_2s3z_qmix_correlated_q_values_s2.npz
2026-06-11 19:58:42.995575: W external/xla/xla/service/gpu/nvptx_compiler.cc:930] The NVIDIA driver's CUDA version is 12.7 which is older than the PTX compiler version 12.9.86. Because the driver is older than the PTX compiler version, XLA is disabling parallel compilation, which may slow down compilation. You should update your NVIDIA driver or use the NVIDIA-provided CUDA forward compatibility packages.
[run] cfg={'seed': 2, 'total_steps': 2000000, 'n_envs': 128, 'buffer_cap': 100000, 'batch_size': 128, 'warmup': 5000, 'updates_per_iter': 8, 'target_sync': 200, 'tau': 0.005, 'gamma': 0.99, 'lr': 0.0001, 'grad_clip': 10.0, 'eps_start': 1.0, 'eps_end': 0.05, 'eps_anneal_steps': 100000, 'hidden_size': 128, 'exploration': 'correlated', 'similarity': 'q_values', 'mixer': 'qmix', 'qmix_embed': 32, 'log_corr_every': 2000}
[cfg] n_agents=5  n_actions=10  obs_dim=127  state_dim=120  aug_dim=134
iter=     0  env_steps=        0  eps=1.000  episodes=     0  recent_return=0.00  win=0.00  buf=128
iter=   200  env_steps=    25600  eps=0.757  episodes=   411  recent_return=0.23  win=0.00  buf=25728
iter=   400  env_steps=    51200  eps=0.514  episodes=   862  recent_return=0.23  win=0.00  buf=51328
iter=   600  env_steps=    76800  eps=0.270  episodes=  1270  recent_return=0.18  win=0.00  buf=76928
iter=   800  env_steps=   102400  eps=0.050  episodes=  1695  recent_return=0.09  win=0.00  buf=100000
iter=  1000  env_steps=   128000  eps=0.050  episodes=  2107  recent_return=0.09  win=0.00  buf=100000
iter=  1200  env_steps=   153600  eps=0.050  episodes=  2519  recent_return=0.11  win=0.00  buf=100000
iter=  1400  env_steps=   179200  eps=0.050  episodes=  2891  recent_return=0.11  win=0.00  buf=100000
iter=  1600  env_steps=   204800  eps=0.050  episodes=  3307  recent_return=0.05  win=0.00  buf=100000
iter=  1800  env_steps=   230400  eps=0.050  episodes=  3702  recent_return=0.06  win=0.00  buf=100000
iter=  2000  env_steps=   256000  eps=0.050  episodes=  4065  recent_return=0.13  win=0.00  buf=100000
iter=  2200  env_steps=   281600  eps=0.050  episodes=  4455  recent_return=0.16  win=0.00  buf=100000
iter=  2400  env_steps=   307200  eps=0.050  episodes=  4893  recent_return=0.10  win=0.00  buf=100000
iter=  2600  env_steps=   332800  eps=0.050  episodes=  5228  recent_return=0.18  win=0.00  buf=100000
iter=  2800  env_steps=   358400  eps=0.050  episodes=  5540  recent_return=0.11  win=0.00  buf=100000
iter=  3000  env_steps=   384000  eps=0.050  episodes=  5862  recent_return=0.10  win=0.00  buf=100000
iter=  3200  env_steps=   409600  eps=0.050  episodes=  6215  recent_return=0.11  win=0.00  buf=100000
iter=  3400  env_steps=   435200  eps=0.050  episodes=  6494  recent_return=0.16  win=0.00  buf=100000
iter=  3600  env_steps=   460800  eps=0.050  episodes=  6760  recent_return=0.24  win=0.00  buf=100000
iter=  3800  env_steps=   486400  eps=0.050  episodes=  7030  recent_return=0.20  win=0.00  buf=100000
iter=  4000  env_steps=   512000  eps=0.050  episodes=  7305  recent_return=0.22  win=0.00  buf=100000
iter=  4200  env_steps=   537600  eps=0.050  episodes=  7598  recent_return=0.22  win=0.00  buf=100000
iter=  4400  env_steps=   563200  eps=0.050  episodes=  7877  recent_return=0.21  win=0.00  buf=100000
iter=  4600  env_steps=   588800  eps=0.050  episodes=  8182  recent_return=0.17  win=0.00  buf=100000
iter=  4800  env_steps=   614400  eps=0.050  episodes=  8484  recent_return=0.20  win=0.00  buf=100000
iter=  5000  env_steps=   640000  eps=0.050  episodes=  8803  recent_return=0.17  win=0.00  buf=100000
iter=  5200  env_steps=   665600  eps=0.050  episodes=  9149  recent_return=0.16  win=0.00  buf=100000
iter=  5400  env_steps=   691200  eps=0.050  episodes=  9480  recent_return=0.19  win=0.00  buf=100000
iter=  5600  env_steps=   716800  eps=0.050  episodes=  9802  recent_return=0.22  win=0.00  buf=100000
iter=  5800  env_steps=   742400  eps=0.050  episodes= 10117  recent_return=0.22  win=0.00  buf=100000
iter=  6000  env_steps=   768000  eps=0.050  episodes= 10441  recent_return=0.23  win=0.00  buf=100000
iter=  6200  env_steps=   793600  eps=0.050  episodes= 10765  recent_return=0.22  win=0.00  buf=100000
iter=  6400  env_steps=   819200  eps=0.050  episodes= 11071  recent_return=0.25  win=0.01  buf=100000
iter=  6600  env_steps=   844800  eps=0.050  episodes= 11387  recent_return=0.27  win=0.00  buf=100000
iter=  6800  env_steps=   870400  eps=0.050  episodes= 11687  recent_return=0.31  win=0.03  buf=100000
iter=  7000  env_steps=   896000  eps=0.050  episodes= 11984  recent_return=0.30  win=0.03  buf=100000
iter=  7200  env_steps=   921600  eps=0.050  episodes= 12278  recent_return=0.30  win=0.04  buf=100000
iter=  7400  env_steps=   947200  eps=0.050  episodes= 12589  recent_return=0.34  win=0.07  buf=100000
iter=  7600  env_steps=   972800  eps=0.050  episodes= 12897  recent_return=0.44  win=0.28  buf=100000
iter=  7800  env_steps=   998400  eps=0.050  episodes= 13202  recent_return=0.47  win=0.46  buf=100000
iter=  8000  env_steps=  1024000  eps=0.050  episodes= 13520  recent_return=0.50  win=0.53  buf=100000
iter=  8200  env_steps=  1049600  eps=0.050  episodes= 13828  recent_return=0.50  win=0.56  buf=100000
iter=  8400  env_steps=  1075200  eps=0.050  episodes= 14135  recent_return=0.53  win=0.70  buf=100000
iter=  8600  env_steps=  1100800  eps=0.050  episodes= 14442  recent_return=0.57  win=0.82  buf=100000
iter=  8800  env_steps=  1126400  eps=0.050  episodes= 14767  recent_return=0.60  win=0.90  buf=100000
iter=  9000  env_steps=  1152000  eps=0.050  episodes= 15080  recent_return=0.65  win=0.93  buf=100000
iter=  9200  env_steps=  1177600  eps=0.050  episodes= 15397  recent_return=0.69  win=0.98  buf=100000
iter=  9400  env_steps=  1203200  eps=0.050  episodes= 15712  recent_return=0.70  win=0.96  buf=100000
iter=  9600  env_steps=  1228800  eps=0.050  episodes= 16030  recent_return=0.76  win=0.96  buf=100000
iter=  9800  env_steps=  1254400  eps=0.050  episodes= 16361  recent_return=0.76  win=0.95  buf=100000
iter= 10000  env_steps=  1280000  eps=0.050  episodes= 16675  recent_return=0.81  win=0.96  buf=100000
iter= 10200  env_steps=  1305600  eps=0.050  episodes= 16999  recent_return=0.87  win=0.99  buf=100000
iter= 10400  env_steps=  1331200  eps=0.050  episodes= 17324  recent_return=0.92  win=0.99  buf=100000
iter= 10600  env_steps=  1356800  eps=0.050  episodes= 17635  recent_return=1.00  win=0.98  buf=100000
iter= 10800  env_steps=  1382400  eps=0.050  episodes= 17951  recent_return=0.99  win=0.98  buf=100000
iter= 11000  env_steps=  1408000  eps=0.050  episodes= 18265  recent_return=1.03  win=0.98  buf=100000
iter= 11200  env_steps=  1433600  eps=0.050  episodes= 18574  recent_return=1.03  win=0.96  buf=100000
iter= 11400  env_steps=  1459200  eps=0.050  episodes= 18881  recent_return=1.15  win=0.99  buf=100000
iter= 11600  env_steps=  1484800  eps=0.050  episodes= 19186  recent_return=1.24  win=1.00  buf=100000
iter= 11800  env_steps=  1510400  eps=0.050  episodes= 19504  recent_return=1.27  win=0.98  buf=100000
iter= 12000  env_steps=  1536000  eps=0.050  episodes= 19815  recent_return=1.37  win=1.00  buf=100000
iter= 12200  env_steps=  1561600  eps=0.050  episodes= 20152  recent_return=1.45  win=0.99  buf=100000
iter= 12400  env_steps=  1587200  eps=0.050  episodes= 20464  recent_return=1.56  win=1.00  buf=100000
iter= 12600  env_steps=  1612800  eps=0.050  episodes= 20806  recent_return=1.54  win=1.00  buf=100000
iter= 12800  env_steps=  1638400  eps=0.050  episodes= 21135  recent_return=1.62  win=1.00  buf=100000
iter= 13000  env_steps=  1664000  eps=0.050  episodes= 21460  recent_return=1.54  win=1.00  buf=100000
iter= 13200  env_steps=  1689600  eps=0.050  episodes= 21794  recent_return=1.52  win=1.00  buf=100000
iter= 13400  env_steps=  1715200  eps=0.050  episodes= 22121  recent_return=1.56  win=1.00  buf=100000
iter= 13600  env_steps=  1740800  eps=0.050  episodes= 22448  recent_return=1.52  win=0.99  buf=100000
iter= 13800  env_steps=  1766400  eps=0.050  episodes= 22776  recent_return=1.64  win=1.00  buf=100000
iter= 14000  env_steps=  1792000  eps=0.050  episodes= 23109  recent_return=1.60  win=0.99  buf=100000
iter= 14200  env_steps=  1817600  eps=0.050  episodes= 23441  recent_return=1.69  win=1.00  buf=100000
iter= 14400  env_steps=  1843200  eps=0.050  episodes= 23795  recent_return=1.72  win=1.00  buf=100000
iter= 14600  env_steps=  1868800  eps=0.050  episodes= 24160  recent_return=1.88  win=1.00  buf=100000
iter= 14800  env_steps=  1894400  eps=0.050  episodes= 24518  recent_return=1.90  win=1.00  buf=100000
iter= 15000  env_steps=  1920000  eps=0.050  episodes= 24884  recent_return=1.88  win=1.00  buf=100000
iter= 15200  env_steps=  1945600  eps=0.050  episodes= 25267  recent_return=1.93  win=1.00  buf=100000
iter= 15400  env_steps=  1971200  eps=0.050  episodes= 25653  recent_return=1.94  win=1.00  buf=100000
iter= 15600  env_steps=  1996800  eps=0.050  episodes= 26039  recent_return=1.95  win=1.00  buf=100000
[run] 2000000 env-steps in 676s => 2959 env-steps/sec
[run] saved -> results_smax/smax_2s3z_qmix_correlated_q_values_s2.npz
