# /home/jwozniak/MARL/.venv/bin/python3 -m smax.run --exploration correlated --similarity q_values --mixer qmix --seed 0 --total-steps 2000000 --out results_smax/smax_2s3z_qmix_correlated_q_values_s0.npz
2026-06-20 22:11:08.599260: W external/xla/xla/service/gpu/nvptx_compiler.cc:930] The NVIDIA driver's CUDA version is 12.7 which is older than the PTX compiler version 12.9.86. Because the driver is older than the PTX compiler version, XLA is disabling parallel compilation, which may slow down compilation. You should update your NVIDIA driver or use the NVIDIA-provided CUDA forward compatibility packages.
[run] cfg={'seed': 0, 'total_steps': 2000000, 'n_envs': 128, 'buffer_cap': 100000, 'batch_size': 128, 'warmup': 5000, 'updates_per_iter': 8, 'target_sync': 200, 'tau': 0.005, 'gamma': 0.99, 'lr': 0.0001, 'grad_clip': 10.0, 'eps_start': 1.0, 'eps_end': 0.05, 'eps_anneal_steps': 100000, 'hidden_size': 128, 'exploration': 'correlated', 'similarity': 'q_values', 'mixer': 'qmix', 'qmix_embed': 32, 'log_corr_every': 2000}
[cfg] n_agents=5  n_actions=10  obs_dim=127  state_dim=120  aug_dim=134
iter=     0  env_steps=        0  eps=1.000  episodes=     0  recent_return=0.00  win=0.00  buf=128
iter=   200  env_steps=    25600  eps=0.757  episodes=   403  recent_return=0.27  win=0.00  buf=25728
iter=   400  env_steps=    51200  eps=0.514  episodes=   860  recent_return=0.24  win=0.00  buf=51328
iter=   600  env_steps=    76800  eps=0.270  episodes=  1328  recent_return=0.16  win=0.00  buf=76928
iter=   800  env_steps=   102400  eps=0.050  episodes=  1779  recent_return=0.09  win=0.00  buf=100000
iter=  1000  env_steps=   128000  eps=0.050  episodes=  2241  recent_return=0.05  win=0.00  buf=100000
iter=  1200  env_steps=   153600  eps=0.050  episodes=  2679  recent_return=0.09  win=0.00  buf=100000
iter=  1400  env_steps=   179200  eps=0.050  episodes=  3123  recent_return=0.12  win=0.00  buf=100000
iter=  1600  env_steps=   204800  eps=0.050  episodes=  3553  recent_return=0.12  win=0.00  buf=100000
iter=  1800  env_steps=   230400  eps=0.050  episodes=  3987  recent_return=0.18  win=0.00  buf=100000
iter=  2000  env_steps=   256000  eps=0.050  episodes=  4416  recent_return=0.20  win=0.00  buf=100000
iter=  2200  env_steps=   281600  eps=0.050  episodes=  4842  recent_return=0.21  win=0.00  buf=100000
iter=  2400  env_steps=   307200  eps=0.050  episodes=  5246  recent_return=0.18  win=0.00  buf=100000
iter=  2600  env_steps=   332800  eps=0.050  episodes=  5640  recent_return=0.16  win=0.00  buf=100000
iter=  2800  env_steps=   358400  eps=0.050  episodes=  6004  recent_return=0.16  win=0.00  buf=100000
iter=  3000  env_steps=   384000  eps=0.050  episodes=  6359  recent_return=0.18  win=0.00  buf=100000
iter=  3200  env_steps=   409600  eps=0.050  episodes=  6709  recent_return=0.15  win=0.00  buf=100000
iter=  3400  env_steps=   435200  eps=0.050  episodes=  7041  recent_return=0.14  win=0.00  buf=100000
iter=  3600  env_steps=   460800  eps=0.050  episodes=  7358  recent_return=0.16  win=0.00  buf=100000
iter=  3800  env_steps=   486400  eps=0.050  episodes=  7689  recent_return=0.19  win=0.00  buf=100000
iter=  4000  env_steps=   512000  eps=0.050  episodes=  7973  recent_return=0.20  win=0.00  buf=100000
iter=  4200  env_steps=   537600  eps=0.050  episodes=  8256  recent_return=0.19  win=0.00  buf=100000
iter=  4400  env_steps=   563200  eps=0.050  episodes=  8536  recent_return=0.21  win=0.00  buf=100000
iter=  4600  env_steps=   588800  eps=0.050  episodes=  8823  recent_return=0.22  win=0.00  buf=100000
iter=  4800  env_steps=   614400  eps=0.050  episodes=  9114  recent_return=0.24  win=0.00  buf=100000
iter=  5000  env_steps=   640000  eps=0.050  episodes=  9403  recent_return=0.27  win=0.00  buf=100000
iter=  5200  env_steps=   665600  eps=0.050  episodes=  9698  recent_return=0.31  win=0.00  buf=100000
iter=  5400  env_steps=   691200  eps=0.050  episodes= 10004  recent_return=0.34  win=0.00  buf=100000
iter=  5600  env_steps=   716800  eps=0.050  episodes= 10318  recent_return=0.37  win=0.00  buf=100000
iter=  5800  env_steps=   742400  eps=0.050  episodes= 10641  recent_return=0.38  win=0.00  buf=100000
iter=  6000  env_steps=   768000  eps=0.050  episodes= 10960  recent_return=0.46  win=0.00  buf=100000
iter=  6200  env_steps=   793600  eps=0.050  episodes= 11273  recent_return=0.55  win=0.00  buf=100000
iter=  6400  env_steps=   819200  eps=0.050  episodes= 11592  recent_return=0.61  win=0.00  buf=100000
iter=  6600  env_steps=   844800  eps=0.050  episodes= 11944  recent_return=0.64  win=0.00  buf=100000
iter=  6800  env_steps=   870400  eps=0.050  episodes= 12324  recent_return=0.63  win=0.00  buf=100000
iter=  7000  env_steps=   896000  eps=0.050  episodes= 12693  recent_return=0.75  win=0.01  buf=100000
iter=  7200  env_steps=   921600  eps=0.050  episodes= 13068  recent_return=0.78  win=0.01  buf=100000
iter=  7400  env_steps=   947200  eps=0.050  episodes= 13442  recent_return=0.79  win=0.02  buf=100000
iter=  7600  env_steps=   972800  eps=0.050  episodes= 13803  recent_return=0.80  win=0.02  buf=100000
iter=  7800  env_steps=   998400  eps=0.050  episodes= 14163  recent_return=0.77  win=0.01  buf=100000
iter=  8000  env_steps=  1024000  eps=0.050  episodes= 14517  recent_return=0.87  win=0.07  buf=100000
iter=  8200  env_steps=  1049600  eps=0.050  episodes= 14879  recent_return=0.96  win=0.12  buf=100000
iter=  8400  env_steps=  1075200  eps=0.050  episodes= 15219  recent_return=1.01  win=0.17  buf=100000
iter=  8600  env_steps=  1100800  eps=0.050  episodes= 15570  recent_return=1.14  win=0.27  buf=100000
iter=  8800  env_steps=  1126400  eps=0.050  episodes= 15909  recent_return=1.14  win=0.26  buf=100000
iter=  9000  env_steps=  1152000  eps=0.050  episodes= 16241  recent_return=1.22  win=0.32  buf=100000
iter=  9200  env_steps=  1177600  eps=0.050  episodes= 16573  recent_return=1.23  win=0.34  buf=100000
iter=  9400  env_steps=  1203200  eps=0.050  episodes= 16899  recent_return=1.18  win=0.30  buf=100000
iter=  9600  env_steps=  1228800  eps=0.050  episodes= 17225  recent_return=1.26  win=0.38  buf=100000
iter=  9800  env_steps=  1254400  eps=0.050  episodes= 17557  recent_return=1.27  win=0.38  buf=100000
iter= 10000  env_steps=  1280000  eps=0.050  episodes= 17887  recent_return=1.07  win=0.23  buf=100000
iter= 10200  env_steps=  1305600  eps=0.050  episodes= 18222  recent_return=1.13  win=0.29  buf=100000
iter= 10400  env_steps=  1331200  eps=0.050  episodes= 18542  recent_return=1.13  win=0.28  buf=100000
iter= 10600  env_steps=  1356800  eps=0.050  episodes= 18874  recent_return=1.27  win=0.40  buf=100000
iter= 10800  env_steps=  1382400  eps=0.050  episodes= 19191  recent_return=1.36  win=0.46  buf=100000
iter= 11000  env_steps=  1408000  eps=0.050  episodes= 19531  recent_return=1.39  win=0.49  buf=100000
iter= 11200  env_steps=  1433600  eps=0.050  episodes= 19857  recent_return=1.35  win=0.46  buf=100000
iter= 11400  env_steps=  1459200  eps=0.050  episodes= 20195  recent_return=1.24  win=0.38  buf=100000
iter= 11600  env_steps=  1484800  eps=0.050  episodes= 20523  recent_return=1.32  win=0.45  buf=100000
iter= 11800  env_steps=  1510400  eps=0.050  episodes= 20854  recent_return=1.24  win=0.39  buf=100000
iter= 12000  env_steps=  1536000  eps=0.050  episodes= 21185  recent_return=1.25  win=0.39  buf=100000
iter= 12200  env_steps=  1561600  eps=0.050  episodes= 21515  recent_return=1.30  win=0.44  buf=100000
iter= 12400  env_steps=  1587200  eps=0.050  episodes= 21862  recent_return=1.45  win=0.55  buf=100000
iter= 12600  env_steps=  1612800  eps=0.050  episodes= 22218  recent_return=1.61  win=0.68  buf=100000
iter= 12800  env_steps=  1638400  eps=0.050  episodes= 22575  recent_return=1.68  win=0.73  buf=100000
iter= 13000  env_steps=  1664000  eps=0.050  episodes= 22968  recent_return=1.82  win=0.84  buf=100000
iter= 13200  env_steps=  1689600  eps=0.050  episodes= 23360  recent_return=1.90  win=0.91  buf=100000
iter= 13400  env_steps=  1715200  eps=0.050  episodes= 23762  recent_return=1.86  win=0.88  buf=100000
iter= 13600  env_steps=  1740800  eps=0.050  episodes= 24165  recent_return=1.86  win=0.88  buf=100000
iter= 13800  env_steps=  1766400  eps=0.050  episodes= 24560  recent_return=1.86  win=0.89  buf=100000
iter= 14000  env_steps=  1792000  eps=0.050  episodes= 24964  recent_return=1.91  win=0.93  buf=100000
iter= 14200  env_steps=  1817600  eps=0.050  episodes= 25375  recent_return=1.84  win=0.86  buf=100000
iter= 14400  env_steps=  1843200  eps=0.050  episodes= 25788  recent_return=1.86  win=0.88  buf=100000
iter= 14600  env_steps=  1868800  eps=0.050  episodes= 26210  recent_return=1.90  win=0.92  buf=100000
iter= 14800  env_steps=  1894400  eps=0.050  episodes= 26626  recent_return=1.91  win=0.93  buf=100000
iter= 15000  env_steps=  1920000  eps=0.050  episodes= 27046  recent_return=1.92  win=0.93  buf=100000
iter= 15200  env_steps=  1945600  eps=0.050  episodes= 27468  recent_return=1.91  win=0.92  buf=100000
iter= 15400  env_steps=  1971200  eps=0.050  episodes= 27894  recent_return=1.92  win=0.94  buf=100000
iter= 15600  env_steps=  1996800  eps=0.050  episodes= 28314  recent_return=1.94  win=0.94  buf=100000
[run] 2000000 env-steps in 815s => 2453 env-steps/sec
[run] saved -> results_smax/smax_2s3z_qmix_correlated_q_values_s0.npz
