# /home/jwozniak/MARL/.venv/bin/python3 -m smax.run --exploration correlated --similarity q_values --mixer vdn --seed 3 --total-steps 2000000 --out results_smax/smax_2s3z_vdn_correlated_q_values_s3.npz
2026-06-20 21:01:32.936709: W external/xla/xla/service/gpu/nvptx_compiler.cc:930] The NVIDIA driver's CUDA version is 12.7 which is older than the PTX compiler version 12.9.86. Because the driver is older than the PTX compiler version, XLA is disabling parallel compilation, which may slow down compilation. You should update your NVIDIA driver or use the NVIDIA-provided CUDA forward compatibility packages.
[run] cfg={'seed': 3, 'total_steps': 2000000, 'n_envs': 128, 'buffer_cap': 100000, 'batch_size': 128, 'warmup': 5000, 'updates_per_iter': 8, 'target_sync': 200, 'tau': 0.005, 'gamma': 0.99, 'lr': 0.0001, 'grad_clip': 10.0, 'eps_start': 1.0, 'eps_end': 0.05, 'eps_anneal_steps': 100000, 'hidden_size': 128, 'exploration': 'correlated', 'similarity': 'q_values', 'mixer': 'vdn', 'qmix_embed': 32, 'log_corr_every': 2000}
[cfg] n_agents=5  n_actions=10  obs_dim=127  state_dim=120  aug_dim=134
iter=     0  env_steps=        0  eps=1.000  episodes=     0  recent_return=0.00  win=0.00  buf=128
iter=   200  env_steps=    25600  eps=0.757  episodes=   431  recent_return=0.27  win=0.00  buf=25728
iter=   400  env_steps=    51200  eps=0.514  episodes=   897  recent_return=0.28  win=0.00  buf=51328
iter=   600  env_steps=    76800  eps=0.270  episodes=  1367  recent_return=0.25  win=0.00  buf=76928
iter=   800  env_steps=   102400  eps=0.050  episodes=  1820  recent_return=0.14  win=0.00  buf=100000
iter=  1000  env_steps=   128000  eps=0.050  episodes=  2252  recent_return=0.16  win=0.00  buf=100000
iter=  1200  env_steps=   153600  eps=0.050  episodes=  2686  recent_return=0.19  win=0.00  buf=100000
iter=  1400  env_steps=   179200  eps=0.050  episodes=  3120  recent_return=0.21  win=0.00  buf=100000
iter=  1600  env_steps=   204800  eps=0.050  episodes=  3549  recent_return=0.09  win=0.00  buf=100000
iter=  1800  env_steps=   230400  eps=0.050  episodes=  3957  recent_return=0.12  win=0.00  buf=100000
iter=  2000  env_steps=   256000  eps=0.050  episodes=  4357  recent_return=0.18  win=0.00  buf=100000
iter=  2200  env_steps=   281600  eps=0.050  episodes=  4776  recent_return=0.22  win=0.00  buf=100000
iter=  2400  env_steps=   307200  eps=0.050  episodes=  5186  recent_return=0.24  win=0.00  buf=100000
iter=  2600  env_steps=   332800  eps=0.050  episodes=  5583  recent_return=0.21  win=0.00  buf=100000
iter=  2800  env_steps=   358400  eps=0.050  episodes=  5965  recent_return=0.23  win=0.00  buf=100000
iter=  3000  env_steps=   384000  eps=0.050  episodes=  6356  recent_return=0.25  win=0.00  buf=100000
iter=  3200  env_steps=   409600  eps=0.050  episodes=  6747  recent_return=0.26  win=0.00  buf=100000
iter=  3400  env_steps=   435200  eps=0.050  episodes=  7143  recent_return=0.28  win=0.00  buf=100000
iter=  3600  env_steps=   460800  eps=0.050  episodes=  7542  recent_return=0.29  win=0.00  buf=100000
iter=  3800  env_steps=   486400  eps=0.050  episodes=  7947  recent_return=0.31  win=0.00  buf=100000
iter=  4000  env_steps=   512000  eps=0.050  episodes=  8363  recent_return=0.33  win=0.00  buf=100000
iter=  4200  env_steps=   537600  eps=0.050  episodes=  8772  recent_return=0.36  win=0.00  buf=100000
iter=  4400  env_steps=   563200  eps=0.050  episodes=  9186  recent_return=0.38  win=0.00  buf=100000
iter=  4600  env_steps=   588800  eps=0.050  episodes=  9621  recent_return=0.42  win=0.00  buf=100000
iter=  4800  env_steps=   614400  eps=0.050  episodes= 10060  recent_return=0.45  win=0.00  buf=100000
iter=  5000  env_steps=   640000  eps=0.050  episodes= 10493  recent_return=0.46  win=0.00  buf=100000
iter=  5200  env_steps=   665600  eps=0.050  episodes= 10935  recent_return=0.49  win=0.00  buf=100000
iter=  5400  env_steps=   691200  eps=0.050  episodes= 11376  recent_return=0.51  win=0.00  buf=100000
iter=  5600  env_steps=   716800  eps=0.050  episodes= 11815  recent_return=0.51  win=0.00  buf=100000
iter=  5800  env_steps=   742400  eps=0.050  episodes= 12262  recent_return=0.51  win=0.00  buf=100000
iter=  6000  env_steps=   768000  eps=0.050  episodes= 12708  recent_return=0.55  win=0.00  buf=100000
iter=  6200  env_steps=   793600  eps=0.050  episodes= 13150  recent_return=0.57  win=0.00  buf=100000
iter=  6400  env_steps=   819200  eps=0.050  episodes= 13600  recent_return=0.59  win=0.00  buf=100000
iter=  6600  env_steps=   844800  eps=0.050  episodes= 14040  recent_return=0.59  win=0.00  buf=100000
iter=  6800  env_steps=   870400  eps=0.050  episodes= 14482  recent_return=0.60  win=0.00  buf=100000
iter=  7000  env_steps=   896000  eps=0.050  episodes= 14910  recent_return=0.62  win=0.00  buf=100000
iter=  7200  env_steps=   921600  eps=0.050  episodes= 15347  recent_return=0.63  win=0.00  buf=100000
iter=  7400  env_steps=   947200  eps=0.050  episodes= 15758  recent_return=0.65  win=0.00  buf=100000
iter=  7600  env_steps=   972800  eps=0.050  episodes= 16174  recent_return=0.67  win=0.00  buf=100000
iter=  7800  env_steps=   998400  eps=0.050  episodes= 16572  recent_return=0.70  win=0.00  buf=100000
iter=  8000  env_steps=  1024000  eps=0.050  episodes= 16962  recent_return=0.71  win=0.00  buf=100000
iter=  8200  env_steps=  1049600  eps=0.050  episodes= 17340  recent_return=0.73  win=0.00  buf=100000
iter=  8400  env_steps=  1075200  eps=0.050  episodes= 17721  recent_return=0.76  win=0.01  buf=100000
iter=  8600  env_steps=  1100800  eps=0.050  episodes= 18092  recent_return=0.79  win=0.01  buf=100000
iter=  8800  env_steps=  1126400  eps=0.050  episodes= 18465  recent_return=0.84  win=0.06  buf=100000
iter=  9000  env_steps=  1152000  eps=0.050  episodes= 18841  recent_return=0.84  win=0.05  buf=100000
iter=  9200  env_steps=  1177600  eps=0.050  episodes= 19238  recent_return=0.82  win=0.07  buf=100000
iter=  9400  env_steps=  1203200  eps=0.050  episodes= 19605  recent_return=0.81  win=0.05  buf=100000
iter=  9600  env_steps=  1228800  eps=0.050  episodes= 19983  recent_return=0.92  win=0.14  buf=100000
iter=  9800  env_steps=  1254400  eps=0.050  episodes= 20348  recent_return=0.97  win=0.17  buf=100000
iter= 10000  env_steps=  1280000  eps=0.050  episodes= 20707  recent_return=0.99  win=0.18  buf=100000
iter= 10200  env_steps=  1305600  eps=0.050  episodes= 21051  recent_return=1.20  win=0.32  buf=100000
iter= 10400  env_steps=  1331200  eps=0.050  episodes= 21408  recent_return=1.31  win=0.41  buf=100000
iter= 10600  env_steps=  1356800  eps=0.050  episodes= 21764  recent_return=1.53  win=0.61  buf=100000
iter= 10800  env_steps=  1382400  eps=0.050  episodes= 22125  recent_return=1.52  win=0.59  buf=100000
iter= 11000  env_steps=  1408000  eps=0.050  episodes= 22486  recent_return=1.59  win=0.65  buf=100000
iter= 11200  env_steps=  1433600  eps=0.050  episodes= 22864  recent_return=1.75  win=0.78  buf=100000
iter= 11400  env_steps=  1459200  eps=0.050  episodes= 23243  recent_return=1.83  win=0.85  buf=100000
iter= 11600  env_steps=  1484800  eps=0.050  episodes= 23623  recent_return=1.83  win=0.85  buf=100000
iter= 11800  env_steps=  1510400  eps=0.050  episodes= 24015  recent_return=1.89  win=0.91  buf=100000
iter= 12000  env_steps=  1536000  eps=0.050  episodes= 24403  recent_return=1.88  win=0.90  buf=100000
iter= 12200  env_steps=  1561600  eps=0.050  episodes= 24781  recent_return=1.91  win=0.92  buf=100000
iter= 12400  env_steps=  1587200  eps=0.050  episodes= 25159  recent_return=1.89  win=0.91  buf=100000
iter= 12600  env_steps=  1612800  eps=0.050  episodes= 25539  recent_return=1.88  win=0.90  buf=100000
iter= 12800  env_steps=  1638400  eps=0.050  episodes= 25926  recent_return=1.90  win=0.91  buf=100000
iter= 13000  env_steps=  1664000  eps=0.050  episodes= 26304  recent_return=1.94  win=0.95  buf=100000
iter= 13200  env_steps=  1689600  eps=0.050  episodes= 26687  recent_return=1.91  win=0.93  buf=100000
iter= 13400  env_steps=  1715200  eps=0.050  episodes= 27074  recent_return=1.92  win=0.93  buf=100000
iter= 13600  env_steps=  1740800  eps=0.050  episodes= 27470  recent_return=1.94  win=0.94  buf=100000
iter= 13800  env_steps=  1766400  eps=0.050  episodes= 27857  recent_return=1.89  win=0.91  buf=100000
iter= 14000  env_steps=  1792000  eps=0.050  episodes= 28242  recent_return=1.87  win=0.89  buf=100000
iter= 14200  env_steps=  1817600  eps=0.050  episodes= 28623  recent_return=1.94  win=0.94  buf=100000
iter= 14400  env_steps=  1843200  eps=0.050  episodes= 29016  recent_return=1.95  win=0.95  buf=100000
iter= 14600  env_steps=  1868800  eps=0.050  episodes= 29409  recent_return=1.96  win=0.96  buf=100000
iter= 14800  env_steps=  1894400  eps=0.050  episodes= 29785  recent_return=1.90  win=0.91  buf=100000
iter= 15000  env_steps=  1920000  eps=0.050  episodes= 30184  recent_return=1.93  win=0.94  buf=100000
iter= 15200  env_steps=  1945600  eps=0.050  episodes= 30579  recent_return=1.97  win=0.97  buf=100000
iter= 15400  env_steps=  1971200  eps=0.050  episodes= 30976  recent_return=1.95  win=0.95  buf=100000
iter= 15600  env_steps=  1996800  eps=0.050  episodes= 31377  recent_return=1.96  win=0.96  buf=100000
[run] 2000000 env-steps in 696s => 2875 env-steps/sec
[run] saved -> results_smax/smax_2s3z_vdn_correlated_q_values_s3.npz
