# /home/jwozniak/MARL/.venv/bin/python3 -m smax.run --exploration correlated --similarity hidden --mixer qmix --seed 2 --total-steps 2000000 --out results_smax/smax_2s3z_qmix_correlated_hidden_s2.npz
2026-06-11 20:00:04.196250: W external/xla/xla/service/gpu/nvptx_compiler.cc:930] The NVIDIA driver's CUDA version is 12.7 which is older than the PTX compiler version 12.9.86. Because the driver is older than the PTX compiler version, XLA is disabling parallel compilation, which may slow down compilation. You should update your NVIDIA driver or use the NVIDIA-provided CUDA forward compatibility packages.
[run] cfg={'seed': 2, 'total_steps': 2000000, 'n_envs': 128, 'buffer_cap': 100000, 'batch_size': 128, 'warmup': 5000, 'updates_per_iter': 8, 'target_sync': 200, 'tau': 0.005, 'gamma': 0.99, 'lr': 0.0001, 'grad_clip': 10.0, 'eps_start': 1.0, 'eps_end': 0.05, 'eps_anneal_steps': 100000, 'hidden_size': 128, 'exploration': 'correlated', 'similarity': 'hidden', 'mixer': 'qmix', 'qmix_embed': 32, 'log_corr_every': 2000}
[cfg] n_agents=5  n_actions=10  obs_dim=127  state_dim=120  aug_dim=134
iter=     0  env_steps=        0  eps=1.000  episodes=     0  recent_return=0.00  win=0.00  buf=128
iter=   200  env_steps=    25600  eps=0.757  episodes=   411  recent_return=0.23  win=0.01  buf=25728
iter=   400  env_steps=    51200  eps=0.514  episodes=   852  recent_return=0.24  win=0.00  buf=51328
iter=   600  env_steps=    76800  eps=0.270  episodes=  1290  recent_return=0.20  win=0.00  buf=76928
iter=   800  env_steps=   102400  eps=0.050  episodes=  1695  recent_return=0.11  win=0.00  buf=100000
iter=  1000  env_steps=   128000  eps=0.050  episodes=  2102  recent_return=0.06  win=0.00  buf=100000
iter=  1200  env_steps=   153600  eps=0.050  episodes=  2521  recent_return=0.13  win=0.00  buf=100000
iter=  1400  env_steps=   179200  eps=0.050  episodes=  2938  recent_return=0.23  win=0.00  buf=100000
iter=  1600  env_steps=   204800  eps=0.050  episodes=  3305  recent_return=0.14  win=0.00  buf=100000
iter=  1800  env_steps=   230400  eps=0.050  episodes=  3657  recent_return=0.14  win=0.00  buf=100000
iter=  2000  env_steps=   256000  eps=0.050  episodes=  3986  recent_return=0.16  win=0.00  buf=100000
iter=  2200  env_steps=   281600  eps=0.050  episodes=  4312  recent_return=0.26  win=0.00  buf=100000
iter=  2400  env_steps=   307200  eps=0.050  episodes=  4649  recent_return=0.17  win=0.00  buf=100000
iter=  2600  env_steps=   332800  eps=0.050  episodes=  4972  recent_return=0.14  win=0.00  buf=100000
iter=  2800  env_steps=   358400  eps=0.050  episodes=  5288  recent_return=0.15  win=0.00  buf=100000
iter=  3000  env_steps=   384000  eps=0.050  episodes=  5596  recent_return=0.14  win=0.00  buf=100000
iter=  3200  env_steps=   409600  eps=0.050  episodes=  5879  recent_return=0.15  win=0.00  buf=100000
iter=  3400  env_steps=   435200  eps=0.050  episodes=  6178  recent_return=0.14  win=0.00  buf=100000
iter=  3600  env_steps=   460800  eps=0.050  episodes=  6474  recent_return=0.15  win=0.00  buf=100000
iter=  3800  env_steps=   486400  eps=0.050  episodes=  6779  recent_return=0.17  win=0.00  buf=100000
iter=  4000  env_steps=   512000  eps=0.050  episodes=  7093  recent_return=0.17  win=0.00  buf=100000
iter=  4200  env_steps=   537600  eps=0.050  episodes=  7409  recent_return=0.21  win=0.00  buf=100000
iter=  4400  env_steps=   563200  eps=0.050  episodes=  7733  recent_return=0.22  win=0.00  buf=100000
iter=  4600  env_steps=   588800  eps=0.050  episodes=  8053  recent_return=0.21  win=0.00  buf=100000
iter=  4800  env_steps=   614400  eps=0.050  episodes=  8381  recent_return=0.16  win=0.00  buf=100000
iter=  5000  env_steps=   640000  eps=0.050  episodes=  8714  recent_return=0.15  win=0.00  buf=100000
iter=  5200  env_steps=   665600  eps=0.050  episodes=  9023  recent_return=0.18  win=0.00  buf=100000
iter=  5400  env_steps=   691200  eps=0.050  episodes=  9343  recent_return=0.17  win=0.00  buf=100000
iter=  5600  env_steps=   716800  eps=0.050  episodes=  9655  recent_return=0.21  win=0.00  buf=100000
iter=  5800  env_steps=   742400  eps=0.050  episodes=  9961  recent_return=0.25  win=0.00  buf=100000
iter=  6000  env_steps=   768000  eps=0.050  episodes= 10256  recent_return=0.31  win=0.04  buf=100000
iter=  6200  env_steps=   793600  eps=0.050  episodes= 10571  recent_return=0.35  win=0.08  buf=100000
iter=  6400  env_steps=   819200  eps=0.050  episodes= 10873  recent_return=0.40  win=0.18  buf=100000
iter=  6600  env_steps=   844800  eps=0.050  episodes= 11187  recent_return=0.44  win=0.34  buf=100000
iter=  6800  env_steps=   870400  eps=0.050  episodes= 11509  recent_return=0.51  win=0.53  buf=100000
iter=  7000  env_steps=   896000  eps=0.050  episodes= 11847  recent_return=0.60  win=0.80  buf=100000
iter=  7200  env_steps=   921600  eps=0.050  episodes= 12207  recent_return=0.67  win=0.95  buf=100000
iter=  7400  env_steps=   947200  eps=0.050  episodes= 12577  recent_return=0.76  win=1.00  buf=100000
iter=  7600  env_steps=   972800  eps=0.050  episodes= 12959  recent_return=0.77  win=1.00  buf=100000
iter=  7800  env_steps=   998400  eps=0.050  episodes= 13319  recent_return=0.79  win=1.00  buf=100000
iter=  8000  env_steps=  1024000  eps=0.050  episodes= 13673  recent_return=0.79  win=1.00  buf=100000
iter=  8200  env_steps=  1049600  eps=0.050  episodes= 14020  recent_return=0.81  win=1.00  buf=100000
iter=  8400  env_steps=  1075200  eps=0.050  episodes= 14384  recent_return=0.80  win=1.00  buf=100000
iter=  8600  env_steps=  1100800  eps=0.050  episodes= 14748  recent_return=0.85  win=1.00  buf=100000
iter=  8800  env_steps=  1126400  eps=0.050  episodes= 15094  recent_return=0.96  win=1.00  buf=100000
iter=  9000  env_steps=  1152000  eps=0.050  episodes= 15427  recent_return=1.03  win=0.99  buf=100000
iter=  9200  env_steps=  1177600  eps=0.050  episodes= 15759  recent_return=1.05  win=0.97  buf=100000
iter=  9400  env_steps=  1203200  eps=0.050  episodes= 16104  recent_return=1.00  win=1.00  buf=100000
iter=  9600  env_steps=  1228800  eps=0.050  episodes= 16461  recent_return=1.09  win=1.00  buf=100000
iter=  9800  env_steps=  1254400  eps=0.050  episodes= 16794  recent_return=1.34  win=0.99  buf=100000
iter= 10000  env_steps=  1280000  eps=0.050  episodes= 17118  recent_return=1.16  win=1.00  buf=100000
iter= 10200  env_steps=  1305600  eps=0.050  episodes= 17453  recent_return=1.14  win=0.99  buf=100000
iter= 10400  env_steps=  1331200  eps=0.050  episodes= 17783  recent_return=1.26  win=1.00  buf=100000
iter= 10600  env_steps=  1356800  eps=0.050  episodes= 18124  recent_return=1.22  win=0.94  buf=100000
iter= 10800  env_steps=  1382400  eps=0.050  episodes= 18458  recent_return=1.38  win=1.00  buf=100000
iter= 11000  env_steps=  1408000  eps=0.050  episodes= 18794  recent_return=1.29  win=0.98  buf=100000
iter= 11200  env_steps=  1433600  eps=0.050  episodes= 19139  recent_return=1.33  win=0.98  buf=100000
iter= 11400  env_steps=  1459200  eps=0.050  episodes= 19469  recent_return=1.27  win=0.98  buf=100000
iter= 11600  env_steps=  1484800  eps=0.050  episodes= 19823  recent_return=1.19  win=0.98  buf=100000
iter= 11800  env_steps=  1510400  eps=0.050  episodes= 20160  recent_return=1.42  win=0.99  buf=100000
iter= 12000  env_steps=  1536000  eps=0.050  episodes= 20507  recent_return=1.47  win=0.99  buf=100000
iter= 12200  env_steps=  1561600  eps=0.050  episodes= 20854  recent_return=1.38  win=0.97  buf=100000
iter= 12400  env_steps=  1587200  eps=0.050  episodes= 21205  recent_return=1.44  win=0.99  buf=100000
iter= 12600  env_steps=  1612800  eps=0.050  episodes= 21556  recent_return=1.44  win=0.98  buf=100000
iter= 12800  env_steps=  1638400  eps=0.050  episodes= 21911  recent_return=1.60  win=0.99  buf=100000
iter= 13000  env_steps=  1664000  eps=0.050  episodes= 22273  recent_return=1.65  win=0.99  buf=100000
iter= 13200  env_steps=  1689600  eps=0.050  episodes= 22626  recent_return=1.61  win=0.99  buf=100000
iter= 13400  env_steps=  1715200  eps=0.050  episodes= 22993  recent_return=1.62  win=0.97  buf=100000
iter= 13600  env_steps=  1740800  eps=0.050  episodes= 23360  recent_return=1.70  win=0.99  buf=100000
iter= 13800  env_steps=  1766400  eps=0.050  episodes= 23731  recent_return=1.71  win=1.00  buf=100000
iter= 14000  env_steps=  1792000  eps=0.050  episodes= 24105  recent_return=1.59  win=0.98  buf=100000
iter= 14200  env_steps=  1817600  eps=0.050  episodes= 24485  recent_return=1.85  win=1.00  buf=100000
iter= 14400  env_steps=  1843200  eps=0.050  episodes= 24886  recent_return=1.88  win=1.00  buf=100000
iter= 14600  env_steps=  1868800  eps=0.050  episodes= 25282  recent_return=1.80  win=0.99  buf=100000
iter= 14800  env_steps=  1894400  eps=0.050  episodes= 25681  recent_return=1.90  win=1.00  buf=100000
iter= 15000  env_steps=  1920000  eps=0.050  episodes= 26076  recent_return=1.90  win=1.00  buf=100000
iter= 15200  env_steps=  1945600  eps=0.050  episodes= 26486  recent_return=1.91  win=1.00  buf=100000
iter= 15400  env_steps=  1971200  eps=0.050  episodes= 26877  recent_return=1.86  win=0.99  buf=100000
iter= 15600  env_steps=  1996800  eps=0.050  episodes= 27276  recent_return=1.90  win=1.00  buf=100000
[run] 2000000 env-steps in 672s => 2974 env-steps/sec
[run] saved -> results_smax/smax_2s3z_qmix_correlated_hidden_s2.npz
