# /home/jwozniak/MARL/.venv/bin/python3 long_run.py --exploration independent --mixer qmix --similarity obs --env lbf --episodes 3000 --seed 1 --out results/lbf_qmix_independent_na_s1.npz --save-every 100 --parameter-sharing --balanced-buffer
/home/jwozniak/MARL/.venv/lib/python3.12/site-packages/gymnasium/utils/passive_env_checker.py:244: UserWarning: [33mWARN: The reward returned by `step()` must be a float, int, np.integer or np.floating, actual type: <class 'list'>[0m
  logger.warn(
[inde/qmix/obs/s1] ep=100/3000  eps=0.97  recent_success=0.02  buf=2/4952 (0.04%)  elapsed=26s
[inde/qmix/obs/s1] ep=200/3000  eps=0.94  recent_success=0.06  buf=8/9750 (0.08%)  elapsed=59s
[inde/qmix/obs/s1] ep=300/3000  eps=0.91  recent_success=0.03  buf=11/14622 (0.08%)  elapsed=93s
[inde/qmix/obs/s1] ep=400/3000  eps=0.88  recent_success=0.03  buf=14/19602 (0.07%)  elapsed=128s
[inde/qmix/obs/s1] ep=500/3000  eps=0.85  recent_success=0.03  buf=17/24504 (0.07%)  elapsed=163s
[inde/qmix/obs/s1] ep=600/3000  eps=0.83  recent_success=0.03  buf=20/29418 (0.07%)  elapsed=198s
[inde/qmix/obs/s1] ep=700/3000  eps=0.80  recent_success=0.00  buf=20/34418 (0.06%)  elapsed=233s
[inde/qmix/obs/s1] ep=800/3000  eps=0.77  recent_success=0.04  buf=24/39320 (0.06%)  elapsed=268s
[inde/qmix/obs/s1] ep=900/3000  eps=0.74  recent_success=0.00  buf=24/44320 (0.05%)  elapsed=303s
[inde/qmix/obs/s1] ep=1000/3000  eps=0.71  recent_success=0.00  buf=24/49320 (0.05%)  elapsed=339s
[inde/qmix/obs/s1] ep=1100/3000  eps=0.68  recent_success=0.00  buf=24/50000 (0.05%)  elapsed=374s
[inde/qmix/obs/s1] ep=1200/3000  eps=0.65  recent_success=0.00  buf=24/50000 (0.05%)  elapsed=410s
[inde/qmix/obs/s1] ep=1300/3000  eps=0.62  recent_success=0.02  buf=26/50000 (0.05%)  elapsed=446s
[inde/qmix/obs/s1] ep=1400/3000  eps=0.59  recent_success=0.01  buf=27/50000 (0.05%)  elapsed=481s
[inde/qmix/obs/s1] ep=1500/3000  eps=0.56  recent_success=0.01  buf=28/50000 (0.06%)  elapsed=516s
[inde/qmix/obs/s1] ep=1600/3000  eps=0.53  recent_success=0.00  buf=28/50000 (0.06%)  elapsed=552s
[inde/qmix/obs/s1] ep=1700/3000  eps=0.50  recent_success=0.00  buf=28/50000 (0.06%)  elapsed=587s
[inde/qmix/obs/s1] ep=1800/3000  eps=0.48  recent_success=0.00  buf=28/50000 (0.06%)  elapsed=623s
[inde/qmix/obs/s1] ep=1900/3000  eps=0.45  recent_success=0.00  buf=28/50000 (0.06%)  elapsed=659s
[inde/qmix/obs/s1] ep=2000/3000  eps=0.42  recent_success=0.00  buf=28/50000 (0.06%)  elapsed=694s
[inde/qmix/obs/s1] ep=2100/3000  eps=0.39  recent_success=0.00  buf=28/50000 (0.06%)  elapsed=729s
[inde/qmix/obs/s1] ep=2200/3000  eps=0.36  recent_success=0.00  buf=28/50000 (0.06%)  elapsed=764s
[inde/qmix/obs/s1] ep=2300/3000  eps=0.33  recent_success=0.00  buf=28/50000 (0.06%)  elapsed=799s
[inde/qmix/obs/s1] ep=2400/3000  eps=0.30  recent_success=0.00  buf=28/50000 (0.06%)  elapsed=834s
[inde/qmix/obs/s1] ep=2500/3000  eps=0.30  recent_success=0.00  buf=28/50000 (0.06%)  elapsed=869s
[inde/qmix/obs/s1] ep=2600/3000  eps=0.30  recent_success=0.00  buf=28/50000 (0.06%)  elapsed=904s
[inde/qmix/obs/s1] ep=2700/3000  eps=0.30  recent_success=0.00  buf=28/50000 (0.06%)  elapsed=939s
[inde/qmix/obs/s1] ep=2800/3000  eps=0.30  recent_success=0.00  buf=28/50000 (0.06%)  elapsed=974s
[inde/qmix/obs/s1] ep=2900/3000  eps=0.30  recent_success=0.00  buf=28/50000 (0.06%)  elapsed=1009s
[inde/qmix/obs/s1] ep=3000/3000  eps=0.30  recent_success=0.01  buf=29/50000 (0.06%)  elapsed=1043s
DONE -> results/lbf_qmix_independent_na_s1.npz
