# /home/jwozniak/MARL/.venv/bin/python3 long_run.py --exploration correlated --mixer vdn --similarity q_values --env lbf --episodes 3000 --seed 1 --out results/lbf_vdn_correlated_q_values_s1.npz --save-every 100 --parameter-sharing --balanced-buffer
/home/jwozniak/MARL/.venv/lib/python3.12/site-packages/gymnasium/utils/passive_env_checker.py:244: UserWarning: [33mWARN: The reward returned by `step()` must be a float, int, np.integer or np.floating, actual type: <class 'list'>[0m
  logger.warn(
[corr/vdn/q_values/s1] ep=100/3000  eps=0.97  recent_success=0.14  buf=14/4602 (0.30%)  elapsed=21s
[corr/vdn/q_values/s1] ep=200/3000  eps=0.94  recent_success=0.14  buf=28/9369 (0.30%)  elapsed=50s
[corr/vdn/q_values/s1] ep=300/3000  eps=0.91  recent_success=0.14  buf=42/13959 (0.30%)  elapsed=78s
[corr/vdn/q_values/s1] ep=400/3000  eps=0.88  recent_success=0.06  buf=48/18806 (0.26%)  elapsed=107s
[corr/vdn/q_values/s1] ep=500/3000  eps=0.85  recent_success=0.11  buf=59/23545 (0.25%)  elapsed=136s
[corr/vdn/q_values/s1] ep=600/3000  eps=0.83  recent_success=0.07  buf=66/28350 (0.23%)  elapsed=166s
[corr/vdn/q_values/s1] ep=700/3000  eps=0.80  recent_success=0.06  buf=72/33202 (0.22%)  elapsed=195s
[corr/vdn/q_values/s1] ep=800/3000  eps=0.77  recent_success=0.00  buf=72/38202 (0.19%)  elapsed=226s
[corr/vdn/q_values/s1] ep=900/3000  eps=0.74  recent_success=0.00  buf=72/43202 (0.17%)  elapsed=257s
[corr/vdn/q_values/s1] ep=1000/3000  eps=0.71  recent_success=0.00  buf=72/48202 (0.15%)  elapsed=287s
[corr/vdn/q_values/s1] ep=1100/3000  eps=0.68  recent_success=0.00  buf=72/50000 (0.14%)  elapsed=318s
[corr/vdn/q_values/s1] ep=1200/3000  eps=0.65  recent_success=0.04  buf=76/50000 (0.15%)  elapsed=348s
[corr/vdn/q_values/s1] ep=1300/3000  eps=0.62  recent_success=0.00  buf=76/50000 (0.15%)  elapsed=378s
[corr/vdn/q_values/s1] ep=1400/3000  eps=0.59  recent_success=0.00  buf=76/50000 (0.15%)  elapsed=409s
[corr/vdn/q_values/s1] ep=1500/3000  eps=0.56  recent_success=0.00  buf=76/50000 (0.15%)  elapsed=440s
[corr/vdn/q_values/s1] ep=1600/3000  eps=0.53  recent_success=0.01  buf=77/50000 (0.15%)  elapsed=472s
[corr/vdn/q_values/s1] ep=1700/3000  eps=0.50  recent_success=0.00  buf=77/50000 (0.15%)  elapsed=503s
[corr/vdn/q_values/s1] ep=1800/3000  eps=0.48  recent_success=0.00  buf=77/50000 (0.15%)  elapsed=535s
[corr/vdn/q_values/s1] ep=1900/3000  eps=0.45  recent_success=0.00  buf=77/50000 (0.15%)  elapsed=567s
[corr/vdn/q_values/s1] ep=2000/3000  eps=0.42  recent_success=0.00  buf=77/50000 (0.15%)  elapsed=598s
[corr/vdn/q_values/s1] ep=2100/3000  eps=0.39  recent_success=0.01  buf=78/50000 (0.16%)  elapsed=629s
[corr/vdn/q_values/s1] ep=2200/3000  eps=0.36  recent_success=0.00  buf=78/50000 (0.16%)  elapsed=661s
[corr/vdn/q_values/s1] ep=2300/3000  eps=0.33  recent_success=0.00  buf=78/50000 (0.16%)  elapsed=692s
[corr/vdn/q_values/s1] ep=2400/3000  eps=0.30  recent_success=0.00  buf=78/50000 (0.16%)  elapsed=722s
[corr/vdn/q_values/s1] ep=2500/3000  eps=0.30  recent_success=0.00  buf=78/50000 (0.16%)  elapsed=754s
[corr/vdn/q_values/s1] ep=2600/3000  eps=0.30  recent_success=0.00  buf=78/50000 (0.16%)  elapsed=784s
[corr/vdn/q_values/s1] ep=2700/3000  eps=0.30  recent_success=0.00  buf=78/50000 (0.16%)  elapsed=814s
[corr/vdn/q_values/s1] ep=2800/3000  eps=0.30  recent_success=0.00  buf=78/50000 (0.16%)  elapsed=844s
[corr/vdn/q_values/s1] ep=2900/3000  eps=0.30  recent_success=0.00  buf=78/50000 (0.16%)  elapsed=875s
[corr/vdn/q_values/s1] ep=3000/3000  eps=0.30  recent_success=0.01  buf=79/50000 (0.16%)  elapsed=906s
DONE -> results/lbf_vdn_correlated_q_values_s1.npz
