# /home/jwozniak/MARL/.venv/bin/python3 long_run.py --exploration independent --mixer qmix --similarity obs --env lbf --episodes 3000 --seed 2 --out results/lbf_qmix_independent_na_s2.npz --save-every 100 --parameter-sharing --balanced-buffer
/home/jwozniak/MARL/.venv/lib/python3.12/site-packages/gymnasium/utils/passive_env_checker.py:244: UserWarning: [33mWARN: The reward returned by `step()` must be a float, int, np.integer or np.floating, actual type: <class 'list'>[0m
  logger.warn(
[inde/qmix/obs/s2] ep=100/3000  eps=0.97  recent_success=0.02  buf=2/4979 (0.04%)  elapsed=27s
[inde/qmix/obs/s2] ep=200/3000  eps=0.94  recent_success=0.02  buf=4/9911 (0.04%)  elapsed=62s
[inde/qmix/obs/s2] ep=300/3000  eps=0.91  recent_success=0.04  buf=8/14840 (0.05%)  elapsed=98s
[inde/qmix/obs/s2] ep=400/3000  eps=0.88  recent_success=0.03  buf=11/19735 (0.06%)  elapsed=133s
[inde/qmix/obs/s2] ep=500/3000  eps=0.85  recent_success=0.00  buf=11/24735 (0.04%)  elapsed=169s
[inde/qmix/obs/s2] ep=600/3000  eps=0.83  recent_success=0.00  buf=11/29735 (0.04%)  elapsed=205s
[inde/qmix/obs/s2] ep=700/3000  eps=0.80  recent_success=0.02  buf=13/34661 (0.04%)  elapsed=240s
[inde/qmix/obs/s2] ep=800/3000  eps=0.77  recent_success=0.02  buf=15/39572 (0.04%)  elapsed=276s
[inde/qmix/obs/s2] ep=900/3000  eps=0.74  recent_success=0.01  buf=16/44558 (0.04%)  elapsed=313s
[inde/qmix/obs/s2] ep=1000/3000  eps=0.71  recent_success=0.01  buf=17/49509 (0.03%)  elapsed=349s
[inde/qmix/obs/s2] ep=1100/3000  eps=0.68  recent_success=0.02  buf=19/50000 (0.04%)  elapsed=385s
[inde/qmix/obs/s2] ep=1200/3000  eps=0.65  recent_success=0.01  buf=20/50000 (0.04%)  elapsed=421s
[inde/qmix/obs/s2] ep=1300/3000  eps=0.62  recent_success=0.02  buf=22/50000 (0.04%)  elapsed=456s
[inde/qmix/obs/s2] ep=1400/3000  eps=0.59  recent_success=0.01  buf=23/50000 (0.05%)  elapsed=491s
[inde/qmix/obs/s2] ep=1500/3000  eps=0.56  recent_success=0.00  buf=23/50000 (0.05%)  elapsed=527s
[inde/qmix/obs/s2] ep=1600/3000  eps=0.53  recent_success=0.01  buf=24/50000 (0.05%)  elapsed=563s
[inde/qmix/obs/s2] ep=1700/3000  eps=0.50  recent_success=0.00  buf=24/50000 (0.05%)  elapsed=599s
[inde/qmix/obs/s2] ep=1800/3000  eps=0.48  recent_success=0.01  buf=25/50000 (0.05%)  elapsed=635s
[inde/qmix/obs/s2] ep=1900/3000  eps=0.45  recent_success=0.01  buf=26/50000 (0.05%)  elapsed=670s
[inde/qmix/obs/s2] ep=2000/3000  eps=0.42  recent_success=0.01  buf=27/50000 (0.05%)  elapsed=705s
[inde/qmix/obs/s2] ep=2100/3000  eps=0.39  recent_success=0.00  buf=27/50000 (0.05%)  elapsed=740s
[inde/qmix/obs/s2] ep=2200/3000  eps=0.36  recent_success=0.00  buf=27/50000 (0.05%)  elapsed=775s
[inde/qmix/obs/s2] ep=2300/3000  eps=0.33  recent_success=0.01  buf=28/50000 (0.06%)  elapsed=810s
[inde/qmix/obs/s2] ep=2400/3000  eps=0.30  recent_success=0.00  buf=28/50000 (0.06%)  elapsed=845s
[inde/qmix/obs/s2] ep=2500/3000  eps=0.30  recent_success=0.00  buf=28/50000 (0.06%)  elapsed=880s
[inde/qmix/obs/s2] ep=2600/3000  eps=0.30  recent_success=0.00  buf=28/50000 (0.06%)  elapsed=915s
[inde/qmix/obs/s2] ep=2700/3000  eps=0.30  recent_success=0.00  buf=28/50000 (0.06%)  elapsed=950s
[inde/qmix/obs/s2] ep=2800/3000  eps=0.30  recent_success=0.00  buf=28/50000 (0.06%)  elapsed=985s
[inde/qmix/obs/s2] ep=2900/3000  eps=0.30  recent_success=0.01  buf=29/50000 (0.06%)  elapsed=1019s
[inde/qmix/obs/s2] ep=3000/3000  eps=0.30  recent_success=0.00  buf=29/50000 (0.06%)  elapsed=1053s
DONE -> results/lbf_qmix_independent_na_s2.npz
