# /home/jwozniak/MARL/.venv/bin/python3 long_run.py --exploration correlated --mixer qmix --similarity q_values --env lbf --episodes 3000 --seed 2 --out results/lbf_qmix_correlated_q_values_s2.npz --save-every 100 --parameter-sharing --balanced-buffer
/home/jwozniak/MARL/.venv/lib/python3.12/site-packages/gymnasium/utils/passive_env_checker.py:244: UserWarning: [33mWARN: The reward returned by `step()` must be a float, int, np.integer or np.floating, actual type: <class 'list'>[0m
  logger.warn(
[corr/qmix/q_values/s2] ep=100/3000  eps=0.97  recent_success=0.08  buf=8/4749 (0.17%)  elapsed=27s
[corr/qmix/q_values/s2] ep=200/3000  eps=0.94  recent_success=0.14  buf=22/9431 (0.23%)  elapsed=62s
[corr/qmix/q_values/s2] ep=300/3000  eps=0.91  recent_success=0.04  buf=26/14336 (0.18%)  elapsed=96s
[corr/qmix/q_values/s2] ep=400/3000  eps=0.88  recent_success=0.04  buf=30/19249 (0.16%)  elapsed=132s
[corr/qmix/q_values/s2] ep=500/3000  eps=0.85  recent_success=0.08  buf=38/24007 (0.16%)  elapsed=168s
[corr/qmix/q_values/s2] ep=600/3000  eps=0.83  recent_success=0.03  buf=41/28933 (0.14%)  elapsed=204s
[corr/qmix/q_values/s2] ep=700/3000  eps=0.80  recent_success=0.04  buf=45/33791 (0.13%)  elapsed=240s
[corr/qmix/q_values/s2] ep=800/3000  eps=0.77  recent_success=0.04  buf=49/38658 (0.13%)  elapsed=277s
[corr/qmix/q_values/s2] ep=900/3000  eps=0.74  recent_success=0.03  buf=52/43548 (0.12%)  elapsed=314s
[corr/qmix/q_values/s2] ep=1000/3000  eps=0.71  recent_success=0.03  buf=55/48421 (0.11%)  elapsed=350s
[corr/qmix/q_values/s2] ep=1100/3000  eps=0.68  recent_success=0.02  buf=57/50000 (0.11%)  elapsed=387s
[corr/qmix/q_values/s2] ep=1200/3000  eps=0.65  recent_success=0.02  buf=59/50000 (0.12%)  elapsed=424s
[corr/qmix/q_values/s2] ep=1300/3000  eps=0.62  recent_success=0.01  buf=60/50000 (0.12%)  elapsed=462s
[corr/qmix/q_values/s2] ep=1400/3000  eps=0.59  recent_success=0.02  buf=62/50000 (0.12%)  elapsed=499s
[corr/qmix/q_values/s2] ep=1500/3000  eps=0.56  recent_success=0.01  buf=63/50000 (0.13%)  elapsed=536s
[corr/qmix/q_values/s2] ep=1600/3000  eps=0.53  recent_success=0.01  buf=64/50000 (0.13%)  elapsed=573s
[corr/qmix/q_values/s2] ep=1700/3000  eps=0.50  recent_success=0.00  buf=64/50000 (0.13%)  elapsed=610s
[corr/qmix/q_values/s2] ep=1800/3000  eps=0.48  recent_success=0.03  buf=67/50000 (0.13%)  elapsed=646s
[corr/qmix/q_values/s2] ep=1900/3000  eps=0.45  recent_success=0.01  buf=68/50000 (0.14%)  elapsed=684s
[corr/qmix/q_values/s2] ep=2000/3000  eps=0.42  recent_success=0.00  buf=68/50000 (0.14%)  elapsed=721s
[corr/qmix/q_values/s2] ep=2100/3000  eps=0.39  recent_success=0.00  buf=68/50000 (0.14%)  elapsed=758s
[corr/qmix/q_values/s2] ep=2200/3000  eps=0.36  recent_success=0.01  buf=69/50000 (0.14%)  elapsed=795s
[corr/qmix/q_values/s2] ep=2300/3000  eps=0.33  recent_success=0.01  buf=70/50000 (0.14%)  elapsed=831s
[corr/qmix/q_values/s2] ep=2400/3000  eps=0.30  recent_success=0.00  buf=70/50000 (0.14%)  elapsed=867s
[corr/qmix/q_values/s2] ep=2500/3000  eps=0.30  recent_success=0.01  buf=71/50000 (0.14%)  elapsed=903s
[corr/qmix/q_values/s2] ep=2600/3000  eps=0.30  recent_success=0.00  buf=71/50000 (0.14%)  elapsed=939s
[corr/qmix/q_values/s2] ep=2700/3000  eps=0.30  recent_success=0.01  buf=72/50000 (0.14%)  elapsed=975s
[corr/qmix/q_values/s2] ep=2800/3000  eps=0.30  recent_success=0.00  buf=72/50000 (0.14%)  elapsed=1011s
[corr/qmix/q_values/s2] ep=2900/3000  eps=0.30  recent_success=0.00  buf=72/50000 (0.14%)  elapsed=1047s
[corr/qmix/q_values/s2] ep=3000/3000  eps=0.30  recent_success=0.00  buf=72/50000 (0.14%)  elapsed=1083s
DONE -> results/lbf_qmix_correlated_q_values_s2.npz
