# /home/jwozniak/MARL/.venv/bin/python3 long_run.py --exploration independent --mixer qmix --similarity obs --env lbf --episodes 3000 --seed 4 --out results/lbf_qmix_independent_na_s4.npz --save-every 100 --parameter-sharing --balanced-buffer
/home/jwozniak/MARL/.venv/lib/python3.12/site-packages/gymnasium/utils/passive_env_checker.py:244: UserWarning: [33mWARN: The reward returned by `step()` must be a float, int, np.integer or np.floating, actual type: <class 'list'>[0m
  logger.warn(
[inde/qmix/obs/s4] ep=100/3000  eps=0.97  recent_success=0.03  buf=3/4883 (0.06%)  elapsed=26s
[inde/qmix/obs/s4] ep=200/3000  eps=0.94  recent_success=0.01  buf=4/9850 (0.04%)  elapsed=59s
[inde/qmix/obs/s4] ep=300/3000  eps=0.91  recent_success=0.04  buf=8/14750 (0.05%)  elapsed=93s
[inde/qmix/obs/s4] ep=400/3000  eps=0.88  recent_success=0.01  buf=9/19704 (0.05%)  elapsed=128s
[inde/qmix/obs/s4] ep=500/3000  eps=0.85  recent_success=0.03  buf=12/24635 (0.05%)  elapsed=162s
[inde/qmix/obs/s4] ep=600/3000  eps=0.83  recent_success=0.02  buf=14/29596 (0.05%)  elapsed=197s
[inde/qmix/obs/s4] ep=700/3000  eps=0.80  recent_success=0.01  buf=15/34555 (0.04%)  elapsed=232s
[inde/qmix/obs/s4] ep=800/3000  eps=0.77  recent_success=0.01  buf=16/39544 (0.04%)  elapsed=268s
[inde/qmix/obs/s4] ep=900/3000  eps=0.74  recent_success=0.01  buf=17/44507 (0.04%)  elapsed=304s
[inde/qmix/obs/s4] ep=1000/3000  eps=0.71  recent_success=0.00  buf=17/49507 (0.03%)  elapsed=339s
[inde/qmix/obs/s4] ep=1100/3000  eps=0.68  recent_success=0.00  buf=17/50000 (0.03%)  elapsed=374s
[inde/qmix/obs/s4] ep=1200/3000  eps=0.65  recent_success=0.01  buf=18/50000 (0.04%)  elapsed=409s
[inde/qmix/obs/s4] ep=1300/3000  eps=0.62  recent_success=0.00  buf=18/50000 (0.04%)  elapsed=443s
[inde/qmix/obs/s4] ep=1400/3000  eps=0.59  recent_success=0.00  buf=18/50000 (0.04%)  elapsed=478s
[inde/qmix/obs/s4] ep=1500/3000  eps=0.56  recent_success=0.00  buf=18/50000 (0.04%)  elapsed=513s
[inde/qmix/obs/s4] ep=1600/3000  eps=0.53  recent_success=0.00  buf=18/50000 (0.04%)  elapsed=548s
[inde/qmix/obs/s4] ep=1700/3000  eps=0.50  recent_success=0.00  buf=18/50000 (0.04%)  elapsed=584s
[inde/qmix/obs/s4] ep=1800/3000  eps=0.48  recent_success=0.00  buf=18/50000 (0.04%)  elapsed=619s
[inde/qmix/obs/s4] ep=1900/3000  eps=0.45  recent_success=0.00  buf=18/50000 (0.04%)  elapsed=653s
[inde/qmix/obs/s4] ep=2000/3000  eps=0.42  recent_success=0.00  buf=18/50000 (0.04%)  elapsed=688s
[inde/qmix/obs/s4] ep=2100/3000  eps=0.39  recent_success=0.00  buf=18/50000 (0.04%)  elapsed=723s
[inde/qmix/obs/s4] ep=2200/3000  eps=0.36  recent_success=0.00  buf=18/50000 (0.04%)  elapsed=758s
[inde/qmix/obs/s4] ep=2300/3000  eps=0.33  recent_success=0.01  buf=19/50000 (0.04%)  elapsed=794s
[inde/qmix/obs/s4] ep=2400/3000  eps=0.30  recent_success=0.01  buf=20/50000 (0.04%)  elapsed=829s
[inde/qmix/obs/s4] ep=2500/3000  eps=0.30  recent_success=0.00  buf=20/50000 (0.04%)  elapsed=864s
[inde/qmix/obs/s4] ep=2600/3000  eps=0.30  recent_success=0.00  buf=20/50000 (0.04%)  elapsed=899s
[inde/qmix/obs/s4] ep=2700/3000  eps=0.30  recent_success=0.00  buf=20/50000 (0.04%)  elapsed=934s
[inde/qmix/obs/s4] ep=2800/3000  eps=0.30  recent_success=0.00  buf=20/50000 (0.04%)  elapsed=969s
[inde/qmix/obs/s4] ep=2900/3000  eps=0.30  recent_success=0.01  buf=21/50000 (0.04%)  elapsed=1005s
[inde/qmix/obs/s4] ep=3000/3000  eps=0.30  recent_success=0.02  buf=23/50000 (0.05%)  elapsed=1040s
DONE -> results/lbf_qmix_independent_na_s4.npz
