# /home/jwozniak/MARL/.venv/bin/python3 long_run.py --exploration independent --mixer vdn --similarity obs --env lbf --episodes 2000 --seed 0 --out results/lbf_vdn_independent_na_s0.npz --save-every 100
/home/jwozniak/MARL/.venv/lib/python3.12/site-packages/torch/cuda/__init__.py:187: UserWarning: CUDA initialization: The NVIDIA driver on your system is too old (found version 12070). Please update your GPU driver by downloading and installing a new version from the URL: http://www.nvidia.com/Download/index.aspx Alternatively, go to: https://pytorch.org to install a PyTorch version that has been compiled with your version of the CUDA driver. (Triggered internally at /pytorch/c10/cuda/CUDAFunctions.cpp:119.)
  return torch._C._cuda_getDeviceCount() > 0
/home/jwozniak/MARL/.venv/lib/python3.12/site-packages/gymnasium/utils/passive_env_checker.py:244: UserWarning: [33mWARN: The reward returned by `step()` must be a float, int, np.integer or np.floating, actual type: <class 'list'>[0m
  logger.warn(
[inde/vdn/obs/s0] ep=100/2000  eps=0.96  recent_success=0.04  buf=4/4876 (0.08%)  elapsed=72s
[inde/vdn/obs/s0] ep=200/2000  eps=0.91  recent_success=0.06  buf=10/9742 (0.10%)  elapsed=190s
[inde/vdn/obs/s0] ep=300/2000  eps=0.87  recent_success=0.04  buf=14/14592 (0.10%)  elapsed=303s
[inde/vdn/obs/s0] ep=400/2000  eps=0.83  recent_success=0.04  buf=18/19468 (0.09%)  elapsed=435s
[inde/vdn/obs/s0] ep=500/2000  eps=0.78  recent_success=0.03  buf=21/24414 (0.09%)  elapsed=568s
[inde/vdn/obs/s0] ep=600/2000  eps=0.74  recent_success=0.00  buf=21/29414 (0.07%)  elapsed=702s
[inde/vdn/obs/s0] ep=700/2000  eps=0.69  recent_success=0.00  buf=21/34414 (0.06%)  elapsed=835s
[inde/vdn/obs/s0] ep=800/2000  eps=0.65  recent_success=0.00  buf=21/39414 (0.05%)  elapsed=975s
[inde/vdn/obs/s0] ep=900/2000  eps=0.61  recent_success=0.00  buf=21/44414 (0.05%)  elapsed=1115s
[inde/vdn/obs/s0] ep=1000/2000  eps=0.56  recent_success=0.00  buf=21/49414 (0.04%)  elapsed=1252s
[inde/vdn/obs/s0] ep=1100/2000  eps=0.52  recent_success=0.01  buf=18/50000 (0.04%)  elapsed=1381s
[inde/vdn/obs/s0] ep=1200/2000  eps=0.48  recent_success=0.01  buf=13/50000 (0.03%)  elapsed=1505s
[inde/vdn/obs/s0] ep=1300/2000  eps=0.43  recent_success=0.01  buf=10/50000 (0.02%)  elapsed=1633s
[inde/vdn/obs/s0] ep=1400/2000  eps=0.39  recent_success=0.01  buf=7/50000 (0.01%)  elapsed=1762s
[inde/vdn/obs/s0] ep=1500/2000  eps=0.34  recent_success=0.00  buf=5/50000 (0.01%)  elapsed=1896s
[inde/vdn/obs/s0] ep=1600/2000  eps=0.30  recent_success=0.00  buf=4/50000 (0.01%)  elapsed=2025s
[inde/vdn/obs/s0] ep=1700/2000  eps=0.30  recent_success=0.00  buf=4/50000 (0.01%)  elapsed=2155s
[inde/vdn/obs/s0] ep=1800/2000  eps=0.30  recent_success=0.00  buf=4/50000 (0.01%)  elapsed=2285s
[inde/vdn/obs/s0] ep=1900/2000  eps=0.30  recent_success=0.00  buf=4/50000 (0.01%)  elapsed=2420s
[inde/vdn/obs/s0] ep=2000/2000  eps=0.30  recent_success=0.00  buf=4/50000 (0.01%)  elapsed=2550s
DONE -> results/lbf_vdn_independent_na_s0.npz
