# /home/jwozniak/MARL/.venv/bin/python3 long_run.py --exploration independent --mixer qmix --similarity obs --env lbf --episodes 3000 --seed 0 --out results/lbf_qmix_independent_na_s0.npz --save-every 100 --parameter-sharing --balanced-buffer
/home/jwozniak/MARL/.venv/lib/python3.12/site-packages/gymnasium/utils/passive_env_checker.py:244: UserWarning: [33mWARN: The reward returned by `step()` must be a float, int, np.integer or np.floating, actual type: <class 'list'>[0m
  logger.warn(
[inde/qmix/obs/s0] ep=100/3000  eps=0.97  recent_success=0.04  buf=4/4865 (0.08%)  elapsed=25s
[inde/qmix/obs/s0] ep=200/3000  eps=0.94  recent_success=0.00  buf=4/9865 (0.04%)  elapsed=59s
[inde/qmix/obs/s0] ep=300/3000  eps=0.91  recent_success=0.04  buf=8/14766 (0.05%)  elapsed=93s
[inde/qmix/obs/s0] ep=400/3000  eps=0.88  recent_success=0.03  buf=11/19723 (0.06%)  elapsed=128s
[inde/qmix/obs/s0] ep=500/3000  eps=0.85  recent_success=0.01  buf=12/24715 (0.05%)  elapsed=163s
[inde/qmix/obs/s0] ep=600/3000  eps=0.83  recent_success=0.00  buf=12/29715 (0.04%)  elapsed=199s
[inde/qmix/obs/s0] ep=700/3000  eps=0.80  recent_success=0.00  buf=12/34715 (0.03%)  elapsed=234s
[inde/qmix/obs/s0] ep=800/3000  eps=0.77  recent_success=0.01  buf=13/39702 (0.03%)  elapsed=269s
[inde/qmix/obs/s0] ep=900/3000  eps=0.74  recent_success=0.01  buf=14/44653 (0.03%)  elapsed=305s
[inde/qmix/obs/s0] ep=1000/3000  eps=0.71  recent_success=0.01  buf=15/49652 (0.03%)  elapsed=340s
[inde/qmix/obs/s0] ep=1100/3000  eps=0.68  recent_success=0.00  buf=15/50000 (0.03%)  elapsed=375s
[inde/qmix/obs/s0] ep=1200/3000  eps=0.65  recent_success=0.02  buf=17/50000 (0.03%)  elapsed=411s
[inde/qmix/obs/s0] ep=1300/3000  eps=0.62  recent_success=0.00  buf=17/50000 (0.03%)  elapsed=447s
[inde/qmix/obs/s0] ep=1400/3000  eps=0.59  recent_success=0.01  buf=18/50000 (0.04%)  elapsed=482s
[inde/qmix/obs/s0] ep=1500/3000  eps=0.56  recent_success=0.01  buf=19/50000 (0.04%)  elapsed=518s
[inde/qmix/obs/s0] ep=1600/3000  eps=0.53  recent_success=0.00  buf=19/50000 (0.04%)  elapsed=553s
[inde/qmix/obs/s0] ep=1700/3000  eps=0.50  recent_success=0.00  buf=19/50000 (0.04%)  elapsed=589s
[inde/qmix/obs/s0] ep=1800/3000  eps=0.48  recent_success=0.00  buf=19/50000 (0.04%)  elapsed=625s
[inde/qmix/obs/s0] ep=1900/3000  eps=0.45  recent_success=0.01  buf=20/50000 (0.04%)  elapsed=660s
[inde/qmix/obs/s0] ep=2000/3000  eps=0.42  recent_success=0.01  buf=21/50000 (0.04%)  elapsed=695s
[inde/qmix/obs/s0] ep=2100/3000  eps=0.39  recent_success=0.00  buf=21/50000 (0.04%)  elapsed=731s
[inde/qmix/obs/s0] ep=2200/3000  eps=0.36  recent_success=0.01  buf=22/50000 (0.04%)  elapsed=766s
[inde/qmix/obs/s0] ep=2300/3000  eps=0.33  recent_success=0.00  buf=22/50000 (0.04%)  elapsed=801s
[inde/qmix/obs/s0] ep=2400/3000  eps=0.30  recent_success=0.00  buf=22/50000 (0.04%)  elapsed=836s
[inde/qmix/obs/s0] ep=2500/3000  eps=0.30  recent_success=0.00  buf=22/50000 (0.04%)  elapsed=872s
[inde/qmix/obs/s0] ep=2600/3000  eps=0.30  recent_success=0.00  buf=22/50000 (0.04%)  elapsed=907s
[inde/qmix/obs/s0] ep=2700/3000  eps=0.30  recent_success=0.00  buf=22/50000 (0.04%)  elapsed=942s
[inde/qmix/obs/s0] ep=2800/3000  eps=0.30  recent_success=0.00  buf=22/50000 (0.04%)  elapsed=977s
[inde/qmix/obs/s0] ep=2900/3000  eps=0.30  recent_success=0.00  buf=22/50000 (0.04%)  elapsed=1012s
[inde/qmix/obs/s0] ep=3000/3000  eps=0.30  recent_success=0.00  buf=22/50000 (0.04%)  elapsed=1048s
DONE -> results/lbf_qmix_independent_na_s0.npz
