# /home/jwozniak/MARL/.venv/bin/python3 long_run.py --exploration correlated --mixer vdn --similarity hidden --env lbf --episodes 3000 --seed 4 --out results/lbf_vdn_correlated_hidden_s4.npz --save-every 100 --parameter-sharing --balanced-buffer
/home/jwozniak/MARL/.venv/lib/python3.12/site-packages/gymnasium/utils/passive_env_checker.py:244: UserWarning: [33mWARN: The reward returned by `step()` must be a float, int, np.integer or np.floating, actual type: <class 'list'>[0m
  logger.warn(
[corr/vdn/hidden/s4] ep=100/3000  eps=0.97  recent_success=0.15  buf=15/4590 (0.33%)  elapsed=23s
[corr/vdn/hidden/s4] ep=200/3000  eps=0.94  recent_success=0.16  buf=31/9236 (0.34%)  elapsed=52s
[corr/vdn/hidden/s4] ep=300/3000  eps=0.91  recent_success=0.15  buf=46/13937 (0.33%)  elapsed=82s
[corr/vdn/hidden/s4] ep=400/3000  eps=0.88  recent_success=0.11  buf=57/18639 (0.31%)  elapsed=112s
[corr/vdn/hidden/s4] ep=500/3000  eps=0.85  recent_success=0.09  buf=66/23402 (0.28%)  elapsed=142s
[corr/vdn/hidden/s4] ep=600/3000  eps=0.83  recent_success=0.03  buf=69/28348 (0.24%)  elapsed=173s
[corr/vdn/hidden/s4] ep=700/3000  eps=0.80  recent_success=0.06  buf=75/33188 (0.23%)  elapsed=204s
[corr/vdn/hidden/s4] ep=800/3000  eps=0.77  recent_success=0.03  buf=78/38146 (0.20%)  elapsed=235s
[corr/vdn/hidden/s4] ep=900/3000  eps=0.74  recent_success=0.02  buf=80/43077 (0.19%)  elapsed=266s
[corr/vdn/hidden/s4] ep=1000/3000  eps=0.71  recent_success=0.00  buf=80/48077 (0.17%)  elapsed=297s
[corr/vdn/hidden/s4] ep=1100/3000  eps=0.68  recent_success=0.02  buf=82/50000 (0.16%)  elapsed=328s
[corr/vdn/hidden/s4] ep=1200/3000  eps=0.65  recent_success=0.00  buf=82/50000 (0.16%)  elapsed=359s
[corr/vdn/hidden/s4] ep=1300/3000  eps=0.62  recent_success=0.00  buf=82/50000 (0.16%)  elapsed=391s
[corr/vdn/hidden/s4] ep=1400/3000  eps=0.59  recent_success=0.02  buf=84/50000 (0.17%)  elapsed=423s
[corr/vdn/hidden/s4] ep=1500/3000  eps=0.56  recent_success=0.00  buf=84/50000 (0.17%)  elapsed=454s
[corr/vdn/hidden/s4] ep=1600/3000  eps=0.53  recent_success=0.01  buf=85/50000 (0.17%)  elapsed=485s
[corr/vdn/hidden/s4] ep=1700/3000  eps=0.50  recent_success=0.01  buf=86/50000 (0.17%)  elapsed=516s
[corr/vdn/hidden/s4] ep=1800/3000  eps=0.48  recent_success=0.00  buf=86/50000 (0.17%)  elapsed=548s
[corr/vdn/hidden/s4] ep=1900/3000  eps=0.45  recent_success=0.00  buf=86/50000 (0.17%)  elapsed=579s
[corr/vdn/hidden/s4] ep=2000/3000  eps=0.42  recent_success=0.00  buf=86/50000 (0.17%)  elapsed=610s
[corr/vdn/hidden/s4] ep=2100/3000  eps=0.39  recent_success=0.00  buf=86/50000 (0.17%)  elapsed=642s
[corr/vdn/hidden/s4] ep=2200/3000  eps=0.36  recent_success=0.01  buf=87/50000 (0.17%)  elapsed=674s
[corr/vdn/hidden/s4] ep=2300/3000  eps=0.33  recent_success=0.01  buf=88/50000 (0.18%)  elapsed=705s
[corr/vdn/hidden/s4] ep=2400/3000  eps=0.30  recent_success=0.01  buf=89/50000 (0.18%)  elapsed=736s
[corr/vdn/hidden/s4] ep=2500/3000  eps=0.30  recent_success=0.01  buf=90/50000 (0.18%)  elapsed=766s
[corr/vdn/hidden/s4] ep=2600/3000  eps=0.30  recent_success=0.00  buf=90/50000 (0.18%)  elapsed=797s
[corr/vdn/hidden/s4] ep=2700/3000  eps=0.30  recent_success=0.00  buf=90/50000 (0.18%)  elapsed=827s
[corr/vdn/hidden/s4] ep=2800/3000  eps=0.30  recent_success=0.02  buf=92/50000 (0.18%)  elapsed=857s
[corr/vdn/hidden/s4] ep=2900/3000  eps=0.30  recent_success=0.01  buf=93/50000 (0.19%)  elapsed=886s
[corr/vdn/hidden/s4] ep=3000/3000  eps=0.30  recent_success=0.00  buf=93/50000 (0.19%)  elapsed=918s
DONE -> results/lbf_vdn_correlated_hidden_s4.npz
