# /home/jwozniak/MARL/.venv/bin/python3 long_run.py --exploration correlated --mixer vdn --similarity hidden --env switches --episodes 2000 --seed 1 --out results/switches_vdn_correlated_hidden_s1.npz --save-every 100
/home/jwozniak/MARL/.venv/lib/python3.12/site-packages/torch/cuda/__init__.py:187: UserWarning: CUDA initialization: The NVIDIA driver on your system is too old (found version 12070). Please update your GPU driver by downloading and installing a new version from the URL: http://www.nvidia.com/Download/index.aspx Alternatively, go to: https://pytorch.org to install a PyTorch version that has been compiled with your version of the CUDA driver. (Triggered internally at /pytorch/c10/cuda/CUDAFunctions.cpp:119.)
  return torch._C._cuda_getDeviceCount() > 0
[corr/vdn/hidden/s1] ep=100/2000  eps=0.96  recent_success=0.02  buf=2/2966 (0.07%)  elapsed=19s
[corr/vdn/hidden/s1] ep=200/2000  eps=0.91  recent_success=0.00  buf=2/5966 (0.03%)  elapsed=74s
[corr/vdn/hidden/s1] ep=300/2000  eps=0.87  recent_success=0.02  buf=4/8958 (0.04%)  elapsed=128s
[corr/vdn/hidden/s1] ep=400/2000  eps=0.83  recent_success=0.14  buf=18/11828 (0.15%)  elapsed=182s
[corr/vdn/hidden/s1] ep=500/2000  eps=0.78  recent_success=0.21  buf=39/14552 (0.27%)  elapsed=233s
[corr/vdn/hidden/s1] ep=600/2000  eps=0.74  recent_success=0.43  buf=82/16985 (0.48%)  elapsed=278s
[corr/vdn/hidden/s1] ep=700/2000  eps=0.69  recent_success=0.63  buf=145/19176 (0.76%)  elapsed=318s
[corr/vdn/hidden/s1] ep=800/2000  eps=0.65  recent_success=0.78  buf=223/21073 (1.06%)  elapsed=353s
[corr/vdn/hidden/s1] ep=900/2000  eps=0.61  recent_success=0.84  buf=307/22977 (1.34%)  elapsed=387s
[corr/vdn/hidden/s1] ep=1000/2000  eps=0.56  recent_success=0.85  buf=392/24704 (1.59%)  elapsed=419s
[corr/vdn/hidden/s1] ep=1100/2000  eps=0.52  recent_success=0.95  buf=487/26003 (1.87%)  elapsed=443s
[corr/vdn/hidden/s1] ep=1200/2000  eps=0.48  recent_success=0.88  buf=575/27621 (2.08%)  elapsed=473s
[corr/vdn/hidden/s1] ep=1300/2000  eps=0.43  recent_success=0.78  buf=653/29319 (2.23%)  elapsed=503s
[corr/vdn/hidden/s1] ep=1400/2000  eps=0.39  recent_success=0.73  buf=726/31174 (2.33%)  elapsed=537s
[corr/vdn/hidden/s1] ep=1500/2000  eps=0.34  recent_success=0.62  buf=788/33195 (2.37%)  elapsed=574s
[corr/vdn/hidden/s1] ep=1600/2000  eps=0.30  recent_success=0.64  buf=852/35020 (2.43%)  elapsed=607s
[corr/vdn/hidden/s1] ep=1700/2000  eps=0.30  recent_success=0.74  buf=926/36774 (2.52%)  elapsed=640s
[corr/vdn/hidden/s1] ep=1800/2000  eps=0.30  recent_success=0.70  buf=996/38421 (2.59%)  elapsed=670s
[corr/vdn/hidden/s1] ep=1900/2000  eps=0.30  recent_success=0.85  buf=1081/39847 (2.71%)  elapsed=696s
[corr/vdn/hidden/s1] ep=2000/2000  eps=0.30  recent_success=0.80  buf=1161/41284 (2.81%)  elapsed=718s
DONE -> results/switches_vdn_correlated_hidden_s1.npz
