=== Job info ===
Job ID:    201193
Node:      asusgpu1
Date:      Sat Jun 20 07:44:41 PM CEST 2026
Sat Jun 20 19:44:41 2026       
+-----------------------------------------------------------------------------------------+
| NVIDIA-SMI 565.57.01              Driver Version: 565.57.01      CUDA Version: 12.7     |
|-----------------------------------------+------------------------+----------------------+
| GPU  Name                 Persistence-M | Bus-Id          Disp.A | Volatile Uncorr. ECC |
| Fan  Temp   Perf          Pwr:Usage/Cap |           Memory-Usage | GPU-Util  Compute M. |
|                                         |                        |               MIG M. |
|=========================================+========================+======================|
|   0  NVIDIA TITAN V                 On  |   00000000:04:00.0 Off |                  N/A |
| 33%   43C    P8             28W /  250W |       1MiB /  12288MiB |      0%      Default |
|                                         |                        |                  N/A |
+-----------------------------------------+------------------------+----------------------+
                                                                                         
+-----------------------------------------------------------------------------------------+
| Processes:                                                                              |
|  GPU   GI   CI        PID   Type   Process name                              GPU Memory |
|        ID   ID                                                               Usage      |
|=========================================================================================|
|  No running processes found                                                             |
+-----------------------------------------------------------------------------------------+
================
jax devices: [CudaDevice(id=0)]
backend: gpu
=== SMAX 2s3z grid ===
Planned 40 jobs (concurrency=2):
  smax_2s3z_vdn_independent_na_s0
  smax_2s3z_vdn_independent_na_s1
  smax_2s3z_vdn_independent_na_s2
  smax_2s3z_vdn_independent_na_s3
  smax_2s3z_vdn_independent_na_s4
  smax_2s3z_vdn_correlated_obs_s0
  smax_2s3z_vdn_correlated_q_values_s0
  smax_2s3z_vdn_correlated_hidden_s0
  smax_2s3z_vdn_correlated_obs_s1
  smax_2s3z_vdn_correlated_q_values_s1
  smax_2s3z_vdn_correlated_hidden_s1
  smax_2s3z_vdn_correlated_obs_s2
  smax_2s3z_vdn_correlated_q_values_s2
  smax_2s3z_vdn_correlated_hidden_s2
  smax_2s3z_vdn_correlated_obs_s3
  smax_2s3z_vdn_correlated_q_values_s3
  smax_2s3z_vdn_correlated_hidden_s3
  smax_2s3z_vdn_correlated_obs_s4
  smax_2s3z_vdn_correlated_q_values_s4
  smax_2s3z_vdn_correlated_hidden_s4
  smax_2s3z_qmix_independent_na_s0
  smax_2s3z_qmix_independent_na_s1
  smax_2s3z_qmix_independent_na_s2
  smax_2s3z_qmix_independent_na_s3
  smax_2s3z_qmix_independent_na_s4
  smax_2s3z_qmix_correlated_obs_s0
  smax_2s3z_qmix_correlated_q_values_s0
  smax_2s3z_qmix_correlated_hidden_s0
  smax_2s3z_qmix_correlated_obs_s1
  smax_2s3z_qmix_correlated_q_values_s1
  smax_2s3z_qmix_correlated_hidden_s1
  smax_2s3z_qmix_correlated_obs_s2
  smax_2s3z_qmix_correlated_q_values_s2
  smax_2s3z_qmix_correlated_hidden_s2
  smax_2s3z_qmix_correlated_obs_s3
  smax_2s3z_qmix_correlated_q_values_s3
  smax_2s3z_qmix_correlated_hidden_s3
  smax_2s3z_qmix_correlated_obs_s4
  smax_2s3z_qmix_correlated_q_values_s4
  smax_2s3z_qmix_correlated_hidden_s4
[1/40] smax_2s3z_vdn_independent_na_s0  status=ok  (577s)  total_elapsed=577s
[2/40] smax_2s3z_vdn_independent_na_s1  status=ok  (621s)  total_elapsed=621s
[3/40] smax_2s3z_vdn_independent_na_s2  status=ok  (609s)  total_elapsed=1185s
[4/40] smax_2s3z_vdn_independent_na_s3  status=ok  (599s)  total_elapsed=1220s
[5/40] smax_2s3z_vdn_independent_na_s4  status=ok  (614s)  total_elapsed=1800s
[6/40] smax_2s3z_vdn_correlated_obs_s0  status=ok  (620s)  total_elapsed=1840s
[7/40] smax_2s3z_vdn_correlated_q_values_s0  status=ok  (654s)  total_elapsed=2454s
[8/40] smax_2s3z_vdn_correlated_hidden_s0  status=ok  (677s)  total_elapsed=2516s
[9/40] smax_2s3z_vdn_correlated_obs_s1  status=ok  (654s)  total_elapsed=3108s
[10/40] smax_2s3z_vdn_correlated_q_values_s1  status=ok  (710s)  total_elapsed=3226s
[11/40] smax_2s3z_vdn_correlated_hidden_s1  status=ok  (632s)  total_elapsed=3740s
[12/40] smax_2s3z_vdn_correlated_obs_s2  status=ok  (693s)  total_elapsed=3919s
[13/40] smax_2s3z_vdn_correlated_q_values_s2  status=ok  (650s)  total_elapsed=4390s
[14/40] smax_2s3z_vdn_correlated_hidden_s2  status=ok  (687s)  total_elapsed=4606s
[15/40] smax_2s3z_vdn_correlated_obs_s3  status=ok  (665s)  total_elapsed=5055s
[16/40] smax_2s3z_vdn_correlated_q_values_s3  status=ok  (706s)  total_elapsed=5312s
[17/40] smax_2s3z_vdn_correlated_hidden_s3  status=ok  (646s)  total_elapsed=5701s
[18/40] smax_2s3z_vdn_correlated_obs_s4  status=ok  (672s)  total_elapsed=5984s
[19/40] smax_2s3z_vdn_correlated_q_values_s4  status=ok  (707s)  total_elapsed=6408s
[20/40] smax_2s3z_vdn_correlated_hidden_s4  status=ok  (650s)  total_elapsed=6634s
[21/40] smax_2s3z_qmix_independent_na_s0  status=ok  (806s)  total_elapsed=7214s
[22/40] smax_2s3z_qmix_independent_na_s1  status=ok  (816s)  total_elapsed=7450s
[23/40] smax_2s3z_qmix_independent_na_s2  status=ok  (756s)  total_elapsed=7970s
[24/40] smax_2s3z_qmix_independent_na_s3  status=ok  (820s)  total_elapsed=8270s
[25/40] smax_2s3z_qmix_independent_na_s4  status=ok  (806s)  total_elapsed=8777s
[26/40] smax_2s3z_qmix_correlated_obs_s0  status=ok  (826s)  total_elapsed=9096s
[27/40] smax_2s3z_qmix_correlated_q_values_s0  status=ok  (830s)  total_elapsed=9606s
[28/40] smax_2s3z_qmix_correlated_hidden_s0  status=ok  (807s)  total_elapsed=9903s
[29/40] smax_2s3z_qmix_correlated_obs_s1  status=ok  (810s)  total_elapsed=10417s
[30/40] smax_2s3z_qmix_correlated_q_values_s1  status=ok  (794s)  total_elapsed=10697s
[31/40] smax_2s3z_qmix_correlated_hidden_s1  status=ok  (778s)  total_elapsed=11195s
[32/40] smax_2s3z_qmix_correlated_obs_s2  status=ok  (812s)  total_elapsed=11509s
[33/40] smax_2s3z_qmix_correlated_q_values_s2  status=ok  (784s)  total_elapsed=11979s
[34/40] smax_2s3z_qmix_correlated_hidden_s2  status=ok  (816s)  total_elapsed=12325s
[35/40] smax_2s3z_qmix_correlated_obs_s3  status=ok  (783s)  total_elapsed=12762s
[36/40] smax_2s3z_qmix_correlated_q_values_s3  status=ok  (819s)  total_elapsed=13144s
[37/40] smax_2s3z_qmix_correlated_hidden_s3  status=ok  (816s)  total_elapsed=13577s
[38/40] smax_2s3z_qmix_correlated_obs_s4  status=ok  (841s)  total_elapsed=13985s
[39/40] smax_2s3z_qmix_correlated_q_values_s4  status=ok  (840s)  total_elapsed=14417s
[40/40] smax_2s3z_qmix_correlated_hidden_s4  status=ok  (739s)  total_elapsed=14724s
All done in 14724s.
=== All done at Sat Jun 20 11:50:08 PM CEST 2026 ===
total 28904
drwxrwx---  2 jwozniak jwozniak   4096 Jun 20 23:50 .
drwxrwx--- 18 jwozniak jwozniak   4096 Jun 20 19:29 ..
-rw-rw----  1 jwozniak jwozniak 718398 Jun 20 22:29 smax_2s3z_qmix_correlated_hidden_s0.npz
-rw-rw----  1 jwozniak jwozniak 722790 Jun 20 22:51 smax_2s3z_qmix_correlated_hidden_s1.npz
-rw-rw----  1 jwozniak jwozniak 730086 Jun 20 23:10 smax_2s3z_qmix_correlated_hidden_s2.npz
-rw-rw----  1 jwozniak jwozniak 730038 Jun 20 23:31 smax_2s3z_qmix_correlated_hidden_s3.npz
-rw-rw----  1 jwozniak jwozniak 711406 Jun 20 23:50 smax_2s3z_qmix_correlated_hidden_s4.npz
-rw-rw----  1 jwozniak jwozniak 733194 Jun 20 22:16 smax_2s3z_qmix_correlated_obs_s0.npz
-rw-rw----  1 jwozniak jwozniak 723538 Jun 20 22:38 smax_2s3z_qmix_correlated_obs_s1.npz
-rw-rw----  1 jwozniak jwozniak 717858 Jun 20 22:56 smax_2s3z_qmix_correlated_obs_s2.npz
-rw-rw----  1 jwozniak jwozniak 727466 Jun 20 23:17 smax_2s3z_qmix_correlated_obs_s3.npz
-rw-rw----  1 jwozniak jwozniak 711034 Jun 20 23:37 smax_2s3z_qmix_correlated_obs_s4.npz
-rw-rw----  1 jwozniak jwozniak 729742 Jun 20 22:24 smax_2s3z_qmix_correlated_q_values_s0.npz
-rw-rw----  1 jwozniak jwozniak 735334 Jun 20 22:42 smax_2s3z_qmix_correlated_q_values_s1.npz
-rw-rw----  1 jwozniak jwozniak 716622 Jun 20 23:04 smax_2s3z_qmix_correlated_q_values_s2.npz
-rw-rw----  1 jwozniak jwozniak 729030 Jun 20 23:23 smax_2s3z_qmix_correlated_q_values_s3.npz
-rw-rw----  1 jwozniak jwozniak 729206 Jun 20 23:44 smax_2s3z_qmix_correlated_q_values_s4.npz
-rw-rw----  1 jwozniak jwozniak 731542 Jun 20 21:44 smax_2s3z_qmix_independent_na_s0.npz
-rw-rw----  1 jwozniak jwozniak 725734 Jun 20 21:48 smax_2s3z_qmix_independent_na_s1.npz
-rw-rw----  1 jwozniak jwozniak 699014 Jun 20 21:57 smax_2s3z_qmix_independent_na_s2.npz
-rw-rw----  1 jwozniak jwozniak 717358 Jun 20 22:02 smax_2s3z_qmix_independent_na_s3.npz
-rw-rw----  1 jwozniak jwozniak 714254 Jun 20 22:10 smax_2s3z_qmix_independent_na_s4.npz
-rw-rw----  1 jwozniak jwozniak 749186 Jun 20 20:26 smax_2s3z_vdn_correlated_hidden_s0.npz
-rw-rw----  1 jwozniak jwozniak 755762 Jun 20 20:47 smax_2s3z_vdn_correlated_hidden_s1.npz
-rw-rw----  1 jwozniak jwozniak 750970 Jun 20 21:01 smax_2s3z_vdn_correlated_hidden_s2.npz
-rw-rw----  1 jwozniak jwozniak 753634 Jun 20 21:19 smax_2s3z_vdn_correlated_hidden_s3.npz
-rw-rw----  1 jwozniak jwozniak 754018 Jun 20 21:35 smax_2s3z_vdn_correlated_hidden_s4.npz
-rw-rw----  1 jwozniak jwozniak 751366 Jun 20 20:15 smax_2s3z_vdn_correlated_obs_s0.npz
-rw-rw----  1 jwozniak jwozniak 753718 Jun 20 20:36 smax_2s3z_vdn_correlated_obs_s1.npz
-rw-rw----  1 jwozniak jwozniak 754526 Jun 20 20:50 smax_2s3z_vdn_correlated_obs_s2.npz
-rw-rw----  1 jwozniak jwozniak 750742 Jun 20 21:08 smax_2s3z_vdn_correlated_obs_s3.npz
-rw-rw----  1 jwozniak jwozniak 754654 Jun 20 21:24 smax_2s3z_vdn_correlated_obs_s4.npz
-rw-rw----  1 jwozniak jwozniak 749354 Jun 20 20:25 smax_2s3z_vdn_correlated_q_values_s0.npz
-rw-rw----  1 jwozniak jwozniak 754570 Jun 20 20:38 smax_2s3z_vdn_correlated_q_values_s1.npz
-rw-rw----  1 jwozniak jwozniak 753290 Jun 20 20:57 smax_2s3z_vdn_correlated_q_values_s2.npz
-rw-rw----  1 jwozniak jwozniak 754218 Jun 20 21:13 smax_2s3z_vdn_correlated_q_values_s3.npz
-rw-rw----  1 jwozniak jwozniak 761786 Jun 20 21:31 smax_2s3z_vdn_correlated_q_values_s4.npz
-rw-rw----  1 jwozniak jwozniak 744154 Jun 20 19:54 smax_2s3z_vdn_independent_na_s0.npz
-rw-rw----  1 jwozniak jwozniak 752842 Jun 20 19:55 smax_2s3z_vdn_independent_na_s1.npz
-rw-rw----  1 jwozniak jwozniak 754922 Jun 20 20:04 smax_2s3z_vdn_independent_na_s2.npz
-rw-rw----  1 jwozniak jwozniak 746754 Jun 20 20:05 smax_2s3z_vdn_independent_na_s3.npz
-rw-rw----  1 jwozniak jwozniak 748042 Jun 20 20:14 smax_2s3z_vdn_independent_na_s4.npz
