=== Job info ===
Node: asusgpu4
Thu Jun 11 16:58:47 2026       
+-----------------------------------------------------------------------------------------+
| NVIDIA-SMI 565.57.01              Driver Version: 565.57.01      CUDA Version: 12.7     |
|-----------------------------------------+------------------------+----------------------+
| GPU  Name                 Persistence-M | Bus-Id          Disp.A | Volatile Uncorr. ECC |
| Fan  Temp   Perf          Pwr:Usage/Cap |           Memory-Usage | GPU-Util  Compute M. |
|                                         |                        |               MIG M. |
|=========================================+========================+======================|
|   0  NVIDIA TITAN V                 On  |   00000000:07:00.0 Off |                  N/A |
| 28%   36C    P8             25W /  250W |       1MiB /  12288MiB |      0%      Default |
|                                         |                        |                  N/A |
+-----------------------------------------+------------------------+----------------------+
                                                                                         
+-----------------------------------------------------------------------------------------+
| Processes:                                                                              |
|  GPU   GI   CI        PID   Type   Process name                              GPU Memory |
|        ID   ID                                                               Usage      |
|=========================================================================================|
|  No running processes found                                                             |
+-----------------------------------------------------------------------------------------+
===
jax devices: [CudaDevice(id=0)]
=== Diagnostic: QMIX + correlated/obs, 2M steps, 8 updates/iter ===
[run] cfg={'seed': 0, 'total_steps': 2000000, 'n_envs': 128, 'buffer_cap': 100000, 'batch_size': 128, 'warmup': 5000, 'updates_per_iter': 8, 'target_sync': 200, 'tau': 0.005, 'gamma': 0.99, 'lr': 0.0001, 'grad_clip': 10.0, 'eps_start': 1.0, 'eps_end': 0.05, 'eps_anneal_steps': 100000, 'hidden_size': 128, 'exploration': 'correlated', 'similarity': 'obs', 'mixer': 'qmix', 'qmix_embed': 32, 'log_corr_every': 2000}
[cfg] n_agents=5  n_actions=10  obs_dim=127  state_dim=120  aug_dim=134
iter=     0  env_steps=        0  eps=1.000  episodes=     0  recent_return=0.00  win=0.00  buf=128
iter=   200  env_steps=    25600  eps=0.757  episodes=   400  recent_return=0.24  win=0.00  buf=25728
iter=   400  env_steps=    51200  eps=0.514  episodes=   852  recent_return=0.25  win=0.00  buf=51328
iter=   600  env_steps=    76800  eps=0.270  episodes=  1290  recent_return=0.19  win=0.00  buf=76928
iter=   800  env_steps=   102400  eps=0.050  episodes=  1707  recent_return=0.06  win=0.00  buf=100000
iter=  1000  env_steps=   128000  eps=0.050  episodes=  2099  recent_return=0.05  win=0.00  buf=100000
iter=  1200  env_steps=   153600  eps=0.050  episodes=  2497  recent_return=0.06  win=0.00  buf=100000
iter=  1400  env_steps=   179200  eps=0.050  episodes=  2897  recent_return=0.08  win=0.00  buf=100000
iter=  1600  env_steps=   204800  eps=0.050  episodes=  3262  recent_return=0.09  win=0.00  buf=100000
iter=  1800  env_steps=   230400  eps=0.050  episodes=  3627  recent_return=0.10  win=0.00  buf=100000
iter=  2000  env_steps=   256000  eps=0.050  episodes=  3983  recent_return=0.16  win=0.00  buf=100000
iter=  2200  env_steps=   281600  eps=0.050  episodes=  4322  recent_return=0.17  win=0.00  buf=100000
iter=  2400  env_steps=   307200  eps=0.050  episodes=  4675  recent_return=0.19  win=0.00  buf=100000
iter=  2600  env_steps=   332800  eps=0.050  episodes=  5004  recent_return=0.16  win=0.00  buf=100000
iter=  2800  env_steps=   358400  eps=0.050  episodes=  5355  recent_return=0.18  win=0.00  buf=100000
iter=  3000  env_steps=   384000  eps=0.050  episodes=  5707  recent_return=0.21  win=0.00  buf=100000
iter=  3200  env_steps=   409600  eps=0.050  episodes=  6045  recent_return=0.22  win=0.00  buf=100000
iter=  3400  env_steps=   435200  eps=0.050  episodes=  6379  recent_return=0.21  win=0.00  buf=100000
iter=  3600  env_steps=   460800  eps=0.050  episodes=  6735  recent_return=0.21  win=0.00  buf=100000
iter=  3800  env_steps=   486400  eps=0.050  episodes=  7095  recent_return=0.20  win=0.00  buf=100000
iter=  4000  env_steps=   512000  eps=0.050  episodes=  7450  recent_return=0.19  win=0.00  buf=100000
iter=  4200  env_steps=   537600  eps=0.050  episodes=  7767  recent_return=0.19  win=0.00  buf=100000
iter=  4400  env_steps=   563200  eps=0.050  episodes=  8090  recent_return=0.18  win=0.00  buf=100000
iter=  4600  env_steps=   588800  eps=0.050  episodes=  8409  recent_return=0.20  win=0.00  buf=100000
iter=  4800  env_steps=   614400  eps=0.050  episodes=  8733  recent_return=0.24  win=0.00  buf=100000
iter=  5000  env_steps=   640000  eps=0.050  episodes=  9074  recent_return=0.24  win=0.00  buf=100000
iter=  5200  env_steps=   665600  eps=0.050  episodes=  9425  recent_return=0.29  win=0.01  buf=100000
iter=  5400  env_steps=   691200  eps=0.050  episodes=  9781  recent_return=0.34  win=0.01  buf=100000
iter=  5600  env_steps=   716800  eps=0.050  episodes= 10125  recent_return=0.40  win=0.07  buf=100000
iter=  5800  env_steps=   742400  eps=0.050  episodes= 10476  recent_return=0.43  win=0.17  buf=100000
iter=  6000  env_steps=   768000  eps=0.050  episodes= 10818  recent_return=0.45  win=0.28  buf=100000
iter=  6200  env_steps=   793600  eps=0.050  episodes= 11188  recent_return=0.49  win=0.45  buf=100000
iter=  6400  env_steps=   819200  eps=0.050  episodes= 11564  recent_return=0.57  win=0.80  buf=100000
iter=  6600  env_steps=   844800  eps=0.050  episodes= 11930  recent_return=0.69  win=0.99  buf=100000
iter=  6800  env_steps=   870400  eps=0.050  episodes= 12316  recent_return=0.71  win=0.98  buf=100000
iter=  7000  env_steps=   896000  eps=0.050  episodes= 12709  recent_return=0.72  win=1.00  buf=100000
iter=  7200  env_steps=   921600  eps=0.050  episodes= 13101  recent_return=0.79  win=1.00  buf=100000
iter=  7400  env_steps=   947200  eps=0.050  episodes= 13470  recent_return=0.84  win=1.00  buf=100000
iter=  7600  env_steps=   972800  eps=0.050  episodes= 13832  recent_return=0.87  win=0.99  buf=100000
iter=  7800  env_steps=   998400  eps=0.050  episodes= 14195  recent_return=0.80  win=0.99  buf=100000
iter=  8000  env_steps=  1024000  eps=0.050  episodes= 14552  recent_return=0.80  win=0.97  buf=100000
iter=  8200  env_steps=  1049600  eps=0.050  episodes= 14897  recent_return=0.98  win=0.97  buf=100000
iter=  8400  env_steps=  1075200  eps=0.050  episodes= 15225  recent_return=1.12  win=1.00  buf=100000
iter=  8600  env_steps=  1100800  eps=0.050  episodes= 15558  recent_return=1.18  win=1.00  buf=100000
iter=  8800  env_steps=  1126400  eps=0.050  episodes= 15883  recent_return=1.34  win=1.00  buf=100000
iter=  9000  env_steps=  1152000  eps=0.050  episodes= 16210  recent_return=1.33  win=1.00  buf=100000
iter=  9200  env_steps=  1177600  eps=0.050  episodes= 16552  recent_return=1.22  win=1.00  buf=100000
iter=  9400  env_steps=  1203200  eps=0.050  episodes= 16894  recent_return=1.36  win=1.00  buf=100000
iter=  9600  env_steps=  1228800  eps=0.050  episodes= 17236  recent_return=1.35  win=1.00  buf=100000
iter=  9800  env_steps=  1254400  eps=0.050  episodes= 17582  recent_return=1.30  win=1.00  buf=100000
iter= 10000  env_steps=  1280000  eps=0.050  episodes= 17932  recent_return=1.14  win=0.96  buf=100000
iter= 10200  env_steps=  1305600  eps=0.050  episodes= 18284  recent_return=1.24  win=0.99  buf=100000
iter= 10400  env_steps=  1331200  eps=0.050  episodes= 18633  recent_return=1.32  win=0.99  buf=100000
iter= 10600  env_steps=  1356800  eps=0.050  episodes= 18964  recent_return=1.22  win=0.99  buf=100000
iter= 10800  env_steps=  1382400  eps=0.050  episodes= 19314  recent_return=1.41  win=0.98  buf=100000
iter= 11000  env_steps=  1408000  eps=0.050  episodes= 19661  recent_return=1.41  win=0.99  buf=100000
iter= 11200  env_steps=  1433600  eps=0.050  episodes= 20023  recent_return=1.44  win=0.96  buf=100000
iter= 11400  env_steps=  1459200  eps=0.050  episodes= 20381  recent_return=1.50  win=0.98  buf=100000
iter= 11600  env_steps=  1484800  eps=0.050  episodes= 20735  recent_return=1.59  win=0.97  buf=100000
iter= 11800  env_steps=  1510400  eps=0.050  episodes= 21089  recent_return=1.48  win=0.98  buf=100000
iter= 12000  env_steps=  1536000  eps=0.050  episodes= 21449  recent_return=1.59  win=0.97  buf=100000
iter= 12200  env_steps=  1561600  eps=0.050  episodes= 21814  recent_return=1.63  win=1.00  buf=100000
iter= 12400  env_steps=  1587200  eps=0.050  episodes= 22178  recent_return=1.69  win=1.00  buf=100000
iter= 12600  env_steps=  1612800  eps=0.050  episodes= 22556  recent_return=1.79  win=0.99  buf=100000
iter= 12800  env_steps=  1638400  eps=0.050  episodes= 22940  recent_return=1.81  win=0.99  buf=100000
iter= 13000  env_steps=  1664000  eps=0.050  episodes= 23312  recent_return=1.80  win=1.00  buf=100000
iter= 13200  env_steps=  1689600  eps=0.050  episodes= 23693  recent_return=1.88  win=0.99  buf=100000
iter= 13400  env_steps=  1715200  eps=0.050  episodes= 24084  recent_return=1.88  win=1.00  buf=100000
iter= 13600  env_steps=  1740800  eps=0.050  episodes= 24475  recent_return=1.91  win=1.00  buf=100000
iter= 13800  env_steps=  1766400  eps=0.050  episodes= 24885  recent_return=1.91  win=1.00  buf=100000
iter= 14000  env_steps=  1792000  eps=0.050  episodes= 25275  recent_return=1.91  win=1.00  buf=100000
iter= 14200  env_steps=  1817600  eps=0.050  episodes= 25662  recent_return=1.96  win=1.00  buf=100000
iter= 14400  env_steps=  1843200  eps=0.050  episodes= 26057  recent_return=1.99  win=1.00  buf=100000
iter= 14600  env_steps=  1868800  eps=0.050  episodes= 26448  recent_return=1.96  win=1.00  buf=100000
iter= 14800  env_steps=  1894400  eps=0.050  episodes= 26855  recent_return=1.98  win=1.00  buf=100000
iter= 15000  env_steps=  1920000  eps=0.050  episodes= 27268  recent_return=1.96  win=1.00  buf=100000
iter= 15200  env_steps=  1945600  eps=0.050  episodes= 27680  recent_return=1.97  win=1.00  buf=100000
iter= 15400  env_steps=  1971200  eps=0.050  episodes= 28097  recent_return=1.99  win=1.00  buf=100000
iter= 15600  env_steps=  1996800  eps=0.050  episodes= 28512  recent_return=1.97  win=1.00  buf=100000
[run] 2000000 env-steps in 570s => 3510 env-steps/sec
[run] saved -> results_smax_diag/diag_qmix_corr_obs.npz
=== Diagnostic done ===
